SF:lib/core/utils/version_comparator.dart
DA:11,2
DA:12,2
DA:13,2
DA:14,6
DA:15,0
DA:16,2
DA:18,4
DA:19,6
DA:20,6
DA:21,2
DA:22,4
DA:28,2
DA:29,10
DA:31,2
DA:32,8
DA:33,2
LF:16
LH:15
end_of_record
SF:lib/core/services/data/local_time_service.dart
DA:5,4
DA:6,2
DA:9,4
DA:11,28
DA:13,1
DA:15,4
DA:17,1
DA:19,3
DA:21,1
DA:22,2
DA:23,4
DA:25,4
LF:12
LH:12
end_of_record
SF:lib/features/auth/data/services/errors/firebase_sign_in_error.dart
DA:9,1
DA:10,3
DA:14,1
DA:16,1
DA:17,0
DA:18,0
DA:20,1
DA:21,1
DA:22,2
DA:24,1
DA:25,0
DA:26,0
DA:28,1
DA:29,0
DA:30,0
DA:32,1
DA:33,0
DA:34,0
DA:36,1
DA:37,1
DA:38,2
DA:40,0
DA:41,0
DA:42,0
DA:44,0
DA:45,0
DA:46,0
DA:48,0
DA:49,0
DA:50,0
DA:53,0
LF:31
LH:13
end_of_record
SF:lib/features/auth/data/services/firebase_auth_service.dart
DA:14,1
DA:19,0
DA:20,0
DA:21,1
DA:22,1
DA:28,1
DA:31,1
DA:32,0
DA:33,0
DA:37,1
DA:40,2
DA:43,1
DA:46,1
DA:47,1
DA:50,2
DA:51,3
DA:53,1
DA:54,2
DA:55,2
DA:56,2
DA:58,1
DA:59,2
DA:64,1
DA:67,2
DA:68,2
DA:69,1
DA:70,1
DA:71,2
DA:72,2
DA:73,2
DA:75,1
DA:76,2
DA:77,1
DA:81,1
DA:83,5
LF:35
LH:31
end_of_record
SF:lib/features/auth/domain/models/app_user.dart
DA:2,8
DA:13,0
DA:15,0
LF:3
LH:1
end_of_record
SF:lib/features/services/domain/models/service_type.dart
DA:7,7
DA:15,1
DA:16,1
DA:17,1
DA:18,1
DA:19,2
DA:20,2
DA:21,1
DA:25,0
DA:26,0
DA:33,1
DA:34,1
DA:35,1
DA:36,1
DA:37,1
DA:38,1
DA:42,0
DA:44,5
DA:51,5
DA:52,3
DA:53,2
DA:54,5
DA:55,5
DA:56,5
DA:60,4
DA:61,24
LF:26
LH:23
end_of_record
SF:lib/features/services/data/repositories/models/firebase_service_model.dart
DA:9,5
DA:22,1
DA:23,1
DA:24,1
DA:25,1
DA:26,2
DA:27,2
DA:28,1
DA:29,1
DA:30,1
DA:31,1
DA:32,1
DA:33,2
DA:34,1
DA:38,0
DA:39,0
DA:41,1
DA:42,1
DA:43,1
DA:44,1
DA:45,1
DA:46,1
DA:47,1
DA:48,1
DA:49,1
DA:50,1
DA:51,1
DA:52,1
DA:55,1
DA:56,1
DA:57,1
DA:58,1
DA:59,1
DA:60,2
DA:61,1
DA:62,1
DA:63,1
DA:64,2
DA:65,1
DA:69,0
DA:71,5
DA:84,5
DA:85,5
DA:86,5
DA:87,5
DA:88,5
DA:89,5
DA:90,5
DA:91,5
DA:92,5
DA:93,4
DA:94,5
LF:52
LH:49
end_of_record
SF:lib/features/services/domain/models/service.dart
DA:7,5
DA:19,1
DA:20,6
DA:36,10
DA:38,8
DA:40,1
DA:52,1
DA:53,1
DA:54,1
DA:55,1
DA:56,1
DA:57,1
DA:58,1
DA:59,1
DA:60,1
DA:61,1
DA:62,1
DA:66,4
DA:67,4
DA:68,4
DA:69,4
DA:70,4
DA:71,4
DA:72,4
DA:73,4
DA:74,4
DA:75,4
DA:76,4
DA:77,4
LF:29
LH:29
end_of_record
SF:lib/core/extensions/firebase_extensions.dart
DA:6,0
DA:8,0
DA:9,0
DA:10,0
DA:14,0
DA:20,2
DA:22,2
DA:23,4
DA:24,0
DA:28,0
DA:34,1
DA:35,1
DA:36,1
DA:37,1
DA:38,1
DA:39,1
LF:16
LH:9
end_of_record
SF:lib/features/services/data/repositories/firebase_services_repository.dart
DA:12,1
DA:18,1
DA:20,1
DA:23,2
DA:24,1
DA:25,1
DA:27,2
DA:28,4
DA:32,2
DA:33,1
DA:34,2
DA:36,3
DA:39,1
DA:42,1
DA:43,2
DA:44,3
DA:48,1
DA:51,5
DA:53,1
DA:54,2
DA:55,3
DA:59,1
DA:62,2
DA:63,6
DA:65,1
DA:66,2
DA:67,3
DA:71,1
DA:78,1
DA:79,2
DA:80,1
DA:81,1
DA:84,1
DA:87,1
DA:89,3
DA:90,1
DA:91,3
DA:92,1
DA:96,1
DA:97,2
DA:98,3
DA:102,1
DA:105,1
DA:106,2
DA:107,1
DA:110,1
DA:113,2
DA:114,1
DA:116,1
DA:117,2
DA:118,3
DA:122,0
DA:125,0
DA:126,0
DA:127,0
DA:128,0
DA:130,0
DA:132,0
DA:133,0
DA:134,0
DA:136,0
DA:137,0
DA:138,0
LF:63
LH:51
end_of_record
SF:lib/core/environment/environment.dart
DA:11,1
DA:13,0
DA:15,0
DA:16,0
DA:20,0
DA:21,0
DA:23,0
DA:24,0
DA:25,0
DA:26,0
DA:27,0
DA:28,0
DA:29,0
DA:33,0
DA:35,0
DA:36,0
DA:39,0
DA:40,0
DA:41,0
DA:45,0
DA:46,0
DA:47,0
DA:50,0
DA:51,0
DA:52,0
DA:65,0
DA:66,0
DA:68,0
LF:28
LH:1
end_of_record
SF:lib/core/constants/remote_config_keys.dart
DA:13,2
LF:1
LH:1
end_of_record
SF:lib/core/services/data/banner_ad_policy.dart
DA:5,1
DA:9,1
DA:20,1
DA:21,5
DA:23,1
DA:24,1
DA:25,1
LF:7
LH:7
end_of_record
SF:lib/core/services/data/creation_ad_coordinator.dart
DA:17,1
DA:39,1
DA:41,2
DA:43,2
DA:45,2
DA:46,2
DA:49,1
DA:51,1
DA:55,0
DA:59,1
DA:60,2
DA:61,1
DA:64,1
DA:65,2
DA:67,1
DA:68,2
LF:16
LH:15
end_of_record
SF:lib/features/app_update/data/services/remote_config_app_update_service.dart
DA:15,1
DA:25,1
DA:28,2
DA:29,1
DA:36,3
DA:37,2
DA:39,2
DA:40,2
DA:43,2
DA:45,1
DA:46,1
DA:52,1
DA:56,2
DA:61,1
DA:66,2
DA:69,2
DA:75,2
DA:76,0
DA:77,2
LF:19
LH:18
end_of_record
SF:lib/features/app_update/domain/models/app_update_info.dart
DA:4,2
DA:10,5
DA:19,3
DA:20,3
LF:4
LH:4
end_of_record
SF:lib/features/services/data/repositories/firebase_service_type_repository.dart
DA:12,1
DA:19,1
DA:22,1
DA:25,1
DA:26,4
DA:27,2
DA:30,1
DA:31,2
DA:32,3
DA:36,1
DA:39,5
DA:41,1
DA:42,2
DA:43,3
DA:47,1
DA:50,1
DA:51,2
DA:52,1
DA:53,1
DA:55,3
DA:56,1
DA:57,3
DA:58,1
DA:62,1
DA:63,3
DA:67,1
DA:70,1
DA:71,6
DA:73,1
DA:74,3
LF:30
LH:30
end_of_record
SF:lib/core/services/data/admob_interstitial_ad_service.dart
DA:7,0
DA:13,0
DA:15,0
DA:18,0
DA:19,0
DA:20,0
DA:22,0
DA:23,0
DA:24,0
DA:25,0
DA:27,0
DA:28,0
DA:29,0
DA:30,0
DA:36,0
DA:38,0
DA:41,0
DA:45,0
DA:46,0
DA:47,0
DA:48,0
DA:49,0
DA:51,0
DA:52,0
DA:53,0
DA:54,0
DA:55,0
DA:59,0
DA:60,0
LF:29
LH:0
end_of_record
SF:lib/core/services/data/firebase_crashlytics_service.dart
DA:6,0
DA:10,0
DA:12,0
DA:14,0
DA:15,0
DA:18,0
DA:19,0
DA:24,0
DA:26,0
LF:9
LH:0
end_of_record
SF:lib/core/utils/base_notifier.dart
DA:10,3
DA:11,6
DA:12,3
DA:13,6
DA:14,3
DA:20,4
DA:21,4
DA:22,4
DA:23,8
DA:24,8
DA:35,0
DA:36,0
DA:37,0
DA:41,0
DA:42,0
DA:43,0
DA:50,0
DA:51,0
DA:52,0
DA:56,0
DA:57,0
DA:58,0
LF:22
LH:10
end_of_record
SF:lib/core/utils/base_state.dart
DA:4,5
DA:8,0
DA:14,0
DA:15,0
DA:16,0
DA:17,0
DA:18,0
DA:19,0
DA:20,0
DA:22,0
DA:26,0
DA:27,0
DA:28,0
DA:29,0
LF:14
LH:1
end_of_record
SF:lib/features/app_update/presenter/controllers/app_update_controller.dart
DA:19,3
DA:21,1
DA:22,1
DA:24,0
DA:25,0
DA:26,0
DA:28,1
DA:30,2
DA:31,3
DA:32,1
DA:33,0
DA:35,1
DA:42,1
DA:43,2
DA:47,3
DA:48,1
DA:53,1
DA:55,4
DA:61,1
DA:63,2
LF:20
LH:16
end_of_record
SF:lib/features/app_update/presenter/controllers/app_update_controller.g.dart
DA:17,5
DA:18,5
DA:28,1
DA:29,1
DA:31,1
DA:33,1
DA:36,0
DA:37,0
DA:39,0
DA:44,1
DA:49,1
DA:52,1
DA:53,1
DA:55,1
DA:62,1
LF:15
LH:12
end_of_record
SF:lib/injector.g.dart
DA:23,5
DA:24,5
DA:34,0
DA:35,0
DA:37,0
DA:41,0
DA:43,0
DA:45,0
DA:49,0
DA:50,0
DA:52,0
DA:57,0
DA:70,5
DA:71,5
DA:81,0
DA:82,0
DA:84,0
DA:88,0
DA:90,0
DA:92,0
DA:96,0
DA:97,0
DA:99,0
DA:104,0
DA:113,5
DA:114,5
DA:124,0
DA:125,0
DA:127,0
DA:130,0
DA:132,0
DA:134,0
DA:138,1
DA:139,1
DA:141,1
DA:146,0
DA:155,5
DA:156,5
DA:166,0
DA:167,0
DA:169,0
DA:172,0
DA:174,0
DA:176,0
DA:180,2
DA:181,2
DA:183,2
DA:188,0
DA:196,5
DA:197,5
DA:207,0
DA:208,0
DA:210,0
DA:213,0
DA:215,0
DA:217,0
DA:221,4
DA:222,4
DA:224,4
DA:229,0
DA:242,5
DA:243,5
DA:253,0
DA:254,0
DA:256,0
DA:260,0
DA:262,0
DA:264,0
DA:268,4
DA:269,4
DA:271,4
DA:276,0
DA:290,5
DA:291,5
DA:301,0
DA:302,0
DA:304,0
DA:308,0
DA:310,0
DA:312,0
DA:316,1
DA:317,1
DA:319,1
DA:324,0
DA:337,5
DA:338,5
DA:348,0
DA:349,0
DA:351,0
DA:355,0
DA:357,0
DA:359,0
DA:363,4
DA:364,4
DA:366,4
DA:371,0
DA:385,5
DA:386,5
DA:396,0
DA:397,0
DA:399,0
DA:403,0
DA:405,0
DA:407,0
DA:411,0
DA:412,0
DA:414,0
DA:419,0
DA:433,5
DA:434,5
DA:444,0
DA:445,0
DA:447,0
DA:450,0
DA:452,0
DA:454,0
DA:458,1
DA:459,1
DA:461,1
DA:466,0
DA:479,5
DA:480,5
DA:490,0
DA:491,0
DA:493,0
DA:497,0
DA:499,0
DA:501,0
DA:505,2
DA:506,2
DA:508,2
DA:513,0
DA:527,5
DA:528,5
DA:538,0
DA:539,0
DA:541,0
DA:545,0
DA:547,0
DA:549,0
DA:553,0
DA:560,5
DA:561,5
DA:571,0
DA:572,0
DA:574,0
DA:577,0
DA:579,0
DA:581,0
DA:585,0
DA:586,0
DA:588,0
DA:593,0
DA:606,5
DA:607,5
DA:617,0
DA:618,0
DA:620,0
DA:624,0
DA:626,0
DA:628,0
DA:632,0
DA:633,0
DA:635,0
DA:640,0
DA:656,5
DA:657,5
DA:667,2
DA:668,2
DA:670,2
DA:674,2
DA:676,0
DA:678,0
DA:682,2
DA:702,5
DA:703,5
DA:713,0
DA:714,0
DA:716,0
DA:719,0
DA:721,0
DA:723,0
DA:727,0
DA:728,0
DA:730,0
DA:735,0
DA:743,5
DA:744,5
DA:754,0
DA:755,0
DA:757,0
DA:760,0
DA:762,0
DA:764,0
DA:768,2
DA:769,2
DA:771,2
DA:776,0
LF:198
LH:66
end_of_record
SF:lib/injector.dart
DA:33,0
DA:34,0
DA:36,0
DA:38,0
DA:40,0
DA:41,0
DA:43,0
DA:45,0
DA:47,0
DA:48,0
DA:49,0
DA:52,0
DA:53,0
DA:54,0
DA:55,0
DA:58,0
DA:59,0
DA:60,0
DA:61,0
DA:64,0
DA:66,0
DA:67,0
DA:68,0
DA:71,0
DA:73,0
DA:75,0
DA:76,0
DA:77,0
DA:78,0
DA:79,0
DA:82,0
DA:84,0
DA:86,0
DA:88,0
DA:90,0
DA:92,0
DA:94,0
DA:96,0
DA:97,0
DA:99,0
DA:103,0
DA:105,0
DA:106,0
DA:107,0
DA:108,0
DA:109,0
DA:112,0
DA:113,0
DA:114,0
DA:115,0
DA:118,0
DA:119,0
DA:120,0
DA:121,0
DA:122,0
DA:123,0
LF:56
LH:0
end_of_record
SF:lib/features/app_update/presenter/controllers/app_update_state.dart
DA:5,1
DA:13,3
DA:14,3
DA:16,1
DA:22,1
DA:23,0
DA:24,1
DA:25,1
LF:8
LH:7
end_of_record
SF:lib/features/clients/data/repositories/firebase_clients_repository.dart
DA:9,0
DA:17,0
DA:18,0
DA:20,0
DA:21,0
DA:23,0
DA:30,0
DA:31,0
DA:32,0
DA:33,0
DA:34,0
DA:36,0
DA:37,0
DA:40,0
DA:41,0
DA:43,0
DA:44,0
DA:45,0
DA:49,0
DA:52,0
DA:53,0
DA:54,0
DA:55,0
DA:56,0
DA:57,0
DA:58,0
DA:59,0
DA:61,0
DA:62,0
DA:63,0
DA:67,0
DA:70,0
DA:71,0
DA:73,0
DA:74,0
DA:76,0
DA:77,0
DA:78,0
DA:79,0
DA:80,0
DA:81,0
DA:82,0
DA:83,0
DA:90,0
DA:91,0
DA:92,0
DA:96,0
DA:100,0
DA:101,0
DA:103,0
DA:104,0
DA:105,0
DA:107,0
DA:108,0
DA:109,0
DA:110,0
DA:111,0
DA:112,0
DA:113,0
DA:114,0
DA:115,0
DA:117,0
DA:120,0
DA:124,0
DA:127,0
DA:128,0
DA:130,0
DA:132,0
DA:133,0
DA:134,0
DA:138,0
DA:141,0
DA:142,0
DA:143,0
DA:144,0
DA:145,0
DA:146,0
DA:148,0
DA:149,0
DA:150,0
DA:154,0
DA:157,0
DA:158,0
DA:159,0
DA:160,0
DA:161,0
DA:163,0
DA:164,0
DA:165,0
DA:169,0
DA:172,0
DA:173,0
DA:176,0
DA:177,0
DA:178,0
DA:182,0
DA:189,0
DA:191,0
DA:194,0
DA:195,0
LF:100
LH:0
end_of_record
SF:lib/features/clients/data/repositories/models/firebase_client_model.dart
DA:10,0
DA:11,0
DA:14,0
DA:15,0
DA:16,0
DA:17,0
DA:18,0
DA:19,0
DA:29,0
DA:30,0
DA:32,0
DA:34,0
DA:41,0
DA:42,0
DA:43,0
DA:44,0
DA:45,0
DA:46,0
DA:48,0
DA:50,0
DA:55,0
DA:58,0
DA:59,0
DA:61,0
DA:62,0
DA:63,0
DA:64,0
DA:65,0
DA:66,0
DA:70,0
DA:71,0
LF:31
LH:0
end_of_record
SF:lib/features/services/data/services/local_services_service.dart
DA:9,3
DA:12,3
DA:13,6
DA:15,2
DA:20,2
DA:21,4
DA:22,4
DA:27,2
DA:31,2
DA:32,10
DA:36,2
DA:39,2
DA:40,0
DA:42,0
DA:43,0
DA:44,0
DA:46,2
DA:47,2
DA:49,2
DA:50,2
DA:51,2
DA:53,1
DA:54,1
DA:56,1
DA:57,1
DA:58,1
DA:60,0
DA:61,0
DA:63,0
DA:64,0
DA:65,0
DA:67,0
DA:68,0
DA:70,0
DA:71,0
DA:72,0
DA:77,2
DA:83,4
DA:84,2
DA:85,2
DA:86,1
DA:87,1
DA:88,0
DA:94,1
DA:95,5
DA:96,0
DA:97,8
DA:98,0
DA:99,0
DA:101,1
DA:106,1
DA:107,1
DA:109,2
DA:110,5
DA:111,1
DA:112,2
DA:116,1
DA:118,1
DA:119,3
DA:124,1
DA:125,5
DA:126,5
DA:129,2
DA:130,1
DA:132,3
DA:135,2
DA:136,1
DA:138,0
DA:144,1
DA:148,1
DA:149,5
DA:151,5
DA:157,2
DA:162,2
DA:163,2
DA:164,2
DA:166,2
DA:167,6
DA:168,10
DA:169,10
DA:171,5
DA:172,6
DA:175,2
DA:176,10
DA:177,12
DA:179,1
DA:180,6
DA:181,5
DA:184,1
DA:185,1
DA:188,2
DA:189,2
DA:190,2
LF:93
LH:74
end_of_record
SF:lib/features/services/domain/models/service_group_by_date.dart
DA:6,1
DA:15,1
DA:20,1
DA:21,1
DA:22,1
DA:23,0
DA:27,1
DA:28,4
LF:8
LH:7
end_of_record
SF:lib/features/subscription/data/errors/subscription_errors.dart
DA:7,0
DA:12,0
LF:2
LH:0
end_of_record
SF:lib/features/subscription/data/services/revenue_cat_subscription_service.dart
DA:16,0
DA:25,0
DA:27,0
DA:30,0
DA:31,0
DA:32,0
DA:33,0
DA:34,0
DA:36,0
DA:39,0
DA:43,0
DA:45,0
DA:46,0
DA:49,0
DA:53,0
DA:54,0
DA:55,0
DA:59,0
DA:61,0
DA:62,0
DA:65,0
DA:67,0
DA:68,0
DA:71,0
DA:74,0
DA:77,0
DA:78,0
DA:80,0
DA:85,0
DA:88,0
DA:89,0
DA:91,0
DA:96,0
DA:98,0
DA:100,0
DA:101,0
DA:102,0
DA:103,0
DA:104,0
DA:105,0
DA:106,0
DA:108,0
DA:112,0
DA:115,0
DA:116,0
DA:117,0
DA:118,0
DA:119,0
DA:123,0
DA:125,0
DA:127,0
DA:128,0
DA:130,0
DA:132,0
DA:135,0
DA:136,0
DA:137,0
DA:143,0
DA:144,0
DA:145,0
DA:146,0
DA:150,0
DA:152,0
DA:157,0
DA:158,0
DA:160,0
DA:162,0
DA:164,0
DA:167,0
DA:170,0
DA:171,0
LF:71
LH:0
end_of_record
SF:lib/features/subscription/domain/models/entitlement.dart
DA:6,2
DA:16,5
DA:44,4
DA:45,4
DA:48,2
DA:54,0
DA:55,0
DA:56,0
DA:57,0
DA:58,0
DA:59,0
DA:60,0
DA:61,0
LF:13
LH:5
end_of_record
SF:lib/features/subscription/domain/freemium_gate.dart
DA:9,5
DA:11,10
DA:12,10
DA:17,8
DA:23,8
DA:28,4
DA:29,8
DA:32,6
DA:37,2
DA:38,4
DA:41,6
DA:48,2
DA:49,4
DA:52,8
LF:14
LH:14
end_of_record
SF:lib/features/subscription/domain/freemium_limits.dart
DA:6,5
DA:19,12
DA:20,6
DA:21,6
DA:43,4
DA:45,4
DA:47,4
DA:49,4
LF:8
LH:8
end_of_record
SF:lib/features/subscription/domain/freemium_guard.dart
DA:9,3
DA:24,3
DA:25,9
DA:27,1
DA:28,2
DA:29,3
DA:33,2
DA:34,4
DA:35,4
DA:38,2
DA:40,1
DA:42,1
DA:47,3
DA:48,6
DA:49,3
DA:53,2
DA:54,4
DA:55,4
DA:58,2
DA:59,1
LF:20
LH:20
end_of_record
SF:lib/features/dashboard/presenter/controllers/dashboard_controller.g.dart
DA:17,1
DA:18,1
DA:28,1
DA:29,1
DA:31,1
DA:33,1
DA:36,0
DA:37,0
DA:39,0
DA:44,1
DA:49,1
DA:52,1
DA:53,1
DA:55,1
DA:62,1
LF:15
LH:12
end_of_record
SF:lib/features/dashboard/presenter/controllers/dashboard_controller.dart
DA:20,1
DA:21,2
DA:23,1
DA:24,2
DA:26,3
DA:28,3
DA:30,1
DA:31,1
DA:33,1
DA:35,2
DA:36,1
DA:37,1
DA:40,2
DA:41,1
DA:42,1
DA:44,1
DA:48,1
DA:49,5
DA:53,1
DA:54,2
DA:55,2
DA:56,3
DA:62,1
DA:64,3
DA:65,1
DA:66,1
DA:67,0
DA:68,0
DA:70,0
DA:74,1
DA:76,1
DA:77,2
DA:81,2
DA:83,2
DA:86,1
DA:90,3
DA:91,0
DA:92,0
DA:94,0
LF:39
LH:33
end_of_record
SF:lib/features/dashboard/presenter/controllers/dashboard_state.dart
DA:8,1
DA:18,1
DA:19,5
DA:22,1
DA:23,5
DA:26,1
DA:27,5
DA:30,1
DA:37,1
DA:38,0
DA:39,1
DA:40,1
DA:41,1
DA:45,1
DA:46,1
DA:47,1
DA:48,1
DA:49,1
DA:50,1
LF:19
LH:18
end_of_record
SF:lib/features/services/presenter/controllers/service_types_controller.g.dart
DA:17,2
DA:18,2
DA:28,2
DA:29,2
DA:31,2
DA:33,2
DA:36,0
DA:37,0
DA:39,0
DA:44,2
DA:49,2
DA:52,2
DA:53,2
DA:55,2
DA:62,2
LF:15
LH:12
end_of_record
SF:lib/features/services/presenter/controllers/service_types_controller.dart
DA:19,1
DA:20,2
DA:22,1
DA:23,2
DA:25,6
DA:27,2
DA:28,2
DA:29,6
DA:33,1
DA:35,1
DA:37,1
DA:41,3
DA:42,0
DA:43,0
DA:45,0
DA:49,1
DA:50,5
DA:54,1
DA:56,3
DA:57,1
DA:58,1
DA:62,3
DA:63,1
DA:64,1
DA:66,1
DA:70,1
DA:72,1
DA:74,1
DA:75,1
DA:76,4
DA:77,1
DA:78,0
DA:79,0
DA:80,0
DA:84,3
DA:85,4
DA:86,4
DA:87,3
DA:90,4
DA:92,1
DA:93,2
DA:94,3
DA:95,0
DA:96,0
DA:98,0
DA:102,1
DA:104,4
DA:105,3
DA:106,4
DA:107,1
DA:109,3
DA:112,4
DA:114,0
DA:115,0
DA:117,0
DA:121,1
DA:123,3
DA:124,2
DA:125,3
DA:126,1
DA:128,3
DA:132,0
DA:133,0
DA:135,0
DA:142,1
DA:143,3
DA:144,0
DA:145,0
DA:146,0
DA:152,1
DA:153,3
DA:154,4
DA:158,1
DA:159,3
DA:162,1
DA:163,6
DA:166,4
DA:167,3
DA:170,4
DA:171,3
DA:174,1
DA:175,4
DA:176,0
DA:177,0
DA:178,0
DA:182,2
DA:183,1
DA:184,1
DA:185,4
DA:186,0
DA:187,0
DA:188,0
DA:194,1
DA:195,3
DA:196,2
DA:197,1
DA:198,0
LF:97
LH:72
end_of_record
SF:lib/features/services/presenter/controllers/service_types_state.dart
DA:6,2
DA:12,2
DA:13,2
DA:18,1
DA:25,1
DA:26,1
DA:27,1
DA:28,1
DA:29,1
DA:30,1
DA:34,1
DA:35,1
DA:36,1
DA:37,1
DA:38,1
DA:39,1
DA:40,1
LF:17
LH:17
end_of_record
SF:lib/features/subscription/presenter/controllers/paywall_prompt_controller.g.dart
DA:29,2
DA:30,2
DA:40,0
DA:41,0
DA:43,0
DA:45,0
DA:48,0
DA:49,0
DA:51,0
DA:56,0
DA:66,0
DA:69,0
DA:70,0
DA:72,0
DA:79,0
LF:15
LH:2
end_of_record
SF:lib/features/subscription/presenter/controllers/paywall_prompt_controller.dart
DA:13,0
DA:16,0
DA:18,0
LF:3
LH:0
end_of_record
SF:lib/features/services/presenter/controllers/service_landing_controller.dart
DA:20,1
DA:21,2
DA:23,1
DA:24,2
DA:26,3
DA:28,3
DA:30,1
DA:31,1
DA:33,2
DA:34,2
DA:37,1
DA:39,4
DA:40,1
DA:41,1
DA:42,1
DA:43,1
DA:44,1
DA:45,1
DA:47,0
DA:51,1
DA:55,2
DA:56,3
DA:63,1
DA:69,1
DA:70,2
DA:74,2
DA:76,2
DA:79,1
DA:82,3
DA:88,1
DA:89,1
DA:91,1
DA:95,1
DA:96,5
DA:100,1
DA:102,3
DA:103,4
DA:104,1
DA:105,1
DA:106,1
DA:107,1
DA:108,0
DA:109,0
DA:111,0
DA:115,1
DA:117,3
DA:118,3
DA:119,5
DA:120,1
DA:121,0
DA:122,0
DA:124,0
DA:128,1
DA:133,1
DA:134,1
DA:136,1
DA:140,1
DA:142,3
DA:144,2
DA:146,3
DA:149,1
DA:150,1
DA:153,1
DA:154,1
DA:155,1
DA:157,1
DA:158,0
DA:159,0
DA:161,0
DA:165,1
DA:167,3
DA:174,1
DA:175,1
DA:176,0
DA:177,0
DA:179,0
DA:183,0
DA:184,0
DA:186,0
DA:187,0
DA:189,0
DA:192,1
DA:193,4
DA:194,3
DA:197,1
DA:199,3
DA:200,5
DA:201,1
DA:202,0
DA:203,0
DA:205,0
LF:91
LH:70
end_of_record
SF:lib/features/services/presenter/controllers/service_landing_controller.g.dart
DA:17,1
DA:18,1
DA:28,1
DA:29,1
DA:31,1
DA:33,1
DA:36,0
DA:37,0
DA:39,0
DA:44,1
DA:50,1
DA:53,1
DA:54,1
DA:56,1
DA:63,1
LF:15
LH:12
end_of_record
SF:lib/features/services/presenter/controllers/service_landing_state.dart
DA:8,1
DA:17,1
DA:25,6
DA:27,1
DA:28,5
DA:30,1
DA:31,5
DA:33,1
DA:44,1
DA:45,1
DA:46,1
DA:47,1
DA:48,1
DA:49,1
DA:50,1
DA:51,1
DA:52,1
DA:56,1
DA:57,1
DA:58,1
DA:59,1
DA:60,1
DA:61,1
DA:62,1
DA:63,1
DA:64,1
DA:65,1
LF:27
LH:27
end_of_record
SF:lib/features/services/presenter/controllers/service_form_controller.g.dart
DA:17,1
DA:20,1
DA:28,1
DA:29,1
DA:31,0
DA:33,0
DA:35,0
DA:38,1
DA:40,1
DA:42,1
DA:44,4
DA:47,1
DA:49,2
DA:53,1
DA:65,1
DA:66,1
DA:74,1
DA:75,1
DA:77,0
DA:83,3
DA:84,0
DA:87,1
DA:90,2
DA:92,1
DA:94,1
DA:101,1
LF:26
LH:21
end_of_record
SF:lib/features/services/presenter/controllers/service_form_controller.dart
DA:28,1
DA:29,2
DA:31,1
DA:32,2
DA:34,3
DA:36,1
DA:37,2
DA:39,3
DA:41,0
DA:42,0
DA:44,1
DA:47,3
DA:48,1
DA:49,1
DA:53,1
DA:60,1
DA:61,3
DA:62,1
DA:64,1
DA:69,3
DA:70,1
DA:72,2
DA:79,1
DA:80,2
DA:84,1
DA:85,2
DA:88,0
DA:89,0
DA:91,0
DA:92,0
DA:93,0
DA:94,0
DA:97,0
DA:107,1
DA:112,3
DA:115,1
DA:116,1
DA:117,0
DA:118,0
DA:119,0
DA:123,5
DA:124,1
DA:125,2
DA:126,2
DA:131,2
DA:132,2
DA:134,1
DA:135,0
DA:139,2
DA:140,1
DA:141,1
DA:148,3
DA:149,2
DA:150,1
DA:152,2
DA:154,1
DA:155,1
DA:156,1
DA:161,1
DA:162,2
DA:163,1
DA:167,1
DA:168,2
DA:169,3
DA:172,1
DA:177,3
DA:180,1
DA:181,1
DA:182,1
DA:183,1
DA:184,1
DA:185,2
DA:186,2
DA:190,1
DA:191,0
DA:192,0
DA:193,0
DA:197,1
DA:198,0
DA:199,0
DA:200,0
DA:205,3
DA:206,1
DA:207,0
DA:211,1
DA:216,1
DA:220,1
DA:221,1
DA:224,3
DA:227,1
DA:230,1
DA:235,3
DA:236,2
DA:237,1
DA:239,2
DA:246,4
DA:250,1
DA:251,2
DA:252,3
DA:255,1
DA:256,2
DA:257,0
DA:259,0
DA:260,0
DA:261,0
DA:262,0
DA:264,0
DA:267,0
DA:271,1
DA:272,3
DA:276,1
DA:278,2
DA:279,1
DA:280,1
DA:282,1
DA:283,0
DA:287,3
DA:288,3
DA:290,4
DA:291,1
DA:292,3
DA:293,1
DA:294,1
DA:295,2
DA:296,3
DA:297,1
DA:298,0
DA:299,0
DA:301,0
DA:305,1
DA:306,3
DA:310,1
DA:311,3
DA:312,3
DA:314,3
DA:315,1
DA:316,1
DA:317,0
DA:318,0
DA:320,0
DA:324,1
DA:325,3
DA:327,3
DA:328,2
DA:329,1
DA:332,1
DA:337,1
DA:338,3
DA:340,3
DA:343,1
DA:344,3
DA:346,2
DA:347,3
DA:351,0
DA:352,0
DA:354,0
DA:355,0
DA:357,0
DA:359,0
DA:360,0
DA:362,0
DA:363,0
DA:364,0
DA:366,0
DA:374,0
DA:375,0
DA:376,0
DA:378,0
DA:381,0
DA:385,0
DA:386,0
DA:388,0
DA:391,1
DA:392,3
DA:394,2
DA:395,3
DA:399,1
DA:400,3
DA:402,1
DA:403,3
DA:406,1
DA:407,3
DA:409,2
DA:410,1
DA:411,2
DA:416,1
DA:417,3
DA:419,2
DA:420,3
DA:424,1
DA:425,3
DA:426,0
DA:427,0
DA:428,0
LF:194
LH:138
end_of_record
SF:lib/features/services/presenter/controllers/service_form_state.dart
DA:10,1
DA:18,1
DA:29,0
DA:31,0
DA:32,0
DA:33,0
DA:34,0
DA:39,0
DA:40,0
DA:42,0
DA:44,0
DA:46,0
DA:49,0
DA:51,0
DA:52,0
DA:53,0
DA:54,0
DA:59,0
DA:60,0
DA:61,0
DA:63,0
DA:65,0
DA:67,0
DA:70,1
DA:79,1
DA:80,1
DA:81,1
DA:82,1
DA:83,1
DA:84,1
DA:85,1
DA:86,1
DA:90,1
DA:91,1
DA:92,1
DA:93,1
DA:94,1
DA:95,1
DA:96,1
DA:97,1
DA:98,1
LF:41
LH:20
end_of_record
SF:lib/features/clients/presenter/controllers/clients_controller.g.dart
DA:17,1
DA:18,1
DA:28,1
DA:29,1
DA:31,1
DA:33,1
DA:36,0
DA:37,0
DA:39,0
DA:44,1
DA:48,1
DA:51,1
DA:52,1
DA:54,1
DA:61,1
LF:15
LH:12
end_of_record
SF:lib/features/clients/presenter/controllers/clients_controller.dart
DA:18,0
DA:20,0
DA:22,0
DA:24,1
DA:25,1
DA:27,0
DA:29,0
DA:30,0
DA:31,0
DA:32,0
DA:36,0
DA:38,0
DA:39,0
DA:41,0
DA:45,0
DA:47,0
DA:48,0
DA:49,0
DA:50,0
DA:55,0
DA:56,0
DA:58,0
DA:59,0
DA:62,0
DA:64,0
DA:65,0
DA:67,0
DA:68,0
DA:70,0
DA:74,0
DA:75,0
DA:76,0
DA:77,0
DA:82,0
DA:86,0
DA:87,0
DA:88,0
DA:94,0
DA:95,0
DA:97,0
DA:101,0
DA:103,0
DA:105,0
DA:106,0
DA:107,0
DA:112,0
DA:113,0
DA:115,0
DA:122,1
DA:123,3
DA:126,0
DA:127,0
DA:128,0
DA:129,0
DA:134,0
DA:135,0
DA:136,0
DA:137,0
DA:139,0
LF:59
LH:4
end_of_record
SF:lib/features/clients/presenter/controllers/clients_state.dart
DA:5,1
DA:11,1
DA:17,0
DA:25,0
DA:26,0
DA:27,0
DA:28,0
DA:29,0
DA:30,0
LF:9
LH:2
end_of_record
