SF:lib/core/utils/version_comparator.dart
DA:11,2
DA:12,2
DA:13,2
DA:14,6
DA:15,0
DA:16,2
DA:18,4
DA:19,6
DA:20,6
DA:21,2
DA:22,4
DA:28,2
DA:29,10
DA:31,2
DA:32,8
DA:33,2
LF:16
LH:15
end_of_record
SF:lib/core/utils/date_range.dart
DA:9,9
DA:15,10
DA:17,3
DA:18,9
LF:4
LH:4
end_of_record
SF:lib/core/services/data/local_time_service.dart
DA:4,12
DA:5,2
DA:8,12
DA:10,84
DA:12,5
DA:14,20
DA:16,5
DA:18,15
DA:20,5
DA:21,10
DA:22,20
DA:24,20
LF:12
LH:12
end_of_record
SF:lib/core/routes/app_pages.dart
DA:37,1
DA:38,2
DA:40,2
DA:41,1
DA:42,1
DA:43,1
DA:44,3
DA:45,4
DA:53,1
DA:54,4
LF:10
LH:10
end_of_record
SF:lib/core/constants/remote_config_keys.dart
DA:18,4
DA:19,2
DA:20,2
DA:21,2
DA:22,2
DA:23,8
LF:6
LH:6
end_of_record
SF:lib/core/services/data/creation_ad_coordinator.dart
DA:17,1
DA:39,1
DA:41,2
DA:43,2
DA:45,2
DA:46,2
DA:49,1
DA:51,1
DA:55,0
DA:59,1
DA:60,2
DA:63,1
DA:66,1
DA:67,2
DA:69,1
DA:70,2
LF:16
LH:15
end_of_record
SF:lib/core/services/data/banner_ad_policy.dart
DA:5,7
DA:9,7
DA:20,5
DA:21,9
DA:23,7
DA:24,7
DA:25,7
LF:7
LH:7
end_of_record
SF:lib/core/services/data/remote_config_feature_flag_service.dart
DA:17,1
DA:22,1
DA:25,2
DA:26,1
DA:33,3
DA:34,2
DA:35,1
DA:37,2
DA:45,1
DA:49,0
DA:51,2
DA:52,0
DA:54,0
DA:55,0
DA:56,0
DA:57,0
DA:58,0
DA:63,1
DA:65,3
DA:69,2
DA:70,1
DA:72,1
LF:22
LH:15
end_of_record
SF:lib/core/utils/base_state.dart
DA:4,20
DA:8,5
DA:14,5
DA:15,5
DA:16,5
DA:17,5
DA:18,2
DA:19,5
DA:20,0
DA:22,5
DA:26,0
DA:27,0
DA:28,0
DA:29,0
LF:14
LH:9
end_of_record
SF:lib/features/clients/domain/models/client_entry.dart
DA:17,10
DA:19,5
DA:20,10
LF:3
LH:3
end_of_record
SF:lib/core/utils/base_notifier.dart
DA:10,3
DA:11,6
DA:12,3
DA:13,6
DA:14,3
DA:20,6
DA:21,6
DA:22,6
DA:23,12
DA:24,12
DA:35,2
DA:36,4
DA:37,6
DA:41,4
DA:42,2
DA:43,2
DA:50,1
DA:51,1
DA:52,3
DA:56,2
DA:57,1
DA:58,2
LF:22
LH:22
end_of_record
SF:lib/features/clients/presenter/controllers/client_form_controller.g.dart
DA:17,3
DA:20,3
DA:28,3
DA:29,3
DA:31,0
DA:33,0
DA:35,0
DA:38,3
DA:40,3
DA:42,3
DA:44,12
DA:47,3
DA:49,6
DA:53,3
DA:65,3
DA:66,3
DA:74,3
DA:75,3
DA:77,0
DA:82,9
DA:83,0
DA:86,3
DA:89,6
DA:90,3
DA:92,3
DA:99,3
LF:26
LH:21
end_of_record
SF:lib/features/clients/presenter/controllers/client_form_controller.dart
DA:21,2
DA:22,4
DA:24,6
DA:30,3
DA:32,3
DA:33,1
DA:34,3
DA:37,1
DA:38,4
DA:39,1
DA:40,1
DA:41,4
DA:43,1
DA:47,2
DA:48,6
DA:50,6
DA:53,2
DA:54,6
DA:56,6
DA:59,2
DA:60,6
DA:62,6
DA:65,2
DA:66,6
DA:68,6
DA:71,1
DA:72,3
DA:74,3
DA:77,2
DA:78,6
DA:82,2
DA:84,2
DA:85,2
DA:86,2
DA:87,8
DA:88,2
DA:89,2
DA:90,4
DA:91,4
DA:96,6
DA:98,2
DA:99,2
DA:100,3
DA:101,2
DA:102,4
DA:103,1
DA:104,1
DA:105,1
DA:106,1
DA:107,1
DA:109,1
DA:111,10
DA:112,2
DA:113,4
DA:114,4
DA:115,2
DA:116,4
DA:117,6
DA:120,6
DA:121,1
DA:122,1
DA:124,1
DA:128,2
DA:129,2
DA:132,2
DA:134,1
DA:135,3
DA:136,1
DA:137,1
DA:142,2
DA:143,2
DA:145,4
DA:146,4
DA:147,4
DA:148,4
DA:152,2
DA:153,6
DA:157,2
DA:158,6
DA:159,1
DA:160,2
DA:161,2
DA:165,6
DA:166,1
DA:167,2
DA:168,2
DA:172,6
DA:173,1
DA:174,2
DA:175,2
LF:90
LH:90
end_of_record
SF:lib/features/clients/presenter/controllers/client_form_state.dart
DA:4,3
DA:29,6
DA:31,2
DA:42,2
DA:43,2
DA:44,2
DA:45,2
DA:46,2
DA:47,2
DA:48,2
DA:49,2
DA:50,2
LF:12
LH:12
end_of_record
SF:lib/features/clients/presenter/controllers/clients_controller.g.dart
DA:17,3
DA:18,3
DA:28,5
DA:29,5
DA:31,5
DA:33,5
DA:36,0
DA:37,0
DA:39,0
DA:44,5
DA:48,5
DA:51,5
DA:52,5
DA:54,5
DA:61,5
LF:15
LH:12
end_of_record
SF:lib/features/clients/presenter/controllers/clients_controller.dart
DA:18,4
DA:19,8
DA:21,12
DA:23,16
DA:25,5
DA:26,5
DA:28,4
DA:30,12
DA:31,12
DA:32,12
DA:33,4
DA:37,8
DA:39,1
DA:40,0
DA:42,1
DA:46,0
DA:48,1
DA:49,2
DA:50,3
DA:51,3
DA:56,3
DA:57,5
DA:59,2
DA:60,1
DA:63,3
DA:65,4
DA:66,2
DA:68,1
DA:69,0
DA:71,1
DA:75,1
DA:76,1
DA:77,1
DA:78,1
DA:83,3
DA:84,3
DA:85,3
DA:86,1
DA:92,1
DA:93,0
DA:95,1
DA:99,2
DA:101,4
DA:102,4
DA:103,6
DA:104,2
DA:105,6
DA:106,2
DA:111,1
DA:112,0
DA:114,1
DA:121,4
DA:122,21
DA:125,13
DA:126,12
DA:127,15
DA:128,9
DA:133,2
DA:134,2
DA:135,4
DA:136,5
DA:138,6
LF:62
LH:57
end_of_record
SF:lib/features/subscription/domain/freemium_gate.dart
DA:9,3
DA:11,6
DA:12,6
DA:17,16
DA:23,16
DA:28,4
DA:29,8
DA:32,6
DA:37,4
DA:38,8
DA:41,12
DA:48,3
DA:49,6
DA:52,12
LF:14
LH:14
end_of_record
SF:lib/features/subscription/domain/models/entitlement.dart
DA:6,1
DA:16,3
DA:44,8
DA:45,8
DA:48,5
DA:54,0
DA:55,0
DA:56,0
DA:57,0
DA:58,0
DA:59,0
DA:60,0
DA:61,0
LF:13
LH:5
end_of_record
SF:lib/features/subscription/presenter/controllers/paywall_prompt_controller.g.dart
DA:29,3
DA:30,3
DA:40,7
DA:41,7
DA:43,7
DA:45,7
DA:48,0
DA:49,0
DA:51,0
DA:56,7
DA:66,7
DA:69,7
DA:70,7
DA:72,7
DA:79,7
LF:15
LH:12
end_of_record
SF:lib/features/subscription/presenter/controllers/paywall_prompt_controller.dart
DA:13,7
DA:16,6
DA:18,4
LF:3
LH:3
end_of_record
SF:lib/injector.g.dart
DA:23,3
DA:24,3
DA:34,0
DA:35,0
DA:37,0
DA:41,0
DA:43,0
DA:45,0
DA:49,6
DA:50,6
DA:52,6
DA:57,0
DA:70,3
DA:71,3
DA:81,0
DA:82,0
DA:84,0
DA:88,0
DA:90,0
DA:92,0
DA:96,6
DA:97,6
DA:99,6
DA:104,0
DA:118,3
DA:119,3
DA:129,0
DA:130,0
DA:132,0
DA:135,0
DA:137,0
DA:139,0
DA:143,8
DA:144,8
DA:146,8
DA:151,0
DA:159,3
DA:160,3
DA:170,0
DA:171,0
DA:173,0
DA:176,0
DA:178,0
DA:180,0
DA:184,9
DA:185,9
DA:187,9
DA:192,0
DA:201,3
DA:202,3
DA:212,6
DA:213,6
DA:215,6
DA:218,6
DA:220,6
DA:222,6
DA:226,3
DA:227,3
DA:229,3
DA:234,6
DA:242,3
DA:243,3
DA:253,0
DA:254,0
DA:256,0
DA:259,0
DA:261,0
DA:263,0
DA:267,19
DA:268,19
DA:270,19
DA:275,0
DA:288,3
DA:289,3
DA:299,6
DA:300,6
DA:302,6
DA:306,6
DA:308,6
DA:310,6
DA:314,9
DA:315,9
DA:317,9
DA:322,6
DA:336,3
DA:337,3
DA:347,4
DA:348,4
DA:350,4
DA:354,4
DA:356,4
DA:358,4
DA:362,4
DA:363,4
DA:365,4
DA:370,4
DA:383,3
DA:384,3
DA:394,6
DA:395,6
DA:397,6
DA:401,6
DA:403,6
DA:405,6
DA:409,8
DA:410,8
DA:412,8
DA:417,6
DA:431,3
DA:432,3
DA:442,6
DA:443,6
DA:445,6
DA:449,6
DA:451,6
DA:453,6
DA:457,7
DA:458,7
DA:460,7
DA:465,6
DA:480,3
DA:481,3
DA:491,0
DA:492,0
DA:494,0
DA:498,0
DA:500,0
DA:502,0
DA:506,2
DA:507,2
DA:509,2
DA:514,0
DA:528,3
DA:529,3
DA:539,0
DA:540,0
DA:542,0
DA:546,0
DA:548,0
DA:550,0
DA:554,0
DA:555,0
DA:557,0
DA:562,0
DA:577,3
DA:578,3
DA:588,0
DA:589,0
DA:591,0
DA:595,0
DA:597,0
DA:599,0
DA:603,0
DA:604,0
DA:606,0
DA:613,0
DA:627,3
DA:628,3
DA:638,0
DA:639,0
DA:641,0
DA:645,0
DA:647,0
DA:649,0
DA:653,6
DA:654,6
DA:656,6
DA:661,0
DA:675,3
DA:676,3
DA:686,0
DA:687,0
DA:689,0
DA:693,0
DA:695,0
DA:697,0
DA:701,6
DA:702,6
DA:704,6
DA:709,0
DA:718,3
DA:719,3
DA:729,4
DA:730,4
DA:732,4
DA:735,4
DA:737,4
DA:739,4
DA:743,0
DA:744,0
DA:746,0
DA:751,4
DA:764,3
DA:765,3
DA:775,0
DA:776,0
DA:778,0
DA:781,0
DA:783,0
DA:785,0
DA:789,7
DA:790,7
DA:792,7
DA:797,0
DA:810,3
DA:811,3
DA:821,0
DA:822,0
DA:824,0
DA:828,0
DA:830,0
DA:832,0
DA:836,9
DA:837,9
DA:839,9
DA:844,0
DA:858,3
DA:859,3
DA:869,0
DA:870,0
DA:872,0
DA:876,0
DA:878,0
DA:880,0
DA:884,0
DA:891,3
DA:892,3
DA:902,0
DA:903,0
DA:905,0
DA:908,0
DA:910,0
DA:912,0
DA:916,6
DA:917,6
DA:919,6
DA:924,0
DA:937,3
DA:938,3
DA:948,0
DA:949,0
DA:951,0
DA:955,0
DA:957,0
DA:959,0
DA:963,7
DA:964,7
DA:966,7
DA:971,0
DA:987,3
DA:988,3
DA:998,6
DA:999,6
DA:1001,6
DA:1005,6
DA:1007,0
DA:1009,0
DA:1013,6
DA:1022,3
DA:1023,3
DA:1033,0
DA:1034,0
DA:1036,0
DA:1039,0
DA:1041,0
DA:1043,0
DA:1047,6
DA:1048,6
DA:1050,6
DA:1055,0
DA:1063,3
DA:1064,3
DA:1074,3
DA:1075,3
DA:1077,3
DA:1080,3
DA:1082,3
DA:1084,3
DA:1088,3
DA:1089,3
DA:1091,3
DA:1096,3
LF:282
LH:159
end_of_record
SF:lib/injector.dart
DA:45,0
DA:46,0
DA:48,0
DA:50,0
DA:52,0
DA:53,0
DA:54,0
DA:55,0
DA:58,0
DA:59,0
DA:61,6
DA:63,12
DA:65,0
DA:66,0
DA:67,0
DA:70,6
DA:71,6
DA:72,6
DA:73,6
DA:76,4
DA:77,4
DA:78,4
DA:79,4
DA:82,6
DA:84,6
DA:85,6
DA:86,6
DA:89,6
DA:91,6
DA:92,6
DA:93,6
DA:96,0
DA:98,0
DA:99,0
DA:100,0
DA:103,0
DA:105,0
DA:106,0
DA:107,0
DA:110,0
DA:112,0
DA:114,0
DA:116,0
DA:118,0
DA:120,0
DA:121,0
DA:122,0
DA:125,4
DA:127,8
DA:129,0
DA:130,0
DA:131,0
DA:132,0
DA:133,0
DA:136,0
DA:138,0
DA:140,0
DA:142,0
DA:144,0
DA:146,0
DA:148,0
DA:150,0
DA:151,0
DA:153,0
DA:157,0
DA:159,0
DA:160,0
DA:161,0
DA:162,0
DA:163,0
DA:166,0
DA:167,0
DA:168,0
DA:169,0
DA:172,3
DA:173,3
DA:174,3
DA:175,3
DA:176,3
DA:177,3
DA:178,3
LF:81
LH:27
end_of_record
SF:lib/features/auth/domain/models/app_user.dart
DA:2,23
DA:13,0
DA:15,12
LF:3
LH:2
end_of_record
SF:lib/features/services/domain/models/service_type.dart
DA:8,17
DA:19,7
DA:20,7
DA:21,7
DA:22,7
DA:23,13
DA:24,9
DA:25,9
DA:27,7
DA:28,7
DA:29,7
DA:33,0
DA:34,0
DA:61,21
DA:67,6
DA:68,6
DA:69,6
DA:73,7
DA:74,17
DA:76,7
DA:77,7
DA:78,7
DA:79,7
DA:80,7
DA:84,7
DA:85,7
DA:86,7
DA:87,7
DA:91,0
DA:93,13
DA:103,13
DA:104,5
DA:105,9
DA:106,13
DA:107,12
DA:108,13
DA:109,13
DA:110,13
DA:111,13
DA:115,4
DA:116,4
DA:117,4
DA:118,4
DA:119,4
DA:120,4
DA:121,4
DA:122,4
DA:123,4
DA:124,4
LF:49
LH:46
end_of_record
SF:lib/features/services/data/repositories/models/firebase_service_model.dart
DA:9,11
DA:26,7
DA:27,7
DA:28,7
DA:29,7
DA:30,14
DA:31,14
DA:32,14
DA:33,7
DA:34,7
DA:35,7
DA:36,7
DA:37,7
DA:38,7
DA:42,7
DA:44,3
DA:45,6
DA:47,7
DA:48,14
DA:50,7
DA:54,0
DA:55,0
DA:57,4
DA:58,4
DA:59,4
DA:60,4
DA:61,4
DA:62,4
DA:63,4
DA:64,4
DA:65,4
DA:66,4
DA:67,4
DA:68,4
DA:69,4
DA:70,4
DA:71,4
DA:72,4
DA:75,7
DA:76,7
DA:77,7
DA:78,7
DA:79,7
DA:80,13
DA:81,7
DA:82,7
DA:83,7
DA:88,7
DA:89,7
DA:90,7
DA:96,11
DA:97,14
DA:98,7
DA:102,0
DA:104,11
DA:121,11
DA:122,11
DA:123,11
DA:124,11
DA:125,11
DA:126,11
DA:127,11
DA:128,11
DA:129,11
DA:130,11
DA:131,11
DA:132,11
DA:133,11
DA:134,10
DA:135,11
LF:70
LH:67
end_of_record
SF:lib/features/subscription/domain/freemium_guard.dart
DA:9,7
DA:29,7
DA:30,21
DA:32,2
DA:33,4
DA:34,6
DA:38,4
DA:39,4
DA:42,8
DA:43,8
DA:46,4
DA:48,2
DA:50,2
DA:55,3
DA:56,3
DA:59,6
DA:60,3
DA:64,4
DA:65,4
DA:68,8
DA:69,8
DA:72,6
DA:73,3
LF:23
LH:23
end_of_record
SF:lib/core/currency/firebase_exchange_rate_history_repository.dart
DA:17,0
DA:25,0
DA:28,0
DA:30,0
DA:31,0
DA:33,0
DA:35,0
DA:37,0
DA:40,0
DA:41,0
DA:42,0
DA:43,0
DA:45,0
DA:47,0
DA:49,0
DA:53,0
DA:60,0
DA:63,0
DA:64,0
DA:65,0
DA:66,0
DA:67,0
DA:68,0
DA:70,0
DA:72,0
DA:73,0
DA:75,0
DA:88,0
DA:91,0
DA:92,0
DA:93,0
DA:96,0
DA:101,0
DA:107,0
DA:110,0
DA:112,0
LF:36
LH:0
end_of_record
SF:lib/core/environment/environment.dart
DA:11,1
DA:13,0
DA:15,0
DA:16,0
DA:20,0
DA:21,0
DA:23,0
DA:24,0
DA:25,0
DA:26,0
DA:27,0
DA:28,0
DA:29,0
DA:33,0
DA:35,0
DA:36,0
DA:39,0
DA:40,0
DA:41,0
DA:45,0
DA:46,0
DA:47,0
DA:50,0
DA:51,0
DA:52,0
DA:65,0
DA:66,0
DA:68,0
LF:28
LH:1
end_of_record
SF:lib/core/extensions/firebase_extensions.dart
DA:6,0
DA:8,0
DA:9,0
DA:10,0
DA:14,0
DA:20,8
DA:22,8
DA:23,16
DA:24,3
DA:28,0
DA:34,1
DA:35,1
DA:36,1
DA:37,1
DA:38,1
DA:39,1
LF:16
LH:10
end_of_record
SF:lib/core/services/data/admob_interstitial_ad_service.dart
DA:7,0
DA:13,0
DA:15,0
DA:18,0
DA:19,0
DA:20,0
DA:22,0
DA:23,0
DA:24,0
DA:25,0
DA:27,0
DA:28,0
DA:29,0
DA:30,0
DA:36,0
DA:38,0
DA:41,0
DA:45,0
DA:46,0
DA:47,0
DA:48,0
DA:49,0
DA:51,0
DA:52,0
DA:53,0
DA:54,0
DA:55,0
DA:59,0
DA:60,0
LF:29
LH:0
end_of_record
SF:lib/core/services/data/firebase_analytics_service.dart
DA:9,0
DA:14,0
DA:20,0
DA:21,0
DA:22,0
DA:28,0
DA:29,0
LF:7
LH:0
end_of_record
SF:lib/core/services/data/firebase_crashlytics_service.dart
DA:6,0
DA:10,0
DA:12,0
DA:14,0
DA:15,0
DA:18,0
DA:19,0
DA:24,0
DA:26,0
LF:9
LH:0
end_of_record
SF:lib/features/app_update/data/services/remote_config_app_update_service.dart
DA:15,1
DA:25,1
DA:28,2
DA:29,1
DA:36,3
DA:37,2
DA:39,2
DA:40,2
DA:43,2
DA:45,1
DA:46,1
DA:52,1
DA:56,2
DA:61,1
DA:66,2
DA:69,2
DA:75,2
DA:76,0
DA:77,2
LF:19
LH:18
end_of_record
SF:lib/features/app_update/domain/models/app_update_info.dart
DA:4,1
DA:10,3
DA:19,3
DA:20,21
LF:4
LH:4
end_of_record
SF:lib/features/auth/data/services/errors/firebase_sign_in_error.dart
DA:9,1
DA:10,3
DA:14,1
DA:16,1
DA:17,0
DA:18,0
DA:20,1
DA:21,1
DA:22,2
DA:24,1
DA:25,0
DA:26,0
DA:28,1
DA:29,0
DA:30,0
DA:32,1
DA:33,0
DA:34,0
DA:36,1
DA:37,1
DA:38,2
DA:40,0
DA:41,0
DA:42,0
DA:44,0
DA:45,0
DA:46,0
DA:48,0
DA:49,0
DA:50,0
DA:53,0
LF:31
LH:13
end_of_record
SF:lib/features/auth/data/services/firebase_auth_service.dart
DA:14,1
DA:19,0
DA:20,0
DA:21,1
DA:22,1
DA:28,1
DA:31,1
DA:32,0
DA:33,0
DA:37,1
DA:40,2
DA:43,1
DA:46,1
DA:47,1
DA:50,2
DA:51,3
DA:53,1
DA:54,2
DA:55,2
DA:56,2
DA:58,1
DA:59,2
DA:64,1
DA:67,2
DA:68,2
DA:69,1
DA:70,1
DA:71,2
DA:72,2
DA:73,2
DA:75,1
DA:76,2
DA:77,1
DA:81,1
DA:83,5
LF:35
LH:31
end_of_record
SF:lib/features/clients/data/repositories/firebase_clients_repository.dart
DA:9,5
DA:17,5
DA:18,2
DA:20,5
DA:21,15
DA:23,5
DA:30,5
DA:31,5
DA:32,5
DA:33,5
DA:34,5
DA:36,1
DA:37,2
DA:40,5
DA:41,15
DA:43,1
DA:44,2
DA:45,3
DA:49,1
DA:52,1
DA:53,1
DA:54,1
DA:55,1
DA:56,2
DA:57,3
DA:58,1
DA:59,3
DA:61,0
DA:62,0
DA:63,0
DA:67,2
DA:74,6
DA:75,2
DA:77,2
DA:78,2
DA:84,2
DA:85,2
DA:86,2
DA:87,4
DA:88,1
DA:89,2
DA:90,4
DA:91,1
DA:98,0
DA:99,0
DA:100,0
DA:104,2
DA:115,2
DA:116,4
DA:118,2
DA:119,2
DA:120,2
DA:121,2
DA:124,0
DA:127,2
DA:129,6
DA:130,2
DA:131,2
DA:132,2
DA:133,2
DA:134,4
DA:135,4
DA:136,0
DA:137,2
DA:139,2
DA:141,0
DA:142,0
DA:143,0
DA:147,2
DA:150,4
DA:151,2
DA:153,2
DA:155,1
DA:156,2
DA:157,3
DA:161,2
DA:164,2
DA:165,2
DA:166,2
DA:167,2
DA:168,2
DA:169,2
DA:171,0
DA:172,0
DA:173,0
DA:177,1
DA:180,3
DA:181,2
DA:182,1
DA:183,1
DA:184,2
DA:186,1
DA:187,2
DA:188,3
DA:192,2
DA:195,2
DA:196,2
DA:197,4
DA:199,1
DA:200,2
DA:201,3
DA:205,1
DA:212,4
DA:214,1
DA:217,1
DA:218,2
LF:106
LH:92
end_of_record
SF:lib/features/clients/data/repositories/models/firebase_client_model.dart
DA:10,4
DA:11,4
DA:14,4
DA:15,4
DA:16,4
DA:17,4
DA:18,8
DA:20,4
DA:29,3
DA:30,3
DA:32,3
DA:34,3
DA:41,4
DA:42,4
DA:43,4
DA:44,8
DA:45,4
DA:46,4
DA:48,4
DA:50,4
DA:55,4
DA:58,4
DA:59,4
DA:61,4
DA:62,4
DA:63,4
DA:64,8
DA:65,2
DA:66,4
DA:70,4
DA:71,13
LF:31
LH:31
end_of_record
SF:lib/features/clients/presenter/controllers/client_details_controller.g.dart
DA:17,3
DA:20,3
DA:28,3
DA:29,3
DA:31,0
DA:33,0
DA:35,0
DA:38,3
DA:40,3
DA:43,0
DA:44,0
DA:46,0
DA:50,3
DA:52,3
DA:53,9
DA:56,3
DA:58,6
DA:62,3
DA:74,3
DA:75,3
DA:83,3
DA:84,3
DA:86,0
DA:91,9
DA:92,0
DA:95,3
DA:98,6
DA:99,3
DA:101,3
DA:108,3
LF:30
LH:22
end_of_record
SF:lib/features/clients/presenter/controllers/client_details_controller.dart
DA:18,3
DA:19,6
DA:21,9
DA:23,12
DA:25,3
DA:27,3
DA:28,3
DA:34,2
DA:35,6
DA:38,3
DA:40,6
DA:41,3
DA:46,2
DA:47,9
DA:53,6
DA:55,1
DA:56,0
DA:58,1
DA:63,1
DA:64,2
DA:65,2
DA:66,2
DA:67,3
DA:72,3
DA:73,2
DA:74,1
DA:75,2
DA:77,4
DA:79,3
DA:80,4
DA:81,2
DA:84,1
DA:85,0
DA:86,0
DA:88,3
DA:89,1
LF:36
LH:33
end_of_record
SF:lib/features/clients/presenter/controllers/client_details_state.dart
DA:6,3
DA:21,3
DA:30,3
DA:31,1
DA:32,3
DA:33,2
DA:34,2
DA:36,2
DA:38,3
LF:9
LH:9
end_of_record
SF:lib/features/clients/presenter/controllers/clients_state.dart
DA:5,5
DA:11,5
DA:17,4
DA:25,4
DA:26,0
DA:27,4
DA:28,4
DA:29,4
DA:30,4
LF:9
LH:8
end_of_record
SF:lib/features/services/data/repositories/firebase_service_type_repository.dart
DA:12,7
DA:19,7
DA:22,1
DA:25,1
DA:26,4
DA:27,2
DA:30,1
DA:31,2
DA:32,3
DA:36,0
DA:38,0
DA:41,0
DA:42,0
DA:44,0
DA:45,0
DA:46,0
DA:47,0
DA:53,0
DA:56,0
DA:57,0
DA:58,0
DA:62,1
DA:65,5
DA:67,1
DA:68,2
DA:69,3
DA:73,7
DA:76,7
DA:77,14
DA:78,7
DA:79,7
DA:81,20
DA:82,6
DA:83,18
DA:84,7
DA:88,1
DA:89,3
DA:93,1
DA:96,1
DA:97,6
DA:99,1
DA:100,3
LF:42
LH:30
end_of_record
SF:lib/features/services/data/repositories/firebase_services_repository.dart
DA:12,7
DA:18,7
DA:20,3
DA:23,6
DA:24,3
DA:25,3
DA:27,6
DA:28,12
DA:32,6
DA:33,3
DA:34,6
DA:36,9
DA:39,3
DA:42,1
DA:43,2
DA:44,3
DA:48,1
DA:51,5
DA:53,1
DA:54,2
DA:55,3
DA:59,1
DA:62,2
DA:63,6
DA:65,1
DA:66,2
DA:67,3
DA:75,2
DA:77,2
DA:80,2
DA:87,6
DA:88,2
DA:89,8
DA:90,4
DA:92,4
DA:93,12
DA:98,2
DA:101,1
DA:102,2
DA:103,3
DA:107,7
DA:114,7
DA:115,14
DA:116,7
DA:117,7
DA:120,7
DA:123,7
DA:125,20
DA:126,6
DA:127,18
DA:128,7
DA:132,1
DA:133,2
DA:134,3
DA:138,7
DA:141,7
DA:142,14
DA:143,7
DA:146,1
DA:149,14
DA:150,7
DA:152,1
DA:153,2
DA:154,3
DA:158,1
DA:161,1
DA:162,2
DA:163,1
DA:164,2
DA:165,1
DA:166,1
DA:167,1
DA:169,0
DA:170,0
DA:171,0
LF:75
LH:72
end_of_record
SF:lib/features/services/domain/models/service.dart
DA:7,18
DA:24,3
DA:25,6
DA:26,6
DA:27,6
DA:70,26
DA:78,15
DA:79,15
DA:80,9
DA:83,70
DA:87,48
DA:92,21
DA:95,12
DA:96,24
DA:99,9
DA:100,37
DA:108,12
DA:114,12
DA:115,12
DA:119,6
DA:122,2
DA:134,6
DA:141,2
DA:142,1
DA:143,1
DA:144,1
DA:145,1
DA:146,1
DA:147,1
DA:148,1
DA:149,1
DA:150,1
DA:151,1
DA:152,1
DA:153,1
DA:160,6
DA:161,3
DA:162,3
DA:163,3
DA:164,3
DA:165,3
DA:166,3
DA:167,3
DA:168,3
DA:169,3
DA:170,3
DA:171,3
DA:172,3
DA:173,3
DA:176,4
DA:192,4
DA:193,4
DA:194,4
DA:195,4
DA:196,4
DA:197,4
DA:198,4
DA:199,4
DA:200,4
DA:201,4
DA:202,4
DA:203,4
DA:206,3
DA:207,4
DA:208,4
DA:212,8
DA:213,8
DA:214,8
DA:215,8
DA:216,8
DA:217,8
DA:218,8
DA:219,8
DA:220,8
DA:221,8
DA:222,8
DA:223,8
DA:224,8
DA:225,8
DA:226,8
DA:227,8
LF:81
LH:81
end_of_record
SF:lib/features/services/data/services/local_services_service.dart
DA:9,11
DA:12,11
DA:13,22
DA:15,8
DA:20,8
DA:21,15
DA:22,14
DA:27,7
DA:31,7
DA:32,35
DA:36,8
DA:46,8
DA:47,8
DA:48,14
DA:49,7
DA:50,7
DA:55,0
DA:58,1
DA:59,5
DA:60,3
DA:63,8
DA:64,0
DA:66,0
DA:67,0
DA:70,8
DA:71,8
DA:73,8
DA:74,8
DA:77,5
DA:78,5
DA:80,5
DA:81,5
DA:84,1
DA:85,0
DA:88,0
DA:89,0
DA:91,1
DA:92,1
DA:95,1
DA:96,1
DA:101,8
DA:107,11
DA:108,3
DA:109,3
DA:110,2
DA:111,2
DA:112,1
DA:118,2
DA:119,10
DA:120,0
DA:121,12
DA:123,5
DA:128,5
DA:129,5
DA:131,10
DA:132,25
DA:133,5
DA:134,10
DA:138,5
DA:140,5
DA:141,15
DA:146,5
DA:147,25
DA:148,25
DA:151,10
DA:152,5
DA:154,7
DA:157,10
DA:158,1
DA:160,0
DA:166,5
DA:170,5
DA:171,5
DA:173,9
DA:179,7
DA:184,7
DA:185,2
DA:186,2
DA:188,7
DA:189,6
DA:190,10
DA:191,10
DA:193,5
DA:194,6
DA:197,7
DA:198,35
DA:199,42
DA:201,1
DA:202,6
DA:203,5
DA:206,1
DA:207,1
DA:210,7
DA:211,7
DA:212,7
LF:95
LH:86
end_of_record
SF:lib/features/services/domain/models/service_group_by_date.dart
DA:5,5
DA:14,5
DA:19,5
DA:20,5
DA:21,5
DA:22,0
DA:26,1
DA:27,4
LF:8
LH:7
end_of_record
SF:lib/features/settings/data/repositories/firebase_currency_migration_repository.dart
DA:14,1
DA:26,1
DA:32,1
DA:40,2
DA:41,1
DA:42,2
DA:47,1
DA:53,1
DA:55,0
DA:56,0
DA:57,0
DA:61,1
DA:71,1
DA:72,1
DA:73,1
DA:79,2
DA:83,2
DA:84,1
DA:85,1
DA:87,2
DA:89,2
DA:92,2
DA:93,1
DA:94,1
DA:95,2
DA:97,3
DA:98,2
DA:99,2
DA:101,1
DA:104,1
DA:105,1
DA:106,1
DA:109,3
DA:110,3
LF:34
LH:31
end_of_record
SF:lib/features/settings/data/repositories/firebase_user_settings_repository.dart
DA:11,7
DA:24,7
DA:27,7
DA:30,35
DA:31,7
DA:35,1
DA:36,1
DA:37,1
DA:38,1
DA:39,1
DA:40,1
DA:42,1
DA:43,2
DA:44,1
DA:46,1
DA:47,1
DA:49,2
DA:53,1
DA:58,1
DA:59,0
DA:61,1
DA:62,0
DA:64,1
DA:67,1
DA:68,0
DA:72,1
DA:75,1
DA:76,2
DA:77,3
DA:81,1
DA:85,3
DA:87,1
DA:89,2
DA:91,1
DA:93,2
DA:94,1
DA:98,0
DA:100,0
DA:102,0
DA:104,0
DA:106,0
DA:108,0
DA:110,0
DA:111,0
DA:115,0
DA:118,0
DA:119,0
DA:120,0
DA:121,0
DA:122,0
DA:123,0
DA:128,1
DA:130,1
DA:131,2
DA:132,1
DA:133,2
DA:135,1
DA:136,2
DA:137,3
LF:59
LH:41
end_of_record
SF:lib/features/settings/domain/models/billing_cycle.dart
DA:28,5
DA:34,2
DA:35,2
DA:36,4
DA:38,2
DA:39,2
DA:40,2
DA:41,2
DA:42,2
DA:43,2
DA:44,1
DA:73,24
DA:80,8
DA:81,24
DA:82,16
DA:86,8
DA:87,32
DA:90,8
DA:91,8
DA:92,8
DA:93,8
DA:94,8
DA:95,16
DA:97,32
DA:101,8
DA:102,24
DA:103,8
DA:104,8
DA:110,5
DA:116,4
DA:119,8
DA:121,24
DA:123,8
DA:125,8
DA:126,8
DA:127,8
DA:128,16
DA:129,8
DA:131,8
DA:134,2
DA:135,2
DA:136,4
DA:137,2
DA:140,3
DA:141,9
DA:153,2
DA:158,2
DA:161,1
DA:162,2
DA:164,1
DA:166,2
DA:167,1
DA:170,1
DA:171,2
DA:172,1
DA:173,1
DA:174,2
DA:175,1
DA:177,1
DA:179,1
DA:186,2
DA:187,1
DA:188,1
DA:189,4
DA:192,2
DA:193,2
DA:194,4
DA:195,2
DA:198,2
DA:199,6
DA:204,1
DA:209,2
DA:212,1
DA:214,1
DA:215,4
DA:216,5
DA:219,1
DA:221,1
DA:222,1
DA:223,5
DA:228,2
DA:229,2
DA:230,4
DA:231,2
DA:234,1
DA:235,3
LF:86
LH:86
end_of_record
SF:lib/features/settings/domain/models/user_settings.dart
DA:14,9
DA:68,6
DA:72,30
DA:74,0
DA:75,0
DA:76,0
DA:77,0
DA:78,0
DA:79,0
DA:80,0
DA:81,0
DA:82,0
DA:83,0
DA:84,0
LF:14
LH:3
end_of_record
SF:lib/features/settings/data/user_document_currency_store.dart
DA:10,0
DA:19,0
DA:21,0
DA:24,0
DA:25,0
DA:28,0
DA:30,0
DA:33,0
LF:8
LH:0
end_of_record
SF:lib/features/subscription/data/errors/subscription_errors.dart
DA:7,0
DA:12,0
LF:2
LH:0
end_of_record
SF:lib/features/subscription/data/services/revenue_cat_subscription_service.dart
DA:16,0
DA:25,0
DA:27,0
DA:30,0
DA:31,0
DA:32,0
DA:33,0
DA:34,0
DA:36,0
DA:39,0
DA:43,0
DA:45,0
DA:46,0
DA:49,0
DA:51,0
DA:56,0
DA:59,0
DA:60,0
DA:61,0
DA:65,0
DA:67,0
DA:68,0
DA:71,0
DA:73,0
DA:74,0
DA:77,0
DA:80,0
DA:83,0
DA:84,0
DA:86,0
DA:91,0
DA:94,0
DA:95,0
DA:97,0
DA:102,0
DA:104,0
DA:106,0
DA:107,0
DA:108,0
DA:109,0
DA:110,0
DA:111,0
DA:112,0
DA:114,0
DA:118,0
DA:121,0
DA:122,0
DA:123,0
DA:124,0
DA:125,0
DA:129,0
DA:131,0
DA:133,0
DA:134,0
DA:136,0
DA:138,0
DA:141,0
DA:142,0
DA:143,0
DA:149,0
DA:150,0
DA:151,0
DA:152,0
DA:156,0
DA:158,0
DA:163,0
DA:164,0
DA:166,0
DA:168,0
DA:170,0
DA:173,0
DA:176,0
DA:177,0
LF:73
LH:0
end_of_record
SF:lib/features/subscription/domain/freemium_limits.dart
DA:6,3
DA:19,12
DA:20,9
DA:21,12
DA:46,8
DA:48,8
DA:50,8
DA:52,8
LF:8
LH:8
end_of_record
SF:lib/features/settings/presenter/controllers/currency_migration_controller.g.dart
DA:34,1
DA:35,1
DA:45,3
DA:46,3
DA:48,3
DA:50,3
DA:53,0
DA:54,0
DA:56,0
DA:61,3
DA:73,3
DA:76,3
DA:78,3
DA:80,3
DA:87,3
LF:15
LH:12
end_of_record
SF:lib/features/settings/presenter/controllers/currency_migration_controller.dart
DA:22,2
DA:23,4
DA:25,2
DA:26,4
DA:28,2
DA:29,4
DA:31,2
DA:32,4
DA:34,6
DA:36,3
DA:42,2
DA:43,6
DA:45,1
DA:50,4
DA:52,2
DA:53,6
DA:57,4
DA:58,6
DA:61,3
DA:62,1
DA:66,6
DA:68,4
DA:72,1
DA:73,3
DA:82,2
DA:83,6
DA:86,6
DA:95,4
DA:97,4
DA:98,4
DA:100,4
DA:101,6
DA:102,2
DA:103,6
DA:105,2
DA:108,0
DA:109,0
DA:111,0
DA:116,1
DA:118,3
DA:119,2
DA:123,0
DA:126,3
DA:129,4
DA:130,6
LF:45
LH:41
end_of_record
SF:lib/features/settings/presenter/controllers/currency_migration_state.dart
DA:8,2
DA:28,2
DA:29,4
DA:30,4
DA:31,4
DA:33,3
DA:35,2
DA:41,2
DA:42,0
DA:43,2
DA:44,2
DA:49,2
DA:50,2
DA:51,2
DA:52,2
DA:53,2
DA:54,2
LF:17
LH:16
end_of_record
SF:lib/features/settings/presenter/controllers/billing_cycle_controller.dart
DA:21,10
DA:22,20
DA:24,30
DA:29,10
DA:31,30
DA:35,20
DA:36,10
DA:45,1
DA:46,3
DA:49,2
DA:50,2
DA:55,2
DA:57,6
LF:13
LH:13
end_of_record
SF:lib/features/settings/presenter/controllers/billing_cycle_controller.g.dart
DA:38,1
DA:39,1
DA:49,10
DA:50,10
DA:52,10
DA:54,10
DA:57,10
DA:70,10
DA:73,10
DA:74,10
DA:76,10
DA:83,10
DA:98,1
DA:99,1
DA:109,2
DA:110,2
DA:112,2
DA:115,2
DA:117,2
DA:119,2
DA:123,0
DA:124,0
DA:126,0
DA:131,2
LF:24
LH:21
end_of_record
SF:lib/features/app_update/presenter/controllers/app_update_controller.dart
DA:19,3
DA:21,7
DA:22,7
DA:24,0
DA:25,0
DA:26,0
DA:28,1
DA:30,2
DA:31,3
DA:32,1
DA:33,0
DA:35,1
DA:42,7
DA:43,14
DA:47,3
DA:48,1
DA:53,1
DA:55,4
DA:61,1
DA:63,2
LF:20
LH:16
end_of_record
SF:lib/features/app_update/presenter/controllers/app_update_controller.g.dart
DA:17,1
DA:18,1
DA:28,7
DA:29,7
DA:31,7
DA:33,7
DA:36,0
DA:37,0
DA:39,0
DA:44,7
DA:49,7
DA:52,7
DA:53,7
DA:55,7
DA:62,7
LF:15
LH:12
end_of_record
SF:lib/features/app_update/presenter/controllers/app_update_state.dart
DA:5,7
DA:13,3
DA:14,21
DA:16,1
DA:22,1
DA:23,0
DA:24,1
DA:25,1
LF:8
LH:7
end_of_record
SF:lib/features/dashboard/presenter/controllers/dashboard_controller.g.dart
DA:17,2
DA:18,2
DA:28,9
DA:29,9
DA:31,9
DA:33,9
DA:36,0
DA:37,0
DA:39,0
DA:44,9
DA:49,9
DA:52,9
DA:53,9
DA:55,9
DA:62,9
LF:15
LH:12
end_of_record
SF:lib/features/dashboard/presenter/controllers/dashboard_controller.dart
DA:25,7
DA:26,14
DA:28,7
DA:29,14
DA:31,21
DA:33,21
DA:35,9
DA:38,18
DA:39,0
DA:46,27
DA:47,9
DA:48,18
DA:49,0
DA:52,9
DA:54,18
DA:58,7
DA:60,7
DA:61,14
DA:62,7
DA:63,7
DA:66,14
DA:67,1
DA:68,1
DA:70,1
DA:74,7
DA:75,35
DA:86,7
DA:87,21
DA:88,14
DA:91,7
DA:92,7
DA:98,7
DA:99,14
DA:100,21
DA:101,7
DA:102,7
DA:107,3
DA:109,9
DA:110,3
DA:111,3
DA:112,3
DA:113,0
DA:114,0
DA:116,0
DA:120,7
DA:125,7
DA:126,14
DA:133,7
DA:135,14
DA:137,14
DA:138,14
DA:142,7
DA:146,21
DA:150,14
DA:154,0
DA:155,0
DA:157,0
DA:164,2
DA:165,2
DA:167,6
DA:168,2
DA:169,4
DA:170,4
DA:171,1
DA:172,6
DA:173,2
DA:175,2
DA:182,7
DA:184,21
DA:185,6
DA:186,16
LF:71
LH:63
end_of_record
SF:lib/features/dashboard/presenter/controllers/dashboard_state.dart
DA:10,11
DA:49,18
DA:50,9
DA:51,9
DA:52,9
DA:56,12
DA:57,6
DA:58,6
DA:59,6
DA:64,14
DA:66,7
DA:67,7
DA:68,6
DA:69,24
DA:71,7
DA:75,7
DA:76,57
DA:78,8
DA:90,8
DA:91,2
DA:92,8
DA:93,3
DA:94,8
DA:95,8
DA:96,5
DA:97,5
DA:98,5
DA:99,5
DA:103,8
DA:104,8
DA:105,8
DA:106,8
DA:107,8
DA:108,8
DA:109,8
DA:110,8
DA:111,8
DA:112,8
DA:113,8
LF:39
LH:39
end_of_record
SF:lib/features/services/domain/models/service_totals.dart
DA:14,12
DA:24,12
DA:36,23
DA:37,22
DA:44,22
DA:45,22
DA:46,22
DA:52,2
DA:56,11
DA:57,11
DA:58,11
DA:63,11
DA:64,3
DA:66,11
DA:70,12
DA:102,24
DA:104,21
DA:106,0
DA:107,0
DA:108,0
DA:109,0
DA:110,0
DA:111,0
DA:112,0
DA:113,0
DA:114,0
LF:26
LH:17
end_of_record
SF:lib/features/services/presenter/controllers/service_form_controller.g.dart
DA:17,3
DA:20,3
DA:28,3
DA:29,3
DA:31,0
DA:33,0
DA:35,0
DA:38,3
DA:40,3
DA:42,3
DA:44,12
DA:47,3
DA:49,6
DA:53,3
DA:65,1
DA:66,1
DA:74,3
DA:75,3
DA:77,0
DA:83,9
DA:84,0
DA:87,3
DA:90,6
DA:92,3
DA:94,3
DA:101,3
LF:26
LH:21
end_of_record
SF:lib/features/services/presenter/controllers/service_form_controller.dart
DA:29,3
DA:30,6
DA:32,3
DA:33,6
DA:35,9
DA:37,3
DA:38,6
DA:40,9
DA:42,3
DA:43,6
DA:45,1
DA:46,4
DA:48,3
DA:49,9
DA:51,3
DA:54,9
DA:55,3
DA:56,3
DA:60,3
DA:67,1
DA:68,3
DA:69,1
DA:71,1
DA:76,3
DA:77,1
DA:79,2
DA:86,9
DA:87,3
DA:96,3
DA:97,3
DA:100,3
DA:101,2
DA:102,4
DA:107,1
DA:108,2
DA:113,3
DA:114,6
DA:118,3
DA:119,6
DA:122,1
DA:123,3
DA:125,2
DA:126,1
DA:130,2
DA:131,2
DA:132,1
DA:136,1
DA:142,1
DA:148,3
DA:151,1
DA:152,1
DA:153,0
DA:154,0
DA:155,0
DA:159,5
DA:160,1
DA:161,2
DA:162,2
DA:167,2
DA:168,2
DA:170,1
DA:171,0
DA:175,2
DA:176,1
DA:177,1
DA:181,2
DA:182,0
DA:186,3
DA:187,2
DA:188,2
DA:189,0
DA:190,2
DA:191,1
DA:193,2
DA:195,1
DA:196,1
DA:199,1
DA:205,1
DA:206,2
DA:207,1
DA:211,1
DA:212,2
DA:213,3
DA:216,1
DA:221,3
DA:224,1
DA:225,1
DA:226,1
DA:227,1
DA:228,1
DA:229,2
DA:230,2
DA:234,1
DA:235,0
DA:236,0
DA:237,0
DA:241,1
DA:242,0
DA:243,0
DA:244,0
DA:249,3
DA:250,1
DA:251,0
DA:255,1
DA:260,1
DA:264,1
DA:265,1
DA:268,3
DA:271,1
DA:274,1
DA:279,3
DA:280,2
DA:281,1
DA:283,2
DA:290,4
DA:294,1
DA:295,2
DA:296,3
DA:299,3
DA:300,6
DA:301,0
DA:303,0
DA:304,0
DA:305,0
DA:306,0
DA:308,0
DA:311,0
DA:315,3
DA:316,9
DA:320,3
DA:322,6
DA:323,3
DA:324,3
DA:326,3
DA:327,2
DA:331,9
DA:332,9
DA:334,6
DA:335,9
DA:336,3
DA:337,9
DA:338,3
DA:339,3
DA:340,6
DA:341,9
DA:342,3
DA:343,0
DA:344,0
DA:346,0
DA:350,1
DA:351,3
DA:355,1
DA:356,3
DA:357,3
DA:359,2
DA:360,2
DA:361,1
DA:362,1
DA:363,0
DA:364,0
DA:366,0
DA:370,3
DA:371,9
DA:373,9
DA:374,6
DA:375,3
DA:378,3
DA:383,1
DA:384,3
DA:386,3
DA:389,1
DA:390,3
DA:392,2
DA:393,3
DA:397,2
DA:398,6
DA:400,4
DA:401,2
DA:403,2
DA:405,4
DA:406,8
DA:410,4
DA:411,4
DA:412,0
DA:413,4
DA:414,2
DA:415,4
DA:417,2
DA:430,0
DA:431,0
DA:433,0
DA:434,0
DA:435,0
DA:440,2
DA:441,4
DA:442,6
DA:444,2
DA:447,2
DA:451,4
DA:452,6
DA:454,2
DA:457,3
DA:458,9
DA:460,6
DA:461,9
DA:465,1
DA:466,3
DA:468,1
DA:469,3
DA:472,1
DA:473,3
DA:475,2
DA:476,1
DA:477,2
DA:482,1
DA:483,3
DA:485,2
DA:486,3
DA:490,3
DA:491,9
DA:492,0
DA:493,0
DA:494,0
LF:223
LH:188
end_of_record
SF:lib/features/services/presenter/controllers/service_form_state.dart
DA:10,3
DA:18,3
DA:29,2
DA:31,2
DA:32,2
DA:33,10
DA:35,2
DA:36,2
DA:41,2
DA:42,6
DA:44,14
DA:46,2
DA:48,2
DA:51,2
DA:53,2
DA:54,2
DA:55,2
DA:56,2
DA:61,2
DA:62,4
DA:63,0
DA:65,0
DA:67,0
DA:69,0
DA:72,3
DA:81,3
DA:82,3
DA:83,3
DA:84,3
DA:85,3
DA:86,3
DA:87,3
DA:88,3
DA:92,3
DA:93,3
DA:94,3
DA:95,3
DA:96,3
DA:97,3
DA:98,3
DA:99,3
DA:100,3
LF:42
LH:38
end_of_record
SF:lib/features/services/presenter/controllers/service_types_controller.g.dart
DA:17,2
DA:18,2
DA:28,2
DA:29,2
DA:31,2
DA:33,2
DA:36,0
DA:37,0
DA:39,0
DA:44,2
DA:49,2
DA:52,2
DA:53,2
DA:55,2
DA:62,2
LF:15
LH:12
end_of_record
SF:lib/features/services/presenter/controllers/service_types_controller.dart
DA:21,1
DA:22,2
DA:24,1
DA:25,2
DA:27,6
DA:29,1
DA:30,2
DA:32,2
DA:33,2
DA:34,6
DA:38,1
DA:40,1
DA:42,1
DA:46,3
DA:47,0
DA:48,0
DA:50,0
DA:54,1
DA:55,5
DA:59,1
DA:61,3
DA:62,1
DA:63,1
DA:67,3
DA:68,1
DA:69,1
DA:71,1
DA:75,1
DA:77,1
DA:79,1
DA:80,1
DA:81,4
DA:82,1
DA:83,0
DA:84,0
DA:85,0
DA:89,3
DA:90,3
DA:91,4
DA:92,3
DA:95,4
DA:97,1
DA:98,2
DA:99,3
DA:100,0
DA:101,0
DA:103,0
DA:107,1
DA:109,4
DA:110,3
DA:111,3
DA:112,1
DA:114,3
DA:117,4
DA:119,0
DA:120,0
DA:122,0
DA:126,1
DA:128,3
DA:129,2
DA:130,3
DA:131,1
DA:133,3
DA:137,0
DA:138,0
DA:140,0
DA:147,1
DA:148,3
DA:149,0
DA:150,0
DA:151,0
DA:157,1
DA:158,3
DA:159,4
DA:163,1
DA:164,3
DA:167,1
DA:168,3
DA:169,3
DA:173,4
DA:174,3
DA:180,1
DA:181,3
DA:182,3
DA:185,0
DA:186,0
DA:187,0
DA:192,0
DA:193,0
DA:194,0
DA:200,5
DA:201,5
DA:202,0
DA:204,1
DA:205,4
DA:206,0
DA:207,0
DA:208,0
DA:212,2
DA:213,1
DA:214,1
DA:215,4
DA:216,0
DA:217,0
DA:218,0
DA:224,1
DA:225,3
DA:226,2
DA:227,1
DA:228,0
LF:110
LH:78
end_of_record
SF:lib/features/services/presenter/controllers/service_types_state.dart
DA:6,2
DA:12,2
DA:13,2
DA:18,1
DA:25,1
DA:26,1
DA:27,1
DA:28,1
DA:29,1
DA:30,1
DA:34,1
DA:35,1
DA:36,1
DA:37,1
DA:38,1
DA:39,1
DA:40,1
LF:17
LH:17
end_of_record
SF:lib/features/services/domain/models/receipt_filter.dart
DA:12,7
DA:13,7
DA:14,5
DA:15,4
LF:4
LH:4
end_of_record
SF:lib/features/services/presenter/controllers/service_landing_state.dart
DA:17,7
DA:31,6
DA:60,14
DA:61,7
DA:62,7
DA:63,14
DA:64,13
DA:66,7
DA:68,4
DA:69,2
DA:70,2
DA:71,2
DA:74,0
DA:75,0
DA:76,0
DA:77,0
DA:78,0
DA:82,0
DA:83,0
DA:84,0
DA:85,0
DA:88,0
DA:89,0
DA:94,25
DA:101,5
DA:102,5
DA:104,10
DA:105,5
DA:106,5
DA:107,2
DA:108,2
DA:111,5
DA:112,8
DA:113,5
DA:114,9
DA:117,7
DA:133,7
DA:134,5
DA:135,7
DA:136,5
DA:137,7
DA:138,7
DA:139,7
DA:140,7
DA:141,7
DA:142,7
DA:143,7
DA:144,7
DA:145,7
DA:146,14
DA:150,6
DA:151,6
DA:152,6
DA:153,6
DA:154,6
DA:155,6
DA:156,6
DA:157,6
DA:158,6
DA:159,6
DA:160,6
DA:161,6
DA:162,6
DA:163,6
DA:164,6
LF:65
LH:54
end_of_record
SF:lib/features/onboarding/domain/models/checklist_step.dart
DA:34,0
DA:35,0
DA:36,0
DA:37,0
DA:38,0
DA:39,0
DA:40,0
DA:41,0
DA:42,0
DA:51,3
DA:52,4
LF:11
LH:2
end_of_record
SF:lib/features/onboarding/presenter/controllers/checklist_controller.g.dart
DA:20,2
DA:21,2
DA:31,8
DA:32,8
DA:34,8
DA:36,8
DA:39,8
DA:46,8
DA:49,8
DA:50,8
DA:52,8
DA:59,8
LF:12
LH:12
end_of_record
SF:lib/features/onboarding/presenter/controllers/checklist_controller.dart
DA:19,3
DA:24,3
DA:26,3
DA:28,0
DA:29,0
DA:42,8
DA:43,16
DA:45,1
DA:46,2
DA:48,1
DA:49,2
DA:51,3
DA:53,24
DA:55,8
DA:57,24
DA:62,16
DA:65,16
DA:70,8
DA:72,2
DA:73,3
DA:76,2
DA:77,2
DA:78,2
DA:79,1
DA:80,1
DA:81,3
DA:82,1
DA:85,3
DA:87,1
DA:90,1
DA:94,1
DA:103,3
DA:104,6
DA:106,9
DA:107,7
DA:109,1
DA:112,3
DA:113,1
DA:114,2
DA:116,2
DA:119,2
DA:121,0
LF:42
LH:39
end_of_record
SF:lib/features/services/domain/models/service_breakdown.dart
DA:9,1
DA:34,0
DA:35,0
DA:45,1
DA:53,1
DA:58,1
DA:62,2
DA:63,3
DA:64,3
DA:71,1
DA:75,1
DA:76,1
DA:77,1
DA:78,2
DA:79,2
DA:83,2
DA:84,2
DA:85,1
DA:88,1
DA:96,1
DA:99,2
DA:100,2
DA:107,2
DA:108,2
DA:112,1
DA:116,1
DA:117,1
DA:119,2
DA:123,2
DA:124,2
DA:125,2
DA:126,2
DA:127,2
DA:131,2
DA:132,5
DA:134,1
DA:149,3
DA:153,6
DA:156,1
DA:157,6
DA:159,0
DA:160,0
LF:42
LH:38
end_of_record
SF:lib/features/services/presenter/controllers/live_service_provider.g.dart
DA:46,2
DA:49,2
DA:57,2
DA:58,2
DA:60,0
DA:62,0
DA:64,0
DA:67,2
DA:70,2
DA:72,2
DA:74,2
DA:75,2
DA:79,0
DA:80,0
DA:82,0
DA:86,2
DA:88,8
DA:91,2
DA:93,4
DA:97,2
DA:111,2
DA:112,2
DA:130,2
DA:131,2
DA:133,0
LF:25
LH:18
end_of_record
SF:lib/features/services/presenter/controllers/live_service_provider.dart
DA:18,2
DA:20,2
DA:21,4
DA:22,4
DA:25,4
DA:26,4
LF:6
LH:6
end_of_record
SF:lib/features/services/presenter/controllers/service_landing_controller.g.dart
DA:17,2
DA:18,2
DA:28,6
DA:29,6
DA:31,6
DA:33,6
DA:36,0
DA:37,0
DA:39,0
DA:44,6
DA:50,6
DA:53,6
DA:54,6
DA:56,6
DA:63,6
LF:15
LH:12
end_of_record
SF:lib/features/services/presenter/controllers/service_landing_controller.dart
DA:23,5
DA:24,10
DA:26,5
DA:27,10
DA:29,15
DA:31,18
DA:33,6
DA:36,12
DA:37,0
DA:39,6
DA:41,12
DA:42,12
DA:43,12
DA:49,5
DA:51,15
DA:52,4
DA:53,12
DA:60,5
DA:62,20
DA:63,5
DA:64,5
DA:65,5
DA:66,5
DA:67,1
DA:68,1
DA:70,0
DA:74,5
DA:78,10
DA:79,15
DA:86,5
DA:92,5
DA:93,10
DA:99,5
DA:101,10
DA:103,10
DA:104,10
DA:108,5
DA:111,15
DA:118,1
DA:119,1
DA:121,1
DA:125,5
DA:126,25
DA:130,1
DA:132,3
DA:133,4
DA:134,1
DA:135,1
DA:136,1
DA:137,1
DA:138,0
DA:139,0
DA:141,0
DA:145,1
DA:147,3
DA:148,3
DA:149,5
DA:150,1
DA:151,0
DA:152,0
DA:154,0
DA:158,1
DA:163,1
DA:164,1
DA:166,1
DA:170,1
DA:172,3
DA:174,2
DA:176,3
DA:179,1
DA:180,1
DA:183,1
DA:184,1
DA:185,1
DA:187,1
DA:188,0
DA:189,0
DA:191,0
DA:195,1
DA:197,3
DA:204,1
DA:205,1
DA:206,0
DA:207,0
DA:209,0
DA:213,1
DA:214,2
DA:216,2
DA:217,2
DA:218,2
DA:219,2
DA:223,2
DA:225,1
DA:230,1
DA:231,3
DA:232,3
DA:237,2
DA:238,6
DA:239,6
DA:246,2
DA:247,6
DA:248,6
DA:250,4
DA:254,2
DA:255,4
DA:256,4
DA:258,4
DA:259,4
DA:261,6
DA:267,2
DA:268,2
DA:270,6
DA:271,2
DA:272,4
DA:273,4
DA:274,1
DA:275,6
DA:276,2
DA:278,2
DA:293,1
DA:294,3
DA:295,2
DA:297,1
DA:298,2
DA:299,2
DA:302,3
DA:304,9
DA:305,15
DA:306,3
DA:307,0
DA:308,0
DA:310,0
LF:132
LH:115
end_of_record
SF:lib/features/services/presenter/controllers/service_receipt_controller.g.dart
DA:38,2
DA:39,2
DA:49,2
DA:50,2
DA:52,2
DA:54,2
DA:57,0
DA:58,0
DA:60,0
DA:65,2
DA:78,2
DA:81,2
DA:82,2
DA:84,2
DA:91,2
LF:15
LH:12
end_of_record
SF:lib/features/services/presenter/controllers/service_receipt_controller.dart
DA:25,6
DA:27,6
DA:29,2
DA:36,2
DA:39,2
DA:40,8
DA:47,2
DA:51,2
DA:53,4
DA:54,4
DA:56,6
DA:57,8
DA:58,8
DA:64,2
DA:65,2
DA:66,4
DA:67,2
LF:17
LH:17
end_of_record
SF:lib/features/onboarding/domain/preset_catalog.dart
DA:14,6
DA:15,2
DA:16,2
DA:17,2
DA:18,2
DA:19,2
DA:20,2
DA:21,2
DA:22,2
DA:23,2
DA:28,10
DA:41,2
DA:42,4
DA:43,4
DA:54,1
DA:55,1
DA:56,1
DA:58,3
DA:59,4
DA:60,4
DA:61,1
DA:66,1
DA:67,1
DA:68,4
DA:69,2
DA:71,1
DA:83,9
DA:85,6
DA:87,3
DA:88,3
DA:89,3
DA:90,3
DA:94,3
DA:95,3
DA:99,3
DA:100,3
DA:104,3
DA:105,3
DA:109,3
DA:110,3
DA:114,3
DA:115,3
DA:118,3
DA:119,3
DA:122,3
DA:123,3
DA:129,9
DA:131,6
DA:133,3
DA:144,3
DA:145,3
DA:146,0
DA:150,3
DA:151,0
DA:155,3
DA:156,0
DA:160,3
DA:161,0
DA:165,3
DA:166,0
DA:170,3
DA:171,0
DA:174,3
DA:175,0
DA:178,3
DA:179,0
DA:185,9
DA:187,6
DA:189,3
DA:203,3
DA:204,3
DA:205,0
DA:209,3
DA:210,0
DA:214,3
DA:215,0
DA:219,3
DA:220,0
DA:224,3
DA:225,0
DA:228,3
DA:229,0
DA:232,3
DA:233,0
DA:236,3
DA:237,0
DA:243,6
DA:245,3
DA:247,2
DA:248,2
DA:249,2
DA:250,0
DA:254,2
DA:255,0
DA:259,2
DA:260,0
DA:264,2
DA:265,0
DA:268,2
DA:269,0
DA:275,6
DA:277,3
DA:279,2
DA:288,2
DA:289,2
DA:290,0
DA:294,2
DA:295,0
DA:299,2
DA:300,0
DA:304,2
DA:305,0
DA:308,2
DA:309,0
DA:315,6
DA:317,3
DA:319,2
DA:330,2
DA:331,2
DA:332,0
DA:336,2
DA:337,0
DA:341,2
DA:342,0
DA:346,2
DA:347,0
DA:350,2
DA:351,0
DA:357,6
DA:359,3
DA:361,2
DA:370,2
DA:371,2
DA:372,0
DA:376,2
DA:377,0
DA:381,2
DA:382,0
DA:386,2
DA:387,0
DA:390,2
DA:391,0
DA:397,6
DA:399,3
DA:401,2
DA:413,2
DA:414,2
DA:415,0
DA:419,2
DA:420,0
DA:424,2
DA:425,0
DA:429,2
DA:430,0
DA:433,2
DA:434,0
DA:440,6
DA:442,3
DA:444,2
DA:455,2
DA:456,2
DA:457,0
DA:461,2
DA:462,0
DA:466,2
DA:467,0
DA:471,2
DA:472,0
DA:475,2
DA:476,0
LF:170
LH:124
end_of_record
SF:lib/features/onboarding/presenter/controllers/guided_setup_controller.g.dart
DA:35,2
DA:36,2
DA:46,2
DA:47,2
DA:49,2
DA:51,2
DA:54,2
DA:67,2
DA:70,2
DA:72,2
DA:74,2
DA:81,2
LF:12
LH:12
end_of_record
SF:lib/features/onboarding/presenter/controllers/guided_setup_controller.dart
DA:39,2
DA:40,4
DA:42,1
DA:43,2
DA:45,1
DA:46,2
DA:48,6
DA:50,6
DA:52,6
DA:58,2
DA:60,6
DA:72,6
DA:74,6
DA:75,6
DA:80,4
DA:82,2
DA:92,2
DA:93,2
DA:95,4
DA:100,0
DA:105,4
DA:107,3
DA:111,1
DA:112,1
DA:114,2
DA:115,1
DA:116,2
DA:118,2
DA:123,0
DA:124,0
DA:125,0
DA:126,0
DA:132,1
DA:133,1
DA:136,1
DA:137,1
DA:138,1
DA:140,2
DA:144,2
DA:145,1
DA:151,0
DA:152,0
DA:155,0
DA:156,0
DA:157,0
DA:158,0
DA:160,0
DA:166,0
DA:167,0
DA:175,0
DA:176,0
DA:183,0
DA:184,0
DA:187,0
DA:188,0
DA:189,0
DA:190,0
DA:191,0
DA:197,1
DA:198,1
DA:199,2
DA:204,3
DA:208,0
DA:218,1
DA:222,2
DA:223,1
DA:224,1
DA:225,1
DA:226,1
DA:227,1
DA:228,1
DA:229,1
DA:233,1
DA:234,1
DA:236,1
DA:243,1
DA:244,2
DA:245,1
DA:246,2
DA:247,2
DA:248,1
DA:249,1
DA:250,1
DA:257,0
DA:258,0
DA:260,0
DA:261,0
DA:262,0
DA:263,0
DA:264,0
DA:272,1
DA:273,1
DA:275,1
DA:276,1
DA:277,1
DA:278,1
DA:279,2
DA:280,3
DA:282,1
DA:289,0
DA:290,0
DA:293,0
DA:294,0
DA:296,0
DA:297,0
DA:301,0
DA:302,0
DA:303,0
DA:304,0
DA:305,0
DA:306,0
DA:316,0
DA:317,0
DA:319,0
DA:320,0
DA:321,0
DA:330,1
DA:331,1
DA:333,1
DA:334,1
DA:335,1
DA:336,1
DA:337,1
DA:338,1
DA:339,1
DA:345,1
DA:346,1
DA:348,1
DA:349,1
DA:350,1
DA:351,1
DA:352,2
DA:353,1
DA:358,1
DA:366,0
DA:367,0
DA:369,0
DA:372,1
DA:373,1
DA:378,1
DA:379,1
DA:380,1
DA:383,0
DA:384,4
DA:391,1
DA:392,1
DA:394,3
DA:397,1
DA:398,1
DA:400,3
DA:410,1
DA:411,1
DA:412,2
DA:414,2
DA:417,1
DA:419,1
DA:431,1
DA:433,4
DA:437,4
DA:439,1
DA:440,2
DA:442,1
DA:443,1
DA:444,1
DA:446,1
DA:451,1
DA:453,1
DA:454,1
DA:457,1
DA:458,1
DA:461,1
DA:462,1
DA:464,0
DA:478,1
DA:479,3
DA:480,2
DA:482,2
DA:483,2
DA:485,1
DA:486,1
DA:495,1
DA:496,3
DA:497,2
DA:499,1
DA:500,1
DA:501,1
DA:502,1
DA:503,1
DA:504,1
DA:505,1
DA:506,2
DA:507,1
DA:510,3
DA:520,2
DA:531,1
DA:535,1
DA:537,2
DA:538,1
DA:539,1
DA:540,4
DA:545,3
DA:546,3
DA:547,3
DA:550,0
DA:554,1
DA:555,1
DA:556,1
DA:557,1
DA:561,2
DA:562,1
DA:566,1
DA:567,1
DA:574,1
DA:578,1
DA:581,5
DA:586,5
DA:589,1
DA:590,1
DA:592,1
DA:593,1
DA:594,1
DA:595,1
DA:598,1
DA:599,2
DA:600,1
DA:604,2
DA:605,2
DA:611,1
DA:613,3
DA:614,0
DA:616,1
DA:617,1
DA:622,1
DA:623,2
DA:624,2
DA:629,1
DA:630,1
DA:631,1
DA:632,2
DA:634,3
DA:637,4
DA:642,1
DA:643,2
DA:644,1
DA:649,1
DA:650,1
DA:652,4
LF:247
LH:192
end_of_record
SF:lib/features/onboarding/presenter/controllers/guided_setup_state.dart
DA:27,2
DA:76,1
DA:77,5
DA:80,3
DA:82,2
DA:87,3
DA:89,1
DA:104,1
DA:105,1
DA:106,1
DA:107,1
DA:108,1
DA:109,1
DA:110,2
DA:111,1
DA:112,1
DA:113,1
DA:114,1
DA:116,1
DA:117,1
DA:119,1
DA:120,1
DA:121,1
DA:122,1
LF:24
LH:24
end_of_record
SF:lib/features/onboarding/domain/models/onboarding_segment.dart
DA:26,3
DA:29,12
LF:2
LH:2
end_of_record
SF:lib/features/onboarding/domain/models/profession_preset.dart
DA:13,3
DA:45,2
DA:46,4
LF:3
LH:3
end_of_record
SF:lib/features/onboarding/domain/models/service_preset.dart
DA:13,3
LF:1
LH:1
end_of_record
SF:lib/features/onboarding/domain/models/setup_catalog_item.dart
DA:10,1
DA:51,0
DA:53,1
DA:59,1
DA:60,1
DA:61,1
DA:62,2
DA:63,1
DA:64,1
DA:65,1
DA:66,1
DA:69,1
DA:70,1
DA:71,1
DA:72,1
DA:73,1
DA:74,1
DA:75,1
DA:76,1
DA:77,1
LF:20
LH:19
end_of_record
SF:lib/features/onboarding/presenter/controllers/onboarding_controller.dart
DA:25,8
DA:26,16
DA:28,8
DA:29,16
DA:31,24
DA:33,8
DA:35,24
DA:42,16
DA:43,8
DA:45,16
DA:46,8
DA:48,8
DA:52,2
DA:58,2
DA:59,6
DA:62,4
DA:63,2
DA:68,2
DA:69,6
DA:72,4
DA:73,2
LF:21
LH:21
end_of_record
SF:lib/features/onboarding/presenter/controllers/onboarding_controller.g.dart
DA:41,2
DA:42,2
DA:52,8
DA:53,8
DA:55,8
DA:57,8
DA:60,8
DA:75,8
DA:78,8
DA:80,8
DA:82,8
DA:89,8
LF:12
LH:12
end_of_record
SF:lib/features/app_update/presenter/pages/forced_update_page.dart
DA:7,1
DA:9,1
DA:11,0
DA:12,0
DA:13,0
DA:16,0
DA:19,1
DA:21,1
DA:22,2
DA:23,1
DA:24,1
DA:26,1
DA:29,1
DA:30,1
DA:33,3
DA:36,1
DA:37,2
DA:42,1
DA:43,2
DA:48,1
DA:50,2
LF:21
LH:17
end_of_record
SF:lib/features/auth/presenter/pages/login_page.dart
DA:11,1
DA:13,1
DA:14,1
DA:20,0
DA:21,0
DA:22,0
DA:25,0
DA:28,0
DA:36,0
DA:37,0
DA:38,0
DA:39,0
DA:41,0
DA:42,0
DA:43,0
DA:47,1
DA:49,1
DA:50,1
DA:51,1
DA:55,1
DA:56,2
DA:58,1
DA:59,3
DA:60,1
DA:61,1
DA:62,1
DA:63,1
DA:64,1
DA:69,1
DA:72,1
DA:73,1
DA:75,1
DA:78,1
DA:82,1
DA:83,2
DA:84,1
DA:85,1
DA:89,1
DA:90,2
DA:91,2
DA:94,1
DA:95,1
DA:96,2
DA:100,3
LF:44
LH:32
end_of_record
SF:lib/features/dashboard/presenter/pages/fast_dashboard_page.dart
DA:24,1
DA:26,6
DA:27,6
DA:31,6
DA:33,6
DA:34,6
DA:35,30
DA:39,6
DA:41,18
DA:45,18
DA:46,12
DA:47,0
DA:51,12
DA:53,6
DA:55,6
DA:60,30
DA:61,6
DA:68,6
DA:71,6
DA:72,12
DA:74,0
DA:75,0
DA:78,6
DA:87,6
DA:104,6
DA:105,6
DA:106,18
DA:107,6
DA:109,11
DA:111,5
DA:112,15
DA:115,6
DA:117,12
DA:119,6
DA:121,6
DA:122,18
DA:123,6
DA:125,6
DA:127,6
DA:131,18
DA:132,0
DA:140,6
DA:141,6
DA:142,6
DA:143,18
DA:146,6
DA:147,6
DA:148,6
DA:150,6
DA:151,12
DA:152,6
DA:154,6
DA:159,5
DA:160,5
DA:175,6
DA:180,6
DA:181,18
DA:182,12
DA:183,0
DA:184,24
DA:187,6
DA:189,6
DA:191,12
DA:192,6
DA:193,0
DA:194,6
DA:195,6
DA:197,6
DA:198,6
DA:200,18
DA:201,12
DA:202,0
DA:204,6
DA:205,6
DA:206,6
DA:207,18
DA:221,6
DA:234,6
DA:236,36
DA:237,12
DA:238,12
DA:241,6
DA:243,24
DA:245,12
DA:248,18
DA:256,0
DA:258,0
DA:259,0
DA:260,0
DA:262,0
DA:263,0
DA:265,0
DA:268,6
DA:270,12
DA:271,12
DA:276,12
DA:277,18
DA:278,18
DA:282,15
DA:285,6
DA:286,6
DA:287,6
DA:289,12
DA:293,6
DA:294,18
DA:300,6
DA:302,6
DA:303,6
DA:304,6
DA:305,6
DA:306,6
DA:310,12
DA:311,6
DA:312,18
DA:316,18
DA:328,6
DA:331,6
DA:332,6
DA:333,6
DA:334,6
DA:336,6
DA:337,18
DA:345,6
DA:346,0
DA:347,6
DA:348,6
DA:349,6
DA:350,6
DA:352,6
DA:353,18
DA:359,6
DA:362,18
DA:369,7
DA:371,1
DA:372,2
DA:373,1
DA:374,1
DA:375,1
DA:378,1
DA:380,1
DA:381,4
LF:141
LH:126
end_of_record
SF:lib/features/onboarding/presenter/pages/guided_setup_page.dart
DA:19,1
DA:21,1
DA:23,1
DA:27,2
DA:28,2
DA:29,2
DA:30,0
DA:33,1
DA:37,1
DA:38,1
DA:39,0
DA:40,1
DA:45,2
DA:46,2
DA:47,2
DA:50,0
DA:51,1
DA:52,0
DA:53,0
DA:54,0
DA:55,0
DA:56,0
DA:61,1
DA:63,1
DA:64,1
DA:65,3
LF:26
LH:18
end_of_record
SF:lib/features/settings/presenter/pages/currency_migration_page.dart
DA:11,1
DA:13,1
DA:15,1
DA:22,1
DA:23,5
DA:25,1
DA:27,2
DA:28,2
DA:29,1
DA:31,1
DA:33,1
DA:39,2
DA:40,1
DA:41,1
DA:43,1
DA:45,1
DA:47,1
DA:48,2
DA:52,1
DA:53,2
DA:56,2
DA:58,0
DA:59,0
DA:60,0
DA:65,1
DA:66,1
DA:67,2
DA:68,2
DA:70,0
DA:72,1
DA:73,1
DA:74,1
DA:75,0
DA:76,0
DA:77,0
DA:81,1
DA:82,1
DA:83,1
DA:84,1
DA:85,1
DA:86,1
DA:88,1
DA:89,1
DA:91,0
DA:96,1
DA:97,0
DA:98,0
DA:99,0
DA:100,0
DA:105,1
DA:106,2
DA:109,1
DA:110,1
DA:111,1
DA:113,0
DA:114,0
DA:115,0
DA:116,1
DA:117,0
DA:118,2
DA:120,1
DA:131,1
DA:141,1
DA:143,1
DA:144,1
DA:145,1
DA:146,5
DA:147,1
DA:149,3
DA:150,1
DA:151,1
DA:152,4
DA:154,1
LF:73
LH:57
end_of_record
SF:lib/core/routes/app_router.dart
DA:14,12
DA:15,6
DA:16,6
DA:17,6
DA:18,6
DA:19,6
DA:20,6
DA:21,6
DA:23,6
DA:26,12
DA:27,6
DA:28,6
DA:29,6
DA:30,6
DA:34,6
DA:35,6
DA:36,6
DA:37,6
DA:38,6
DA:39,6
DA:40,12
DA:42,6
DA:43,6
DA:44,12
DA:46,6
DA:47,6
DA:48,12
DA:50,6
DA:51,6
DA:52,12
LF:30
LH:30
end_of_record
SF:lib/features/auth/data/services/kazi_firebase_auth_service.dart
DA:7,6
DA:11,6
DA:12,24
DA:13,12
LF:4
LH:4
end_of_record
SF:lib/features/onboarding/domain/models/onboarding_hint.dart
DA:27,0
DA:28,0
DA:29,0
DA:30,0
DA:31,0
DA:32,0
DA:35,0
DA:36,0
DA:37,0
DA:38,0
DA:39,0
LF:11
LH:0
end_of_record
SF:lib/app_shell.dart
DA:21,6
DA:25,6
DA:26,6
DA:30,6
DA:32,6
DA:33,18
DA:34,6
DA:41,6
DA:42,6
DA:43,6
DA:44,6
DA:47,6
DA:48,18
DA:49,6
DA:50,0
DA:52,0
DA:53,0
DA:55,0
DA:56,0
DA:59,0
DA:62,6
DA:63,18
DA:64,6
DA:67,0
DA:70,0
DA:71,0
DA:72,0
DA:74,0
DA:78,6
DA:80,12
DA:84,14
DA:86,8
DA:87,4
DA:88,2
DA:91,6
DA:92,12
DA:94,6
DA:95,18
DA:98,6
DA:99,18
DA:100,6
DA:101,6
DA:102,6
DA:104,12
DA:106,6
DA:108,12
DA:110,6
DA:112,12
DA:114,6
DA:116,12
DA:123,5
DA:126,15
DA:128,20
DA:134,6
DA:138,6
DA:140,18
DA:142,6
DA:143,11
DA:145,6
DA:147,4
DA:161,6
DA:163,6
DA:165,12
DA:166,6
DA:167,8
DA:168,18
LF:66
LH:55
end_of_record
SF:lib/features/app_update/app_update.dart
DA:11,12
DA:12,6
DA:13,6
DA:14,1
LF:4
LH:4
end_of_record
SF:lib/features/onboarding/presenter/controllers/whats_new_controller.g.dart
DA:32,1
DA:33,1
DA:43,6
DA:44,6
DA:46,6
DA:48,6
DA:51,0
DA:52,0
DA:54,0
DA:59,6
DA:70,6
DA:73,6
DA:74,6
DA:76,6
DA:83,6
LF:15
LH:12
end_of_record
SF:lib/features/onboarding/presenter/controllers/whats_new_controller.dart
DA:15,6
DA:18,6
DA:19,18
DA:20,6
DA:23,3
DA:24,1
DA:25,3
DA:26,1
DA:30,0
DA:35,0
DA:37,0
DA:38,0
DA:39,0
DA:41,0
LF:14
LH:8
end_of_record
SF:lib/features/onboarding/presenter/pages/whats_new_page.dart
DA:11,0
DA:15,0
DA:17,0
DA:18,0
DA:20,0
DA:21,0
DA:22,0
DA:23,0
DA:25,0
DA:27,0
DA:29,0
DA:35,0
DA:37,0
DA:38,0
DA:39,0
DA:51,1
DA:55,0
DA:57,0
DA:58,0
DA:59,0
DA:60,0
DA:61,0
DA:64,0
DA:66,0
DA:68,0
DA:69,0
DA:73,0
DA:74,0
DA:79,0
LF:29
LH:1
end_of_record
SF:lib/features/onboarding/presenter/widgets/hint_anchor.dart
DA:14,6
DA:28,6
DA:29,6
DA:36,6
DA:38,6
DA:39,24
DA:42,5
DA:44,5
DA:47,13
DA:48,4
DA:52,6
DA:56,6
DA:57,6
DA:60,6
DA:61,18
DA:62,6
DA:64,18
DA:65,18
DA:66,0
DA:70,0
DA:72,0
DA:73,0
DA:74,0
DA:75,0
DA:76,0
DA:77,0
DA:81,6
DA:83,24
LF:28
LH:20
end_of_record
SF:lib/features/subscription/subscription.dart
DA:10,2
DA:11,4
DA:12,2
DA:14,4
LF:4
LH:4
end_of_record
SF:lib/core/constants/form_keys.dart
DA:3,6
DA:6,2
DA:7,2
DA:8,6
LF:4
LH:4
end_of_record
SF:lib/core/currency/currency_providers.g.dart
DA:29,1
DA:32,1
DA:40,1
DA:41,1
DA:43,0
DA:45,0
DA:47,0
DA:50,1
DA:53,1
DA:55,1
DA:57,1
DA:58,1
DA:61,1
DA:63,4
DA:66,1
DA:68,2
DA:72,1
DA:80,1
DA:81,1
DA:93,1
DA:94,1
DA:96,0
LF:22
LH:18
end_of_record
SF:lib/core/currency/currency_providers.dart
DA:9,1
DA:11,2
DA:12,2
LF:3
LH:3
end_of_record
SF:lib/core/routes/navigation_keys.dart
DA:3,18
DA:7,18
DA:8,18
DA:9,18
DA:10,18
LF:5
LH:5
end_of_record
SF:lib/features/clients/clients.dart
DA:15,1
DA:21,18
DA:23,6
DA:24,4
DA:25,4
DA:29,18
DA:31,6
DA:32,2
DA:33,1
DA:34,2
DA:39,12
DA:40,6
DA:41,2
DA:42,18
LF:14
LH:14
end_of_record
SF:lib/features/dashboard/dashboard.dart
DA:6,12
DA:7,6
DA:8,6
LF:3
LH:3
end_of_record
SF:lib/features/onboarding/onboarding.dart
DA:7,12
DA:8,18
DA:9,6
DA:10,6
DA:11,1
LF:5
LH:5
end_of_record
SF:lib/features/auth/auth.dart
DA:6,12
DA:7,13
LF:2
LH:2
end_of_record
SF:lib/features/settings/settings.dart
DA:16,12
DA:17,6
DA:18,1
DA:19,6
DA:20,6
DA:21,6
DA:23,0
DA:25,6
DA:30,6
DA:32,0
DA:39,12
DA:40,6
DA:41,6
DA:42,1
LF:14
LH:12
end_of_record
SF:lib/features/services/services.dart
DA:13,1
DA:25,18
DA:27,6
DA:28,4
DA:29,2
DA:30,2
DA:35,18
DA:37,6
DA:38,2
DA:39,1
DA:40,2
DA:45,18
DA:47,0
DA:48,6
DA:49,6
DA:51,6
DA:52,0
DA:57,12
DA:58,6
DA:59,4
DA:60,18
LF:21
LH:19
end_of_record
SF:lib/core/utils/ad_helper.dart
DA:6,0
DA:7,0
DA:8,0
DA:12,0
DA:15,0
DA:19,0
DA:23,0
DA:24,0
DA:25,0
DA:26,0
LF:10
LH:0
end_of_record
SF:lib/core/widgets/ads/ad_block.dart
DA:8,0
DA:11,0
DA:13,0
DA:14,0
DA:15,0
DA:16,0
DA:19,0
LF:7
LH:0
end_of_record
SF:lib/core/widgets/ads/widgets/ad_widget.dart
DA:5,0
DA:9,0
DA:11,0
DA:12,0
DA:15,0
DA:16,0
DA:17,0
LF:7
LH:0
end_of_record
SF:lib/core/widgets/expanded_section/expanded_section.dart
DA:4,4
DA:12,4
DA:13,4
DA:21,4
DA:23,4
DA:24,4
DA:25,4
DA:28,4
DA:29,8
DA:33,8
DA:34,4
DA:39,4
DA:40,8
DA:41,8
DA:43,0
DA:47,3
DA:49,3
DA:50,3
DA:53,4
DA:55,8
DA:56,4
DA:59,4
DA:61,4
DA:63,4
DA:64,8
LF:25
LH:24
end_of_record
SF:lib/core/widgets/sub_nav_bar.dart
DA:5,5
DA:18,5
DA:20,5
DA:22,5
DA:23,5
DA:24,5
DA:25,5
DA:26,0
DA:32,10
DA:35,13
LF:10
LH:9
end_of_record
SF:lib/features/app_update/presenter/widgets/optional_update_dialog.dart
DA:6,0
DA:10,0
DA:12,0
DA:13,0
DA:14,0
DA:15,0
DA:16,0
DA:18,0
DA:19,0
DA:20,0
DA:21,0
LF:11
LH:0
end_of_record
SF:lib/features/auth/presenter/widgets/login_legal_text.dart
DA:7,1
DA:20,1
DA:21,1
DA:27,1
DA:29,1
DA:30,1
DA:33,1
DA:34,1
DA:35,0
DA:37,2
DA:40,0
DA:41,0
DA:43,1
DA:45,1
DA:47,1
DA:48,1
DA:49,1
DA:51,1
DA:56,3
DA:57,1
DA:58,2
DA:61,2
DA:64,1
DA:65,1
DA:66,1
DA:67,1
DA:81,1
DA:87,1
DA:90,2
DA:94,1
DA:96,2
DA:97,1
DA:100,1
DA:101,5
DA:108,3
DA:112,1
DA:113,1
DA:114,2
DA:118,1
DA:120,1
DA:121,2
DA:123,0
DA:124,0
DA:125,0
DA:126,0
DA:130,2
LF:46
LH:39
end_of_record
SF:lib/features/auth/presenter/widgets/sign_in_provider_button.dart
DA:5,1
DA:20,1
DA:24,3
DA:25,3
DA:27,1
DA:33,1
DA:34,1
DA:36,1
DA:45,1
DA:47,1
DA:48,2
DA:50,1
DA:51,1
DA:52,1
DA:53,1
LF:15
LH:15
end_of_record
SF:lib/features/auth/presenter/widgets/sign_out_dialog.dart
DA:17,0
DA:18,0
DA:20,0
DA:21,0
DA:22,0
DA:24,0
DA:26,0
DA:28,0
DA:29,0
DA:36,0
DA:37,0
DA:38,0
DA:40,0
DA:41,0
DA:42,0
LF:15
LH:0
end_of_record
SF:lib/features/onboarding/presenter/controllers/active_user_nudges_controller.g.dart
DA:40,1
DA:41,1
DA:51,6
DA:52,6
DA:54,6
DA:56,6
DA:59,6
DA:72,6
DA:75,6
DA:77,6
DA:80,6
DA:90,6
LF:12
LH:12
end_of_record
SF:lib/features/onboarding/presenter/controllers/active_user_nudges_controller.dart
DA:15,2
DA:28,18
DA:30,0
DA:31,0
DA:42,1
DA:43,2
DA:45,1
DA:46,2
DA:48,3
DA:56,6
DA:58,18
DA:59,6
DA:61,3
DA:65,2
DA:66,2
DA:68,1
DA:73,2
DA:74,1
DA:77,3
DA:78,1
DA:81,0
DA:87,0
DA:88,0
DA:91,0
DA:95,0
DA:97,0
DA:99,0
DA:102,0
DA:103,0
DA:104,0
DA:107,0
DA:108,0
DA:109,0
LF:33
LH:18
end_of_record
SF:lib/features/clients/presenter/pages/client_details_page.dart
DA:12,1
DA:16,1
DA:18,2
DA:20,2
DA:21,3
DA:22,2
DA:23,0
DA:27,0
DA:28,0
DA:29,0
DA:30,0
DA:33,0
DA:34,0
DA:36,0
DA:37,0
DA:38,0
DA:39,0
DA:41,0
DA:48,0
DA:50,1
DA:52,1
DA:53,2
DA:58,2
DA:59,3
DA:62,0
DA:63,0
DA:64,0
DA:69,0
DA:70,0
DA:71,0
DA:72,0
DA:75,0
DA:85,1
DA:95,1
DA:97,1
DA:98,1
DA:99,2
DA:100,1
DA:101,1
DA:102,0
DA:104,0
DA:106,3
DA:107,4
DA:110,1
DA:111,1
DA:112,3
DA:113,1
DA:115,3
DA:120,1
DA:121,1
DA:122,2
DA:123,2
DA:124,2
DA:125,2
DA:126,1
DA:127,1
LF:56
LH:33
end_of_record
SF:lib/features/clients/presenter/pages/client_form_page.dart
DA:9,2
DA:13,2
DA:14,2
DA:22,2
DA:24,4
DA:25,2
DA:28,0
DA:29,0
DA:31,0
DA:32,0
DA:33,0
DA:36,1
DA:37,3
DA:38,1
DA:42,2
DA:44,6
DA:46,5
DA:47,3
DA:48,3
DA:49,1
DA:51,1
DA:52,1
DA:53,1
DA:54,0
DA:55,0
DA:56,0
DA:61,6
DA:62,4
DA:64,2
DA:65,2
DA:66,4
DA:67,0
DA:68,0
DA:71,2
DA:72,2
DA:73,2
DA:74,0
DA:75,4
DA:77,2
DA:78,4
DA:79,2
DA:80,2
DA:81,2
DA:83,2
DA:84,2
DA:85,4
DA:86,2
DA:87,4
DA:90,2
DA:91,4
DA:92,2
DA:94,2
DA:95,2
DA:97,2
DA:101,2
DA:102,4
DA:103,2
DA:104,4
DA:107,2
DA:108,4
DA:109,2
DA:111,2
DA:112,2
DA:114,2
DA:118,2
DA:119,4
DA:120,2
DA:121,4
DA:124,2
DA:125,4
DA:126,2
DA:128,2
DA:129,2
DA:131,2
DA:135,2
DA:136,4
DA:137,2
DA:138,4
DA:141,2
DA:142,4
DA:143,2
DA:146,2
DA:149,2
DA:150,4
DA:151,2
DA:152,4
DA:155,2
DA:156,4
DA:157,2
DA:158,0
DA:159,2
DA:160,2
DA:163,2
DA:165,2
DA:166,4
DA:167,2
DA:177,0
DA:178,0
DA:181,0
DA:182,0
LF:100
LH:84
end_of_record
SF:lib/features/clients/presenter/pages/clients_page.dart
DA:15,1
DA:17,2
DA:18,2
DA:25,2
DA:27,2
DA:28,6
DA:29,2
DA:30,10
DA:34,2
DA:36,2
DA:37,4
DA:38,2
DA:41,0
DA:42,0
DA:43,0
DA:44,0
DA:48,0
DA:49,0
DA:50,0
DA:51,0
DA:55,2
DA:57,6
DA:58,6
DA:59,4
DA:60,0
DA:64,4
DA:66,2
DA:67,2
DA:69,4
DA:70,0
DA:71,0
DA:72,2
DA:74,2
DA:75,2
DA:76,4
DA:80,2
DA:81,4
DA:84,2
DA:87,2
DA:88,2
DA:89,4
DA:91,2
DA:93,6
DA:95,0
DA:97,0
DA:99,2
DA:100,2
DA:112,2
DA:117,2
DA:119,4
DA:121,2
DA:122,2
DA:123,8
DA:124,2
DA:125,4
DA:132,2
DA:133,2
DA:135,2
DA:137,1
DA:139,1
DA:140,2
DA:141,1
LF:62
LH:49
end_of_record
SF:lib/features/clients/presenter/widgets/client_details_content.dart
DA:6,1
DA:23,1
DA:25,2
DA:26,4
DA:27,3
DA:29,1
DA:31,1
DA:32,4
DA:34,1
DA:35,2
DA:36,1
DA:38,3
DA:40,4
DA:42,3
DA:44,1
DA:45,2
DA:46,1
DA:49,0
DA:51,0
DA:52,0
DA:54,0
DA:57,1
DA:58,1
DA:59,2
DA:62,1
DA:63,2
DA:64,0
DA:65,0
DA:66,0
DA:67,0
DA:70,1
DA:71,2
DA:72,1
DA:73,0
DA:74,0
DA:79,0
DA:80,0
DA:81,0
DA:91,1
DA:96,1
DA:98,1
DA:100,1
DA:101,1
DA:102,1
DA:103,1
DA:104,2
DA:108,2
DA:115,1
DA:119,1
DA:121,1
DA:124,2
DA:125,0
DA:126,0
DA:127,1
DA:128,2
DA:129,1
DA:131,1
DA:133,1
DA:135,1
DA:136,2
DA:138,1
DA:139,1
DA:140,1
DA:141,2
LF:64
LH:49
end_of_record
SF:lib/features/clients/presenter/widgets/client_list_item.dart
DA:6,2
DA:17,1
DA:18,1
DA:20,2
DA:21,2
DA:22,2
DA:23,2
DA:25,2
DA:27,1
DA:28,1
DA:29,2
DA:35,2
DA:37,4
DA:38,8
DA:39,4
DA:41,2
DA:42,2
DA:43,2
DA:44,2
DA:45,2
DA:46,2
DA:48,2
DA:49,2
DA:50,2
DA:51,2
DA:53,2
DA:54,4
DA:55,2
DA:57,0
DA:58,0
DA:59,0
DA:60,0
DA:64,4
DA:66,2
DA:68,2
DA:69,4
DA:76,2
DA:78,4
LF:38
LH:34
end_of_record
SF:lib/features/dashboard/presenter/widgets/today_service_card.dart
DA:13,5
DA:19,5
DA:20,10
DA:21,10
DA:24,15
DA:27,5
DA:29,10
DA:30,5
DA:33,5
DA:35,5
DA:36,0
DA:38,0
DA:40,5
DA:41,5
DA:42,5
DA:47,15
DA:48,10
DA:50,5
DA:51,5
DA:53,5
DA:54,5
DA:55,5
DA:56,5
DA:59,5
DA:60,5
DA:61,5
DA:66,5
DA:67,5
DA:71,5
DA:72,5
DA:73,10
DA:74,5
DA:75,10
DA:80,5
DA:82,5
DA:86,11
DA:96,5
DA:97,5
DA:98,10
LF:39
LH:37
end_of_record
SF:lib/features/onboarding/presenter/widgets/active_user_nudges.dart
DA:13,1
DA:15,6
DA:17,18
DA:20,6
DA:21,6
DA:22,7
DA:23,6
DA:24,3
DA:31,1
DA:35,1
DA:36,1
DA:40,1
DA:41,3
DA:44,2
DA:51,1
DA:53,1
DA:55,1
DA:56,1
DA:57,2
DA:59,1
DA:60,1
DA:61,1
DA:62,1
DA:63,1
DA:64,2
DA:68,1
DA:69,1
DA:70,1
DA:71,3
DA:75,1
DA:77,1
DA:78,1
DA:79,1
DA:82,1
DA:84,1
DA:85,2
DA:86,0
DA:89,0
DA:90,0
DA:92,2
DA:103,1
DA:107,1
DA:109,1
DA:110,1
DA:111,2
DA:113,1
DA:114,1
DA:115,1
DA:116,1
DA:117,1
DA:118,1
DA:119,2
DA:120,1
DA:121,2
DA:125,1
DA:126,1
DA:128,3
DA:130,1
DA:134,1
DA:135,1
DA:136,1
DA:137,3
DA:141,1
DA:143,1
DA:144,1
DA:147,0
LF:66
LH:62
end_of_record
SF:lib/features/onboarding/presenter/widgets/onboarding_checklist_card.dart
DA:12,1
DA:14,6
DA:16,18
DA:17,6
DA:19,0
DA:20,0
DA:21,0
DA:23,0
DA:30,0
DA:31,0
DA:34,0
DA:36,0
DA:37,0
DA:38,0
DA:39,0
DA:40,0
DA:41,0
DA:42,0
DA:43,0
DA:47,0
DA:48,0
DA:49,0
DA:54,0
DA:56,0
DA:57,0
DA:65,0
DA:70,0
DA:72,0
DA:74,0
DA:76,0
DA:77,0
DA:79,0
DA:80,0
DA:87,0
DA:92,0
DA:94,0
DA:95,0
DA:97,0
DA:98,0
DA:99,0
DA:101,0
DA:102,0
DA:103,0
DA:106,0
DA:107,0
DA:109,0
DA:110,0
DA:114,0
DA:115,0
DA:119,0
DA:120,0
DA:121,0
DA:122,0
DA:124,0
LF:54
LH:4
end_of_record
SF:lib/features/services/presenter/widgets/partial_totals_note.dart
DA:13,0
DA:17,0
DA:19,0
DA:21,0
DA:23,0
DA:24,0
DA:25,0
DA:28,0
DA:31,0
DA:32,0
DA:33,0
LF:11
LH:0
end_of_record
SF:lib/features/services/presenter/widgets/received_badge.dart
DA:12,1
DA:14,1
DA:16,1
DA:18,1
DA:23,1
DA:24,2
DA:27,1
DA:28,3
DA:29,1
DA:30,2
LF:10
LH:10
end_of_record
SF:lib/features/onboarding/presenter/pages/splash_page.dart
DA:6,1
DA:8,6
DA:9,6
DA:34,12
DA:39,6
DA:41,6
DA:42,12
DA:45,6
DA:47,12
DA:48,6
DA:51,6
DA:57,12
DA:59,6
DA:61,6
DA:62,18
DA:63,6
DA:64,6
DA:65,6
DA:66,6
DA:67,6
DA:68,6
DA:70,6
DA:71,6
DA:74,6
DA:77,6
DA:78,6
DA:81,6
DA:83,18
DA:89,6
DA:91,6
DA:93,6
DA:94,6
DA:95,6
DA:98,6
DA:99,18
DA:100,12
DA:117,6
DA:129,6
DA:131,6
DA:132,0
DA:135,18
DA:137,6
DA:139,6
DA:140,12
DA:141,6
DA:142,6
DA:143,24
LF:47
LH:46
end_of_record
SF:lib/features/onboarding/presenter/controllers/hint_controller.dart
DA:22,0
DA:24,6
DA:28,6
DA:29,6
DA:30,6
DA:33,18
DA:34,12
DA:38,0
DA:45,0
DA:47,0
DA:48,0
DA:49,0
DA:51,0
DA:56,0
DA:57,0
DA:59,0
LF:16
LH:6
end_of_record
SF:lib/features/onboarding/presenter/controllers/hint_controller.g.dart
DA:29,1
DA:30,1
DA:40,6
DA:41,6
DA:43,6
DA:45,6
DA:48,0
DA:49,0
DA:51,0
DA:56,6
DA:65,6
DA:68,6
DA:69,6
DA:71,6
DA:78,6
LF:15
LH:12
end_of_record
SF:lib/features/onboarding/presenter/widgets/setup_catalog_step.dart
DA:17,0
DA:21,0
DA:23,0
DA:24,0
DA:25,0
DA:26,0
DA:28,0
DA:30,0
DA:32,0
DA:33,0
DA:35,0
DA:36,0
DA:37,0
DA:38,0
DA:41,0
DA:42,0
DA:45,0
DA:46,0
DA:47,0
DA:49,0
DA:51,0
DA:52,0
DA:53,0
DA:54,0
DA:55,0
DA:56,0
DA:57,0
DA:62,0
DA:63,0
DA:64,0
DA:66,0
DA:67,0
DA:69,0
DA:70,0
DA:71,0
DA:72,0
DA:73,0
DA:83,0
DA:88,0
DA:90,0
DA:92,0
DA:93,0
DA:95,0
DA:97,0
DA:100,0
DA:101,0
LF:46
LH:0
end_of_record
SF:lib/features/onboarding/presenter/widgets/setup_commission_step.dart
DA:16,0
DA:24,0
DA:26,0
DA:27,0
DA:28,0
DA:32,0
DA:34,0
DA:36,0
DA:37,0
DA:38,0
DA:39,0
DA:40,0
DA:41,0
DA:43,0
DA:45,0
DA:46,0
DA:49,0
DA:50,0
DA:51,0
DA:52,0
DA:53,0
DA:54,0
DA:59,0
DA:60,0
DA:61,0
DA:63,0
DA:64,0
DA:66,0
DA:67,0
DA:68,0
DA:69,0
DA:70,0
DA:78,0
DA:79,0
DA:80,0
DA:81,0
DA:82,0
DA:84,0
DA:85,0
DA:90,0
DA:95,0
DA:97,0
DA:99,0
DA:101,0
DA:103,0
DA:106,0
DA:107,0
DA:108,0
DA:112,0
DA:115,0
DA:116,0
DA:117,0
DA:118,0
DA:119,0
DA:128,0
LF:55
LH:0
end_of_record
SF:lib/features/onboarding/presenter/widgets/setup_cycle_step.dart
DA:18,0
DA:22,0
DA:24,0
DA:25,0
DA:26,0
DA:28,0
DA:30,0
DA:31,0
DA:32,0
DA:33,0
DA:34,0
DA:35,0
DA:37,0
DA:39,0
DA:40,0
DA:41,0
DA:42,0
DA:43,0
DA:44,0
DA:46,0
DA:47,0
DA:49,0
DA:50,0
DA:51,0
DA:52,0
DA:56,0
DA:57,0
DA:58,0
DA:59,0
DA:64,0
DA:66,0
DA:67,0
DA:68,0
DA:71,0
DA:78,0
DA:79,0
DA:81,0
DA:83,0
DA:85,0
DA:86,0
DA:88,0
DA:89,0
DA:90,0
DA:91,0
DA:92,0
DA:93,0
DA:94,0
DA:101,0
LF:48
LH:0
end_of_record
SF:lib/features/onboarding/presenter/widgets/setup_first_service_step.dart
DA:20,0
DA:24,0
DA:26,0
DA:31,0
DA:32,0
DA:34,0
DA:35,0
DA:36,0
DA:39,0
DA:41,0
DA:43,0
DA:44,0
DA:45,0
DA:47,0
DA:48,0
DA:49,0
DA:50,0
DA:51,0
DA:52,0
DA:54,0
DA:57,0
DA:59,0
DA:60,0
DA:61,0
DA:65,0
DA:66,0
DA:67,0
DA:68,0
DA:69,0
DA:71,0
DA:73,0
DA:74,0
DA:75,0
DA:76,0
DA:77,0
DA:78,0
DA:79,0
DA:82,0
DA:88,0
DA:89,0
DA:90,0
DA:92,0
DA:94,0
DA:95,0
DA:96,0
DA:97,0
DA:98,0
DA:99,0
DA:100,0
DA:101,0
DA:103,0
DA:105,0
DA:106,0
DA:107,0
DA:108,0
DA:111,0
DA:115,0
DA:116,0
DA:117,0
DA:118,0
DA:120,0
DA:121,0
DA:122,0
DA:123,0
DA:124,0
DA:127,0
DA:128,0
DA:129,0
DA:130,0
DA:134,0
DA:135,0
DA:136,0
DA:138,0
DA:139,0
DA:140,0
DA:141,0
LF:76
LH:0
end_of_record
SF:lib/features/onboarding/presenter/widgets/setup_profession_step.dart
DA:17,1
DA:21,1
DA:23,1
DA:30,0
DA:31,0
DA:33,1
DA:35,1
DA:36,0
DA:37,0
DA:38,0
DA:39,0
DA:43,1
DA:45,1
DA:48,3
DA:49,3
DA:50,1
DA:51,1
DA:52,1
DA:53,1
DA:54,1
DA:56,0
DA:58,1
DA:59,1
DA:60,1
DA:61,1
DA:62,2
DA:63,2
DA:64,0
DA:66,1
DA:67,1
DA:69,0
DA:81,0
DA:91,0
DA:92,0
DA:99,0
DA:101,0
DA:102,0
DA:105,0
DA:106,0
DA:108,0
DA:110,0
DA:112,0
DA:114,0
DA:115,0
DA:116,0
DA:117,0
DA:118,0
DA:119,0
DA:121,0
DA:123,0
DA:125,0
DA:126,0
DA:127,0
DA:128,0
DA:130,0
DA:133,0
DA:134,0
DA:135,0
DA:137,0
DA:139,0
DA:141,0
DA:142,0
DA:143,0
DA:144,0
DA:160,0
DA:164,0
DA:166,0
DA:167,0
DA:169,0
DA:171,0
DA:172,0
DA:173,0
DA:174,0
DA:175,0
DA:177,0
DA:178,0
DA:179,0
DA:180,0
DA:181,0
DA:182,0
DA:183,0
DA:185,0
DA:186,0
DA:187,0
DA:188,0
DA:189,0
LF:86
LH:22
end_of_record
SF:lib/features/onboarding/presenter/widgets/setup_result_step.dart
DA:14,0
DA:18,0
DA:20,0
DA:21,0
DA:23,0
DA:26,0
DA:27,0
DA:29,0
DA:30,0
DA:31,0
DA:33,0
DA:35,0
DA:36,0
DA:44,0
DA:48,0
DA:50,0
DA:51,0
DA:52,0
DA:53,0
DA:54,0
DA:56,0
DA:57,0
DA:59,0
DA:60,0
DA:61,0
DA:62,0
DA:66,0
DA:67,0
DA:68,0
DA:69,0
DA:73,0
DA:74,0
DA:75,0
DA:78,0
DA:79,0
DA:80,0
DA:81,0
DA:84,0
DA:85,0
DA:97,1
DA:99,0
DA:101,0
DA:102,0
DA:104,0
DA:105,0
DA:107,0
DA:108,0
DA:110,0
DA:113,0
DA:114,0
DA:116,0
DA:117,0
LF:52
LH:1
end_of_record
SF:lib/features/onboarding/presenter/pages/how_to_use_page.dart
DA:14,1
DA:16,0
DA:18,0
DA:20,0
DA:21,0
DA:22,0
DA:24,0
DA:25,0
DA:27,0
DA:29,0
DA:30,0
DA:33,0
DA:35,0
DA:36,0
DA:39,0
DA:41,0
DA:42,0
DA:45,0
DA:47,0
DA:48,0
DA:51,0
DA:53,0
DA:54,0
DA:65,0
DA:77,0
DA:79,0
DA:81,0
DA:82,0
DA:83,0
DA:84,0
DA:85,0
DA:86,0
DA:88,0
DA:89,0
LF:34
LH:1
end_of_record
SF:lib/features/onboarding/presenter/widgets/setup_item_sheet.dart
DA:13,0
DA:18,0
DA:21,0
DA:23,0
DA:27,0
DA:32,0
DA:33,0
DA:40,0
DA:42,0
DA:43,0
DA:44,0
DA:45,0
DA:46,0
DA:47,0
DA:48,0
DA:49,0
DA:53,0
DA:55,0
DA:56,0
DA:57,0
DA:60,0
DA:61,0
DA:62,0
DA:63,0
DA:67,0
DA:68,0
DA:70,0
DA:72,0
DA:74,0
DA:76,0
DA:79,0
DA:81,0
DA:82,0
DA:84,0
DA:85,0
DA:89,0
DA:91,0
DA:94,0
DA:95,0
DA:96,0
DA:100,0
DA:101,0
DA:102,0
DA:106,0
DA:107,0
DA:108,0
DA:112,0
DA:114,0
DA:115,0
DA:116,0
DA:117,0
DA:118,0
DA:122,0
DA:123,0
DA:125,0
DA:137,0
DA:138,0
DA:140,0
DA:142,0
DA:143,0
DA:144,0
DA:145,0
DA:146,0
DA:147,0
DA:148,0
DA:149,0
DA:151,0
DA:152,0
DA:153,0
DA:160,0
LF:70
LH:0
end_of_record
SF:lib/features/onboarding/presenter/widgets/setup_option_tile.dart
DA:11,1
DA:38,1
DA:40,1
DA:42,1
DA:44,1
DA:45,1
DA:46,1
DA:48,1
DA:49,1
DA:51,1
DA:52,1
DA:54,1
DA:62,1
DA:64,1
DA:65,2
DA:66,1
DA:69,1
DA:70,1
DA:71,2
DA:72,2
DA:75,1
DA:76,1
DA:77,1
DA:78,1
DA:79,1
DA:80,1
DA:84,1
DA:85,0
DA:86,1
DA:87,0
DA:88,0
DA:89,0
DA:90,0
DA:104,1
DA:108,1
DA:110,1
DA:112,1
DA:115,1
DA:116,1
DA:118,1
DA:119,2
DA:123,1
DA:124,0
DA:137,0
DA:146,0
DA:148,0
DA:150,0
DA:152,0
DA:153,0
DA:154,0
DA:159,0
DA:160,0
DA:161,0
DA:164,0
DA:165,0
DA:166,0
DA:167,0
LF:57
LH:37
end_of_record
SF:lib/features/onboarding/presenter/widgets/setup_scaffold.dart
DA:14,1
DA:49,1
DA:51,1
DA:52,1
DA:53,1
DA:55,1
DA:56,1
DA:57,1
DA:59,1
DA:60,1
DA:61,1
DA:62,1
DA:67,1
DA:69,1
DA:70,1
DA:71,1
DA:72,1
DA:73,1
DA:77,4
DA:78,2
DA:80,1
DA:81,1
DA:82,1
DA:83,1
DA:87,1
DA:88,1
DA:89,1
DA:90,1
DA:92,2
DA:96,2
DA:98,2
DA:100,1
DA:112,1
DA:124,1
DA:126,1
DA:127,1
DA:128,1
DA:129,0
DA:131,1
DA:132,1
DA:133,0
DA:135,0
DA:136,0
DA:138,0
DA:139,0
DA:149,0
DA:154,0
DA:156,0
DA:158,0
DA:159,0
DA:163,0
DA:164,0
DA:165,0
DA:166,0
DA:167,0
DA:168,0
DA:170,0
DA:171,0
DA:172,0
DA:173,0
LF:60
LH:39
end_of_record
SF:lib/features/services/presenter/controllers/service_filters_controller.g.dart
DA:17,0
DA:21,0
DA:29,0
DA:30,0
DA:32,0
DA:34,0
DA:36,0
DA:39,0
DA:41,0
DA:44,0
DA:45,0
DA:47,0
DA:51,0
DA:53,0
DA:54,0
DA:57,0
DA:59,0
DA:63,0
DA:75,1
DA:76,1
DA:84,0
DA:88,0
DA:93,0
DA:102,0
DA:103,0
DA:104,0
DA:111,0
DA:114,0
DA:115,0
DA:116,0
DA:117,0
DA:119,0
DA:121,0
DA:128,0
LF:34
LH:2
end_of_record
SF:lib/features/services/presenter/controllers/service_filters_controller.dart
DA:12,0
DA:14,0
DA:19,0
DA:25,0
DA:26,0
DA:27,0
DA:35,0
DA:36,0
DA:37,0
DA:38,0
DA:39,0
DA:52,0
DA:53,0
DA:54,0
DA:56,0
DA:57,0
DA:58,0
LF:17
LH:0
end_of_record
SF:lib/features/services/presenter/controllers/service_filters_state.dart
DA:5,0
DA:26,0
DA:27,0
DA:28,0
DA:29,0
DA:30,0
DA:31,0
DA:32,0
LF:8
LH:0
end_of_record
SF:lib/features/services/presenter/pages/service_details_page.dart
DA:14,1
DA:21,1
DA:27,4
DA:29,1
DA:30,1
DA:32,3
DA:33,1
DA:34,1
DA:37,1
DA:38,1
DA:46,1
DA:48,0
DA:49,0
DA:50,0
DA:51,0
DA:52,0
DA:56,0
DA:57,0
DA:59,0
DA:60,0
DA:61,0
DA:62,0
DA:64,0
DA:66,0
DA:71,1
DA:73,4
DA:75,1
DA:76,0
DA:77,0
DA:79,0
DA:80,0
DA:82,0
DA:88,1
DA:89,1
DA:90,2
DA:91,1
DA:92,1
DA:96,1
DA:97,1
DA:99,1
DA:100,3
DA:101,3
DA:102,1
DA:103,1
DA:106,1
DA:107,3
DA:108,3
DA:113,1
DA:114,0
DA:116,0
DA:118,3
DA:119,4
DA:122,1
DA:124,3
DA:125,1
DA:127,3
DA:133,1
DA:134,1
DA:135,1
DA:137,1
DA:138,1
DA:140,1
DA:142,1
DA:143,1
DA:144,3
DA:148,1
DA:149,4
DA:152,1
DA:153,0
DA:154,0
DA:155,2
DA:156,1
DA:157,1
DA:158,1
DA:159,2
DA:160,1
DA:161,1
DA:164,3
DA:165,1
DA:166,3
DA:169,1
DA:173,1
DA:174,2
DA:175,1
DA:176,1
DA:179,3
DA:180,1
DA:181,3
DA:184,1
DA:188,1
DA:189,2
DA:190,1
DA:191,1
DA:195,0
DA:200,0
DA:202,0
DA:204,0
DA:205,0
DA:206,0
DA:207,0
DA:211,1
DA:212,2
DA:214,1
DA:221,1
DA:223,1
DA:224,1
DA:225,2
DA:229,1
DA:230,1
DA:251,0
DA:255,0
DA:257,0
DA:259,0
DA:260,0
DA:261,0
DA:264,0
DA:267,0
DA:268,0
DA:279,1
DA:283,1
DA:285,1
DA:287,1
DA:288,1
DA:289,1
DA:292,3
DA:297,1
DA:298,1
DA:299,2
DA:300,4
DA:314,1
DA:323,1
DA:325,1
DA:327,1
DA:328,2
DA:329,3
LF:135
LH:97
end_of_record
SF:lib/features/services/presenter/pages/service_filters_page.dart
DA:8,0
DA:16,0
DA:17,0
DA:26,0
DA:28,0
DA:29,0
DA:30,0
DA:31,0
DA:32,0
DA:33,0
DA:34,0
DA:35,0
DA:36,0
DA:38,0
DA:39,0
DA:42,0
DA:43,0
DA:44,0
DA:45,0
DA:48,0
DA:49,0
DA:50,0
DA:53,0
DA:54,0
DA:55,0
DA:58,0
DA:59,0
DA:60,0
DA:63,0
DA:64,0
DA:65,0
DA:66,0
DA:68,0
DA:69,0
DA:70,0
DA:71,0
DA:72,0
DA:76,0
DA:77,0
DA:78,0
DA:80,0
DA:81,0
DA:84,0
DA:86,0
DA:88,0
DA:89,0
DA:90,0
DA:97,0
DA:98,0
DA:99,0
DA:101,0
DA:102,0
DA:103,0
DA:106,0
DA:107,0
DA:108,0
DA:109,0
DA:114,0
DA:115,0
DA:116,0
DA:117,0
DA:118,0
DA:119,0
DA:120,0
DA:121,0
DA:122,0
DA:125,0
DA:127,0
DA:129,0
DA:132,0
DA:133,0
DA:134,0
DA:135,0
DA:137,0
DA:138,0
DA:139,0
DA:140,0
DA:142,0
DA:143,0
DA:144,0
DA:145,0
DA:147,0
DA:148,0
DA:149,0
DA:150,0
DA:152,0
DA:153,0
DA:154,0
DA:155,0
DA:157,0
DA:158,0
DA:159,0
DA:160,0
DA:166,0
DA:167,0
DA:168,0
LF:96
LH:0
end_of_record
SF:lib/features/services/presenter/pages/service_form_page.dart
DA:13,2
DA:17,2
DA:18,2
DA:22,6
DA:24,2
DA:25,6
DA:26,2
DA:27,8
DA:29,0
DA:33,2
DA:35,6
DA:37,6
DA:38,6
DA:39,6
DA:40,2
DA:42,2
DA:43,8
DA:44,8
DA:45,2
DA:46,2
DA:47,0
DA:48,0
DA:49,0
DA:54,4
DA:55,4
DA:57,2
DA:58,2
DA:59,6
DA:60,6
DA:61,0
DA:63,2
DA:65,4
DA:68,2
DA:69,4
DA:70,6
DA:71,6
LF:36
LH:31
end_of_record
SF:lib/features/services/presenter/widgets/service_form_content.dart
DA:13,2
DA:23,2
DA:24,2
DA:45,2
DA:46,4
DA:47,4
DA:49,4
DA:50,10
DA:53,4
DA:54,4
DA:55,4
DA:57,4
DA:58,2
DA:59,4
DA:61,4
DA:64,4
DA:65,2
DA:66,2
DA:72,2
DA:76,2
DA:78,4
DA:79,2
DA:80,2
DA:81,2
DA:85,2
DA:86,2
DA:87,4
DA:88,2
DA:89,6
DA:90,2
DA:93,2
DA:95,0
DA:97,0
DA:98,0
DA:100,0
DA:101,0
DA:102,0
DA:105,0
DA:106,0
DA:107,0
DA:108,0
DA:109,0
DA:110,0
DA:114,0
DA:117,0
DA:119,0
DA:120,0
DA:126,0
DA:131,0
DA:136,0
DA:137,0
DA:139,0
DA:140,0
DA:141,0
DA:142,0
DA:143,0
DA:149,0
DA:155,0
DA:158,0
DA:169,2
DA:171,2
DA:174,2
DA:176,4
DA:177,4
DA:178,4
DA:179,4
DA:180,2
DA:183,0
DA:184,0
DA:185,0
DA:187,0
DA:188,0
DA:190,0
DA:191,0
DA:192,0
DA:194,0
DA:195,0
DA:197,0
DA:198,0
DA:199,0
DA:200,0
DA:201,0
DA:203,0
DA:207,0
DA:213,0
DA:214,0
DA:215,0
DA:218,0
DA:220,0
DA:224,0
DA:225,0
DA:227,0
DA:228,0
DA:229,0
DA:234,0
DA:235,0
DA:236,0
DA:239,0
DA:243,0
DA:244,0
DA:245,0
DA:246,0
DA:249,2
DA:250,6
DA:251,6
DA:255,2
DA:257,6
DA:258,4
DA:259,4
DA:261,2
DA:262,2
DA:263,2
DA:267,2
DA:268,2
DA:269,2
DA:270,2
DA:274,6
DA:275,2
DA:276,2
DA:277,2
DA:278,2
DA:279,2
DA:280,2
DA:281,6
DA:282,2
DA:285,2
DA:287,2
DA:288,2
DA:289,2
DA:290,2
DA:291,4
DA:292,4
DA:293,4
DA:294,4
DA:296,2
DA:297,2
DA:298,2
DA:299,2
DA:300,2
DA:302,4
DA:306,4
DA:311,4
DA:312,4
DA:313,4
DA:315,2
DA:318,2
DA:320,2
DA:321,2
DA:322,2
DA:323,4
DA:324,4
DA:325,4
DA:326,4
DA:328,2
DA:329,2
DA:330,2
DA:333,4
DA:337,6
DA:338,2
DA:339,2
DA:341,6
DA:342,2
DA:345,2
DA:346,4
DA:347,4
DA:349,4
DA:350,4
DA:351,2
DA:352,2
DA:353,4
DA:354,2
DA:355,4
DA:356,4
DA:358,2
DA:362,6
DA:363,2
DA:364,2
DA:365,2
DA:366,4
DA:368,0
DA:369,0
DA:371,4
DA:372,6
DA:373,4
DA:377,2
DA:378,4
DA:380,2
DA:381,2
DA:382,2
DA:383,4
DA:385,0
DA:386,0
DA:387,0
DA:389,4
DA:390,6
DA:391,4
DA:399,2
DA:400,2
DA:401,6
DA:402,2
DA:403,4
DA:404,2
DA:405,2
DA:406,2
DA:407,4
DA:409,4
DA:411,2
DA:412,2
DA:414,10
DA:415,2
DA:416,2
DA:418,6
DA:419,2
DA:420,2
DA:421,2
DA:422,4
DA:424,0
DA:425,0
DA:426,4
DA:428,4
DA:433,2
DA:434,6
DA:435,2
DA:436,2
DA:437,4
DA:438,4
DA:439,0
DA:440,0
DA:445,2
DA:446,2
DA:447,6
DA:457,2
DA:461,2
DA:463,2
DA:465,2
DA:466,4
DA:469,2
DA:470,2
DA:471,2
DA:473,8
LF:240
LH:168
end_of_record
SF:lib/features/services/presenter/pages/service_landing_page.dart
DA:13,1
DA:15,4
DA:16,4
DA:26,4
DA:28,4
DA:29,12
DA:30,8
DA:31,8
DA:32,36
DA:33,8
DA:36,4
DA:38,12
DA:42,12
DA:43,8
DA:44,0
DA:48,8
DA:50,4
DA:51,4
DA:52,8
DA:53,0
DA:54,0
DA:55,4
DA:56,8
DA:58,4
DA:59,4
DA:61,12
DA:63,0
DA:65,0
DA:66,0
DA:68,2
DA:69,2
DA:70,1
DA:71,1
DA:72,1
LF:34
LH:28
end_of_record
SF:lib/features/services/presenter/widgets/service_landing_content.dart
DA:19,4
DA:29,4
DA:31,4
DA:32,4
DA:34,4
DA:37,4
DA:38,12
DA:42,12
DA:46,8
DA:47,0
DA:48,12
DA:49,0
DA:51,4
DA:52,4
DA:66,1
DA:68,0
DA:70,0
DA:72,0
DA:73,0
DA:74,0
DA:76,0
DA:77,0
DA:85,4
DA:95,4
DA:99,8
DA:101,8
DA:102,0
DA:103,0
DA:107,8
DA:108,0
DA:109,0
DA:110,0
DA:111,0
DA:117,4
DA:118,8
DA:120,8
DA:125,4
DA:126,12
DA:127,20
DA:129,4
DA:130,20
LF:41
LH:26
end_of_record
SF:lib/features/services/presenter/widgets/service_navbar.dart
DA:13,4
DA:26,4
DA:28,4
DA:29,4
DA:30,4
DA:35,4
DA:36,12
DA:38,4
DA:39,4
DA:40,0
DA:44,0
DA:45,0
DA:46,0
DA:47,0
DA:48,0
DA:55,4
DA:59,12
DA:60,4
DA:61,4
DA:62,0
DA:66,0
DA:67,0
DA:68,0
LF:23
LH:13
end_of_record
SF:lib/features/services/presenter/pages/service_type_form_page.dart
DA:12,1
DA:14,0
DA:16,0
DA:17,0
DA:19,0
DA:20,0
DA:21,0
DA:23,0
DA:27,0
DA:31,0
DA:32,0
DA:33,0
DA:34,0
DA:36,0
DA:41,0
DA:42,0
DA:43,0
DA:45,0
DA:46,0
DA:47,0
DA:48,0
DA:49,0
DA:50,0
DA:51,0
DA:52,0
DA:53,0
DA:54,0
DA:55,0
DA:56,0
DA:58,0
DA:61,0
DA:64,0
LF:32
LH:1
end_of_record
SF:lib/features/services/presenter/widgets/service_type_form.dart
DA:9,0
DA:12,0
DA:14,0
DA:26,0
DA:28,0
DA:29,0
DA:30,0
DA:31,0
DA:33,0
DA:34,0
DA:35,0
DA:37,0
DA:38,0
DA:39,0
DA:40,0
DA:44,0
DA:47,0
DA:51,0
DA:53,0
DA:54,0
DA:55,0
DA:56,0
DA:60,0
DA:61,0
DA:62,0
DA:63,0
DA:64,0
DA:65,0
DA:68,0
DA:70,0
DA:72,0
DA:73,0
DA:74,0
DA:75,0
DA:76,0
DA:77,0
DA:78,0
DA:79,0
DA:80,0
DA:81,0
DA:85,0
DA:86,0
DA:87,0
DA:91,0
DA:93,0
DA:94,0
DA:96,0
DA:97,0
DA:98,0
DA:99,0
DA:100,0
DA:101,0
DA:102,0
DA:103,0
DA:104,0
DA:105,0
DA:106,0
DA:107,0
DA:108,0
DA:110,0
DA:114,0
DA:115,0
DA:118,0
DA:119,0
DA:120,0
DA:122,0
DA:123,0
DA:124,0
DA:125,0
DA:126,0
DA:127,0
DA:129,0
DA:133,0
DA:134,0
DA:135,0
DA:137,0
DA:139,0
DA:140,0
DA:141,0
DA:145,0
DA:146,0
DA:147,0
DA:148,0
DA:149,0
DA:151,0
DA:152,0
DA:154,0
DA:155,0
DA:156,0
DA:160,0
DA:161,0
DA:162,0
DA:163,0
DA:164,0
DA:166,0
DA:167,0
DA:168,0
DA:170,0
DA:171,0
DA:172,0
DA:178,0
DA:179,0
DA:180,0
LF:103
LH:0
end_of_record
SF:lib/features/services/presenter/pages/service_types_page.dart
DA:12,1
DA:14,0
DA:15,0
DA:19,0
DA:21,0
DA:22,0
DA:23,0
DA:27,0
DA:29,0
DA:33,0
DA:34,0
DA:35,0
DA:39,0
DA:41,0
DA:42,0
DA:43,0
DA:44,0
DA:45,0
DA:46,0
DA:47,0
DA:48,0
DA:51,0
DA:52,0
LF:23
LH:1
end_of_record
SF:lib/features/services/presenter/widgets/service_type_no_data_navbar.dart
DA:8,1
DA:10,0
DA:12,0
DA:14,0
DA:16,0
DA:17,0
DA:18,0
DA:21,0
DA:22,0
DA:23,0
LF:10
LH:1
end_of_record
SF:lib/features/services/presenter/widgets/service_types_content.dart
DA:11,1
DA:13,0
DA:15,0
DA:16,0
DA:17,0
DA:19,0
DA:20,0
DA:21,0
DA:22,0
DA:23,0
DA:24,0
DA:30,0
DA:31,0
DA:38,0
DA:41,0
DA:42,0
DA:43,0
DA:44,0
DA:45,0
DA:46,0
DA:49,0
LF:21
LH:1
end_of_record
SF:lib/features/services/presenter/widgets/add_client_sheet.dart
DA:12,0
DA:17,0
DA:18,0
DA:31,0
DA:33,0
DA:34,0
DA:35,0
DA:36,0
DA:39,0
DA:40,0
DA:41,0
DA:42,0
DA:44,0
DA:45,0
DA:46,0
DA:47,0
DA:48,0
DA:49,0
DA:51,0
DA:52,0
DA:53,0
DA:54,0
DA:55,0
DA:58,0
DA:59,0
DA:60,0
DA:65,0
DA:67,0
DA:68,0
DA:69,0
DA:70,0
DA:74,0
DA:76,0
DA:77,0
DA:78,0
DA:79,0
DA:80,0
DA:82,0
DA:83,0
DA:88,0
DA:89,0
DA:90,0
DA:91,0
DA:92,0
DA:94,0
DA:96,0
DA:100,0
DA:101,0
DA:102,0
DA:103,0
DA:104,0
DA:106,0
DA:108,0
DA:112,0
DA:113,0
DA:114,0
DA:115,0
DA:116,0
DA:118,0
DA:120,0
DA:124,0
DA:125,0
DA:126,0
DA:127,0
DA:128,0
DA:130,0
LF:66
LH:0
end_of_record
SF:lib/features/services/presenter/widgets/add_service_type_sheet.dart
DA:12,0
DA:17,0
DA:19,0
DA:33,0
DA:35,0
DA:39,0
DA:40,0
DA:41,0
DA:42,0
DA:43,0
DA:44,0
DA:46,0
DA:50,0
DA:51,0
DA:57,0
DA:59,0
DA:60,0
DA:61,0
DA:62,0
DA:65,0
DA:66,0
DA:67,0
DA:68,0
DA:70,0
DA:71,0
DA:72,0
DA:73,0
DA:74,0
DA:75,0
DA:76,0
DA:78,0
DA:79,0
DA:80,0
DA:81,0
DA:82,0
DA:85,0
DA:86,0
DA:87,0
DA:92,0
DA:94,0
DA:95,0
DA:96,0
DA:97,0
DA:101,0
DA:103,0
DA:104,0
DA:105,0
DA:106,0
DA:107,0
DA:109,0
DA:110,0
DA:115,0
DA:116,0
DA:117,0
DA:118,0
DA:119,0
DA:120,0
DA:122,0
DA:126,0
DA:127,0
DA:128,0
DA:129,0
DA:130,0
DA:132,0
DA:133,0
DA:134,0
DA:138,0
DA:139,0
DA:140,0
DA:142,0
DA:144,0
DA:145,0
DA:146,0
DA:150,0
DA:151,0
DA:152,0
DA:153,0
DA:154,0
DA:156,0
DA:157,0
DA:158,0
DA:162,0
DA:163,0
DA:164,0
DA:165,0
DA:166,0
DA:168,0
LF:87
LH:0
end_of_record
SF:lib/features/services/presenter/widgets/client_filter_sheet.dart
DA:10,0
DA:23,0
DA:25,0
DA:26,0
DA:27,0
DA:34,0
DA:36,0
DA:37,0
DA:38,0
DA:42,0
DA:45,0
DA:46,0
DA:50,0
DA:51,0
DA:52,0
DA:53,0
DA:54,0
DA:55,0
DA:56,0
DA:60,0
DA:61,0
DA:63,0
DA:64,0
DA:67,0
DA:79,0
DA:89,0
DA:91,0
DA:92,0
DA:94,0
DA:95,0
DA:96,0
DA:100,0
DA:101,0
LF:33
LH:0
end_of_record
SF:lib/features/services/presenter/widgets/mark_received_bar.dart
DA:17,0
DA:21,0
DA:22,0
DA:31,0
DA:32,0
DA:34,0
DA:35,0
DA:36,0
DA:40,0
DA:41,0
DA:43,0
DA:44,0
DA:45,0
DA:47,0
DA:48,0
DA:49,0
DA:51,0
DA:52,0
DA:55,0
DA:62,0
DA:63,0
DA:64,0
DA:65,0
DA:66,0
DA:67,0
DA:68,0
DA:69,0
DA:70,0
DA:76,0
DA:77,0
DA:78,0
DA:79,0
DA:80,0
DA:81,0
DA:82,0
DA:84,0
DA:86,0
DA:87,0
DA:88,0
DA:94,0
DA:96,0
DA:98,0
DA:100,0
DA:102,0
DA:103,0
DA:105,0
DA:107,0
DA:108,0
LF:48
LH:0
end_of_record
SF:lib/features/services/presenter/widgets/order_by_bottom_sheet.dart
DA:7,0
DA:15,0
DA:16,0
DA:17,0
DA:18,0
DA:19,0
DA:20,0
DA:23,0
DA:25,0
DA:26,0
DA:27,0
DA:34,0
DA:36,0
DA:37,0
DA:38,0
DA:42,0
DA:44,0
DA:45,0
DA:46,0
DA:47,0
DA:48,0
DA:49,0
DA:50,0
DA:51,0
DA:52,0
DA:57,0
DA:59,0
DA:61,0
DA:68,0
LF:29
LH:0
end_of_record
SF:lib/features/services/presenter/widgets/service_card.dart
DA:18,4
DA:23,4
DA:24,20
DA:25,8
DA:26,4
DA:29,4
DA:31,4
DA:32,4
DA:33,8
DA:35,4
DA:36,4
DA:38,4
DA:39,4
DA:41,4
DA:49,4
DA:51,8
DA:53,4
DA:54,4
DA:55,16
DA:57,4
DA:58,4
DA:61,4
DA:62,4
DA:63,12
DA:67,4
DA:68,4
DA:69,4
DA:70,4
DA:71,4
DA:72,4
DA:73,4
DA:78,9
DA:88,4
DA:91,4
DA:92,4
DA:93,4
DA:94,8
DA:97,4
DA:102,4
DA:103,8
DA:104,4
DA:105,8
DA:109,4
DA:110,4
LF:44
LH:44
end_of_record
SF:lib/features/services/presenter/widgets/service_date_card.dart
DA:16,4
DA:24,4
DA:25,4
DA:26,8
DA:27,0
DA:28,0
DA:30,0
DA:33,4
DA:35,8
DA:37,4
DA:39,4
DA:40,4
DA:42,4
DA:43,4
DA:44,4
DA:46,16
DA:47,4
DA:48,8
DA:52,4
DA:53,4
DA:54,4
DA:55,8
DA:63,4
DA:64,8
DA:65,12
LF:25
LH:22
end_of_record
SF:lib/features/services/presenter/widgets/service_list.dart
DA:7,4
DA:20,4
DA:24,4
DA:25,4
DA:26,4
DA:29,4
DA:31,4
DA:32,4
DA:33,0
DA:34,0
DA:35,0
DA:36,0
DA:41,4
DA:42,4
DA:43,0
DA:44,0
DA:45,0
DA:48,12
LF:18
LH:11
end_of_record
SF:lib/features/services/presenter/widgets/service_filter_chips.dart
DA:17,4
DA:28,4
DA:29,4
DA:31,4
DA:32,4
DA:33,4
DA:34,4
DA:35,8
DA:36,0
DA:37,0
DA:38,0
DA:39,0
DA:43,0
DA:44,0
DA:45,0
DA:46,0
DA:48,0
DA:51,0
DA:55,0
DA:56,0
DA:59,0
DA:63,0
DA:67,0
DA:68,0
DA:69,0
DA:70,0
DA:71,0
DA:72,0
DA:77,4
DA:79,4
DA:80,8
DA:81,4
DA:83,4
DA:85,4
DA:86,4
DA:87,4
DA:88,4
DA:90,0
DA:93,8
DA:94,4
DA:96,12
DA:97,4
DA:98,8
DA:99,12
DA:101,8
DA:102,0
DA:108,4
DA:109,0
DA:110,0
DA:111,0
DA:112,0
DA:113,0
DA:115,0
LF:53
LH:25
end_of_record
SF:lib/features/services/presenter/widgets/service_list_by_date.dart
DA:7,4
DA:11,4
DA:12,4
DA:16,0
DA:17,0
DA:18,0
DA:22,4
DA:24,4
DA:27,12
DA:28,4
DA:29,12
DA:31,4
DA:33,0
DA:36,0
LF:14
LH:9
end_of_record
SF:lib/features/services/presenter/widgets/service_summary_content.dart
DA:17,0
DA:21,0
DA:23,0
DA:24,0
DA:25,0
DA:27,0
DA:30,0
DA:31,0
DA:32,0
DA:33,0
DA:34,0
DA:36,0
DA:38,0
DA:40,0
DA:42,0
DA:44,0
DA:46,0
DA:53,0
DA:57,0
DA:61,0
DA:62,0
DA:63,0
DA:74,0
DA:78,0
DA:80,0
DA:81,0
DA:83,0
DA:86,0
DA:87,0
DA:89,0
DA:91,0
DA:93,0
DA:94,0
DA:95,0
DA:96,0
DA:101,0
DA:104,0
DA:105,0
DA:110,0
DA:111,0
DA:112,0
DA:113,0
DA:114,0
DA:118,0
DA:120,0
DA:122,0
DA:123,0
DA:124,0
DA:125,0
DA:126,0
DA:137,0
DA:146,0
DA:148,0
DA:149,0
DA:151,0
DA:154,0
DA:156,0
DA:158,0
DA:160,0
DA:161,0
DA:163,0
DA:165,0
DA:166,0
DA:167,0
DA:168,0
DA:169,0
DA:171,0
DA:174,0
DA:175,0
DA:185,0
DA:197,0
DA:199,0
DA:201,0
DA:203,0
DA:204,0
DA:205,0
DA:206,0
DA:207,0
DA:208,0
DA:214,0
DA:215,0
DA:218,0
DA:225,0
DA:227,0
DA:228,0
DA:230,0
DA:231,0
DA:240,0
DA:244,0
DA:246,0
DA:247,0
DA:248,0
DA:250,0
DA:251,0
DA:252,0
DA:253,0
DA:254,0
DA:255,0
DA:257,0
DA:260,0
DA:262,0
DA:270,0
DA:272,0
DA:274,0
DA:275,0
DA:276,0
DA:277,0
DA:280,0
DA:281,0
DA:282,0
DA:287,0
DA:288,0
DA:289,0
DA:291,0
DA:292,0
DA:299,0
DA:300,0
DA:301,0
DA:302,0
DA:304,0
LF:120
LH:0
end_of_record
SF:lib/features/services/presenter/widgets/service_view_switch.dart
DA:16,1
DA:18,4
DA:20,4
DA:21,12
DA:23,8
DA:25,4
DA:26,4
DA:27,4
DA:28,8
DA:29,4
DA:30,0
DA:33,4
DA:37,4
DA:38,4
DA:39,8
DA:40,4
DA:41,0
LF:17
LH:15
end_of_record
SF:lib/features/services/presenter/widgets/service_list_content.dart
DA:14,4
DA:22,2
DA:24,1
DA:29,0
DA:35,0
DA:37,0
DA:38,0
DA:39,0
DA:41,0
DA:42,0
DA:51,4
DA:57,8
DA:60,12
DA:62,4
DA:64,2
DA:67,4
DA:68,0
DA:71,4
DA:76,4
DA:79,0
DA:80,8
DA:86,4
DA:88,4
DA:92,4
DA:93,4
DA:95,4
DA:96,20
DA:97,5
DA:98,4
DA:104,0
DA:105,0
DA:106,0
DA:107,0
DA:108,0
DA:115,4
DA:120,0
DA:122,0
DA:123,0
DA:124,0
DA:125,0
DA:126,0
DA:128,0
DA:130,0
DA:132,0
DA:134,0
DA:135,0
DA:136,0
DA:141,0
DA:142,0
DA:143,0
DA:144,0
DA:145,0
LF:52
LH:21
end_of_record
SF:lib/features/services/presenter/widgets/service_type_card.dart
DA:8,0
DA:16,0
DA:18,0
DA:19,0
DA:20,0
DA:22,0
DA:24,0
DA:26,0
DA:27,0
DA:28,0
DA:30,0
DA:31,0
DA:33,0
DA:34,0
DA:37,0
DA:39,0
DA:41,0
DA:42,0
DA:43,0
DA:44,0
DA:47,0
DA:50,0
DA:51,0
LF:23
LH:0
end_of_record
SF:lib/features/settings/presenter/pages/billing_cycle_page.dart
DA:13,1
DA:15,0
DA:16,0
DA:27,0
DA:29,0
DA:30,0
DA:31,0
DA:32,0
DA:33,0
DA:34,0
DA:35,0
DA:37,0
DA:38,0
DA:43,0
DA:44,0
DA:45,0
DA:46,0
DA:54,0
DA:55,0
DA:56,0
DA:57,0
DA:59,0
DA:60,0
DA:64,0
DA:65,0
DA:67,0
DA:68,0
DA:69,0
DA:70,0
DA:72,0
DA:73,0
DA:76,0
DA:80,0
DA:81,0
DA:82,0
DA:83,0
DA:84,0
DA:87,0
DA:88,0
DA:90,0
DA:91,0
DA:94,0
DA:96,0
DA:98,0
DA:99,0
DA:100,0
DA:102,0
DA:103,0
DA:104,0
DA:105,0
DA:106,0
DA:108,0
DA:109,0
DA:113,0
DA:116,0
DA:117,0
DA:118,0
DA:119,0
DA:120,0
DA:121,0
DA:126,0
DA:128,0
DA:129,0
DA:131,0
DA:132,0
DA:133,0
DA:134,0
DA:135,0
DA:136,0
DA:137,0
DA:139,0
DA:143,0
DA:144,0
DA:146,0
DA:147,0
DA:148,0
DA:151,0
DA:152,0
DA:154,0
DA:156,0
DA:158,0
DA:160,0
DA:166,0
DA:168,0
DA:169,0
DA:170,0
LF:86
LH:1
end_of_record
SF:lib/features/settings/presenter/pages/settings_page.dart
DA:16,1
DA:18,1
DA:20,1
DA:22,2
DA:24,0
DA:25,0
DA:28,1
DA:29,1
DA:30,1
DA:32,1
DA:33,3
DA:35,1
DA:36,1
DA:48,1
DA:52,1
DA:54,1
DA:56,1
DA:58,1
DA:59,1
DA:61,2
DA:64,1
DA:65,1
DA:66,1
DA:68,1
DA:69,2
DA:70,0
DA:72,2
DA:75,1
DA:76,1
DA:78,1
DA:79,1
DA:80,2
DA:85,1
DA:86,2
DA:87,1
DA:88,1
LF:36
LH:33
end_of_record
SF:lib/features/settings/presenter/widgets/settings_options.dart
DA:28,1
DA:31,0
DA:32,0
DA:36,0
DA:40,1
DA:42,1
DA:43,1
DA:47,1
DA:48,1
DA:49,1
DA:51,3
DA:53,1
DA:54,1
DA:56,0
DA:57,0
DA:58,0
DA:62,1
DA:63,2
DA:64,1
DA:65,1
DA:66,2
DA:68,0
DA:72,1
DA:73,2
DA:74,1
DA:75,1
DA:77,2
DA:79,2
DA:80,0
DA:82,1
DA:83,2
DA:85,3
DA:86,0
DA:88,1
DA:89,2
DA:91,2
DA:92,0
DA:94,1
DA:95,2
DA:97,1
DA:98,0
DA:102,1
DA:103,2
DA:104,1
DA:105,1
DA:106,1
DA:107,2
DA:113,1
DA:114,0
DA:115,2
DA:118,1
DA:120,0
DA:121,2
DA:129,1
DA:131,1
DA:132,1
DA:133,0
DA:137,1
DA:138,0
DA:154,0
DA:158,0
DA:161,0
DA:165,0
DA:166,0
DA:167,0
DA:169,0
DA:172,0
DA:173,0
DA:174,0
DA:176,0
DA:177,0
DA:184,1
DA:185,1
DA:186,1
DA:190,1
DA:191,3
DA:192,0
DA:193,0
LF:78
LH:49
end_of_record
SF:lib/features/settings/presenter/widgets/billing_cycle_l10n.dart
DA:10,1
DA:11,3
DA:12,0
DA:13,0
DA:14,0
LF:5
LH:2
end_of_record
SF:lib/features/settings/presenter/widgets/currency_bottom_sheet.dart
DA:6,1
DA:8,0
DA:10,0
DA:16,0
DA:17,0
DA:19,0
DA:20,0
DA:21,0
DA:22,0
DA:23,0
DA:26,0
DA:28,0
DA:29,0
DA:33,0
DA:34,0
DA:35,0
DA:38,0
DA:42,0
DA:44,0
DA:47,0
DA:48,0
DA:49,0
DA:53,0
DA:54,0
DA:55,0
DA:57,0
DA:60,0
DA:61,0
DA:63,0
DA:64,0
DA:69,0
DA:70,0
DA:72,0
DA:73,0
DA:74,0
DA:75,0
DA:76,0
DA:78,0
DA:79,0
DA:92,0
DA:102,0
DA:104,0
DA:105,0
DA:106,0
DA:107,0
DA:108,0
DA:110,0
DA:111,0
DA:112,0
DA:113,0
DA:115,0
LF:51
LH:1
end_of_record
SF:lib/features/settings/presenter/widgets/language_bottom_sheet.dart
DA:5,1
DA:7,0
DA:9,0
DA:11,0
DA:13,0
DA:14,0
DA:15,0
DA:18,0
DA:19,0
DA:20,0
DA:27,0
DA:29,0
DA:30,0
DA:31,0
DA:35,0
DA:38,0
DA:39,0
DA:42,0
DA:45,0
DA:46,0
DA:49,0
DA:52,0
DA:53,0
DA:64,0
DA:76,0
DA:78,0
DA:79,0
DA:80,0
DA:81,0
DA:82,0
DA:84,0
DA:85,0
DA:86,0
LF:33
LH:1
end_of_record
SF:lib/features/settings/presenter/widgets/settings_group.dart
DA:13,1
DA:18,1
DA:20,1
DA:22,1
DA:23,1
DA:28,1
DA:29,2
DA:30,1
DA:31,2
DA:35,1
LF:10
LH:10
end_of_record
SF:lib/features/settings/presenter/widgets/settings_option_button.dart
DA:11,1
DA:36,1
DA:38,1
DA:43,1
DA:44,0
DA:45,0
DA:47,1
DA:48,4
DA:51,1
DA:53,1
DA:56,1
DA:57,1
DA:59,1
DA:63,1
DA:65,1
DA:66,2
DA:73,1
DA:74,1
DA:75,1
DA:76,1
DA:80,2
DA:82,1
DA:85,1
DA:86,1
DA:87,1
DA:88,1
DA:90,1
DA:94,2
DA:96,1
DA:97,1
DA:98,1
DA:99,1
LF:32
LH:30
end_of_record
SF:lib/features/settings/presenter/widgets/theme_bottom_sheet.dart
DA:5,1
DA:7,0
DA:12,0
DA:14,0
DA:16,0
DA:17,0
DA:18,0
DA:21,0
DA:22,0
DA:23,0
DA:30,0
DA:32,0
DA:33,0
DA:34,0
DA:38,0
DA:39,0
DA:40,0
DA:41,0
DA:44,0
DA:45,0
DA:46,0
DA:47,0
DA:50,0
DA:51,0
DA:52,0
DA:53,0
DA:64,0
DA:74,0
DA:76,0
DA:77,0
DA:78,0
DA:79,0
DA:80,0
DA:82,0
DA:83,0
DA:84,0
LF:36
LH:1
end_of_record
SF:lib/features/subscription/presenter/controllers/paywall_controller.g.dart
DA:17,1
DA:18,1
DA:28,2
DA:29,2
DA:31,2
DA:33,2
DA:36,2
DA:40,2
DA:43,2
DA:44,2
DA:46,2
DA:53,2
LF:12
LH:12
end_of_record
SF:lib/features/subscription/presenter/controllers/paywall_controller.dart
DA:16,2
DA:17,4
DA:19,2
DA:21,4
DA:22,4
DA:23,2
DA:30,0
DA:32,0
DA:34,0
DA:35,0
DA:36,0
DA:38,0
DA:43,0
DA:46,0
DA:47,0
DA:48,0
DA:54,0
DA:55,0
DA:56,0
DA:57,0
DA:58,0
DA:60,0
DA:61,0
LF:23
LH:6
end_of_record
SF:lib/features/subscription/presenter/controllers/paywall_state.dart
DA:5,2
DA:26,0
DA:35,0
DA:36,0
DA:37,0
DA:38,0
DA:39,0
DA:40,0
DA:41,0
DA:45,0
DA:46,0
DA:47,0
DA:48,0
DA:49,0
DA:50,0
DA:51,0
DA:52,0
LF:17
LH:1
end_of_record
SF:lib/features/subscription/presenter/widgets/paywall_view.dart
DA:11,2
DA:16,2
DA:17,2
DA:18,2
DA:19,0
DA:20,2
DA:21,1
DA:22,1
DA:23,1
DA:27,2
DA:29,2
DA:31,4
DA:32,4
DA:34,2
DA:35,0
DA:36,4
DA:37,0
DA:38,0
DA:42,2
DA:44,2
DA:46,2
DA:48,2
DA:50,4
DA:58,2
DA:59,2
DA:60,2
DA:61,4
DA:63,2
DA:64,2
DA:66,0
DA:68,0
DA:69,0
DA:71,4
DA:73,2
DA:74,2
DA:76,6
DA:77,6
DA:84,2
DA:85,4
DA:87,2
DA:88,4
DA:92,2
DA:108,2
DA:110,4
DA:111,4
DA:112,4
DA:114,2
DA:117,2
DA:118,4
DA:120,4
DA:124,2
DA:125,2
DA:127,0
DA:128,4
DA:134,2
DA:135,2
DA:139,0
DA:140,4
DA:142,2
DA:143,2
DA:144,2
DA:145,2
DA:146,6
DA:148,2
DA:149,2
DA:150,4
LF:66
LH:57
end_of_record
SF:lib/features/subscription/presenter/widgets/plan_comparison.dart
DA:8,1
DA:10,2
DA:12,2
DA:13,2
DA:15,2
DA:17,2
DA:18,2
DA:19,2
DA:20,2
DA:22,2
DA:23,4
DA:24,4
DA:25,4
DA:26,2
DA:31,2
DA:32,2
DA:33,2
DA:35,2
DA:36,2
DA:37,2
DA:38,2
DA:39,2
DA:49,2
DA:59,2
DA:61,2
DA:62,6
DA:63,4
DA:65,2
DA:66,2
DA:67,4
DA:68,2
DA:70,2
DA:72,2
DA:74,2
DA:75,2
DA:76,2
DA:77,2
DA:78,8
DA:82,4
DA:83,4
DA:94,2
DA:99,2
DA:101,2
DA:103,2
DA:104,2
DA:105,2
DA:107,2
DA:108,6
DA:109,4
DA:112,6
LF:50
LH:50
end_of_record
