SF:lib\app\app_cubit.dart
DA:8,2
DA:11,0
DA:13,1
DA:14,1
DA:15,1
DA:18,0
DA:19,0
DA:20,0
DA:23,1
DA:24,4
LF:10
LH:6
end_of_record
SF:lib\app\models\app_user.dart
DA:8,7
DA:16,0
LF:2
LH:1
end_of_record
SF:lib\app\models\service.dart
DA:15,4
DA:25,1
DA:26,6
DA:28,10
DA:30,8
DA:32,1
DA:42,1
DA:43,1
DA:44,1
DA:45,1
DA:46,1
DA:47,1
DA:48,1
DA:49,0
DA:50,1
DA:54,4
DA:56,36
LF:17
LH:16
end_of_record
SF:lib\app\repositories\services_repository\firebase\firebase_services_repository.dart
DA:11,1
DA:13,1
DA:16,1
DA:19,2
DA:20,1
DA:21,1
DA:23,2
DA:24,4
DA:25,2
DA:26,3
DA:29,1
DA:32,1
DA:33,2
DA:34,1
DA:39,1
DA:42,5
DA:44,1
DA:45,2
DA:46,1
DA:51,1
DA:54,2
DA:55,6
DA:57,1
DA:58,2
DA:59,1
DA:64,1
DA:68,1
DA:69,2
DA:70,1
DA:71,1
DA:74,1
DA:77,1
DA:79,3
DA:80,1
DA:81,3
DA:82,1
DA:86,1
DA:87,2
DA:88,1
DA:93,1
DA:97,4
DA:100,1
DA:103,2
DA:104,1
DA:106,1
DA:107,2
DA:108,1
LF:47
LH:47
end_of_record
SF:lib\app\repositories\services_repository\firebase\models\firebase_service_model.dart
DA:9,4
DA:20,1
DA:21,1
DA:22,1
DA:23,1
DA:24,1
DA:25,1
DA:26,2
DA:27,1
DA:31,1
DA:32,1
DA:33,1
DA:34,1
DA:35,2
DA:36,2
DA:37,1
DA:38,1
DA:39,1
DA:40,2
DA:41,1
DA:45,0
DA:47,0
DA:48,0
DA:50,1
DA:51,1
DA:52,1
DA:53,1
DA:54,1
DA:55,1
DA:56,1
DA:57,1
DA:58,1
DA:61,4
DA:72,4
DA:73,4
DA:74,4
DA:75,4
DA:76,4
DA:77,4
DA:78,4
DA:79,4
DA:80,4
LF:42
LH:39
end_of_record
SF:lib\app\shared\errors\errors.dart
DA:5,7
DA:9,7
DA:13,0
LF:3
LH:2
end_of_record
SF:lib\app\shared\l10n\generated\l10n.dart
DA:16,7
DA:20,7
DA:21,7
DA:28,7
DA:29,7
DA:30,0
DA:31,7
DA:32,7
DA:33,21
DA:34,7
DA:35,7
DA:42,0
DA:43,0
DA:44,0
DA:49,0
DA:50,0
DA:54,0
DA:55,0
DA:59,0
DA:64,0
DA:65,0
DA:69,0
DA:74,0
DA:75,0
DA:79,0
DA:84,0
DA:85,0
DA:89,0
DA:94,0
DA:95,0
DA:99,0
DA:104,0
DA:105,0
DA:109,0
DA:114,0
DA:115,0
DA:119,0
DA:124,0
DA:125,0
DA:129,0
DA:134,0
DA:135,0
DA:139,0
DA:144,0
DA:145,0
DA:149,0
DA:154,0
DA:155,0
DA:159,0
DA:164,0
DA:165,0
DA:169,0
DA:174,0
DA:175,0
DA:179,0
DA:184,0
DA:185,0
DA:189,0
DA:194,0
DA:195,0
DA:199,0
DA:204,0
DA:205,0
DA:209,0
DA:214,0
DA:215,0
DA:219,0
DA:224,0
DA:225,0
DA:229,0
DA:234,0
DA:235,0
DA:239,0
DA:244,0
DA:245,0
DA:249,0
DA:254,0
DA:255,0
DA:259,0
DA:264,0
DA:265,0
DA:269,0
DA:274,0
DA:275,0
DA:279,0
DA:284,0
DA:285,0
DA:289,0
DA:294,0
DA:295,0
DA:299,0
DA:304,0
DA:305,0
DA:309,0
DA:314,0
DA:315,0
DA:316,0
DA:319,0
DA:324,0
DA:325,0
DA:329,0
DA:334,0
DA:335,0
DA:339,0
DA:344,0
DA:345,0
DA:349,0
DA:354,0
DA:355,0
DA:359,0
DA:364,0
DA:365,0
DA:369,0
DA:374,0
DA:375,0
DA:379,0
DA:384,0
DA:385,0
DA:389,0
DA:394,0
DA:395,0
DA:399,0
DA:404,0
DA:405,0
DA:409,0
DA:414,0
DA:415,0
DA:419,0
DA:424,0
DA:425,0
DA:429,0
DA:434,0
DA:435,0
DA:439,0
DA:444,0
DA:445,0
DA:449,0
DA:454,0
DA:455,0
DA:459,0
DA:464,0
DA:465,0
DA:469,0
DA:474,0
DA:475,0
DA:479,0
DA:484,0
DA:485,0
DA:489,0
DA:494,0
DA:495,0
DA:499,0
DA:504,0
DA:505,0
DA:509,0
DA:514,0
DA:515,0
DA:519,0
DA:524,0
DA:525,0
DA:529,0
DA:534,0
DA:535,0
DA:539,0
DA:544,0
DA:545,0
DA:549,0
DA:554,0
DA:555,0
DA:559,0
DA:564,0
DA:565,0
DA:569,0
DA:574,0
DA:575,0
DA:579,0
DA:584,0
DA:585,0
DA:589,0
DA:594,0
DA:595,0
DA:599,0
DA:604,0
DA:605,0
DA:609,0
DA:614,0
DA:615,0
DA:619,0
DA:624,0
DA:625,0
DA:629,0
DA:634,0
DA:635,0
DA:639,0
DA:644,0
DA:645,0
DA:649,0
DA:654,0
DA:655,0
DA:659,0
DA:664,0
DA:665,0
DA:669,0
DA:674,0
DA:675,0
DA:679,0
DA:684,0
DA:685,0
DA:689,0
DA:694,0
DA:695,0
DA:699,0
DA:704,0
DA:705,0
DA:709,0
DA:714,0
DA:715,0
DA:719,0
DA:724,0
DA:725,0
DA:729,0
DA:734,0
DA:735,0
DA:739,0
DA:744,0
DA:745,0
DA:749,0
DA:754,0
DA:755,0
DA:759,0
DA:764,0
DA:765,0
DA:769,0
DA:774,0
DA:775,0
DA:779,0
DA:784,0
DA:785,0
DA:789,0
DA:794,0
DA:795,0
DA:799,0
DA:804,0
DA:805,0
DA:809,0
DA:814,0
DA:815,0
DA:819,0
DA:824,0
DA:825,0
DA:829,0
DA:834,0
DA:835,0
DA:836,0
DA:839,0
DA:844,0
DA:845,0
DA:846,0
DA:849,0
DA:854,0
DA:855,0
DA:856,0
DA:859,0
DA:864,0
DA:865,0
DA:866,0
DA:869,0
DA:874,0
DA:875,0
DA:876,0
DA:879,0
DA:884,0
DA:885,0
DA:889,0
DA:894,5
DA:895,5
DA:899,5
DA:904,0
DA:905,0
DA:909,0
DA:914,0
DA:915,0
DA:919,0
DA:924,0
DA:925,0
DA:929,0
DA:934,1
DA:935,1
DA:939,1
DA:944,0
DA:945,0
DA:949,0
DA:954,0
DA:955,0
DA:959,0
DA:964,0
DA:965,0
DA:969,0
DA:974,1
DA:975,1
DA:979,1
DA:984,0
DA:985,0
DA:989,0
DA:994,0
DA:995,0
DA:999,0
DA:1004,0
DA:1005,0
DA:1009,0
DA:1014,0
DA:1015,0
DA:1019,0
DA:1024,1
DA:1025,1
DA:1029,1
DA:1034,1
DA:1035,1
DA:1039,1
DA:1044,5
DA:1045,5
DA:1049,5
DA:1054,1
DA:1055,1
DA:1059,1
DA:1064,1
DA:1065,1
DA:1069,1
DA:1074,1
DA:1075,1
DA:1079,1
DA:1084,1
DA:1085,1
DA:1089,1
DA:1094,3
DA:1095,3
DA:1099,3
DA:1104,1
DA:1105,1
DA:1109,1
DA:1115,10
DA:1117,0
DA:1124,0
DA:1125,0
DA:1126,0
DA:1127,0
DA:1128,0
DA:1131,0
DA:1132,0
DA:1133,0
LF:350
LH:47
end_of_record
SF:lib\app\models\service_type.dart
DA:12,6
DA:20,1
DA:21,1
DA:22,1
DA:23,1
DA:24,1
DA:25,1
DA:29,1
DA:30,1
DA:31,1
DA:32,1
DA:33,2
DA:34,2
DA:35,1
DA:39,0
DA:41,0
DA:42,0
DA:44,5
DA:51,5
DA:52,3
DA:53,3
DA:54,5
DA:55,5
DA:56,5
DA:60,4
DA:61,24
LF:26
LH:23
end_of_record
SF:lib\app\shared\extensions\app_localizations_extensions.dart
DA:5,0
LF:1
LH:0
end_of_record
SF:lib\app\shared\extensions\date_time_extensions.dart
DA:2,2
DA:12,2
DA:13,2
DA:14,2
DA:15,2
DA:16,1
DA:17,0
DA:18,1
DA:19,1
DA:20,1
DA:24,2
DA:25,2
DA:27,4
DA:31,1
DA:33,5
DA:39,1
DA:40,8
DA:43,0
DA:44,0
DA:45,0
LF:20
LH:16
end_of_record
SF:lib\app\shared\extensions\double_extensions.dart
DA:2,0
DA:3,0
DA:5,0
DA:6,0
DA:7,0
DA:8,0
DA:10,0
DA:11,0
LF:8
LH:0
end_of_record
SF:lib\app\shared\extensions\firebase_extensions.dart
DA:7,0
DA:9,0
DA:10,0
DA:11,0
DA:15,0
DA:21,2
DA:23,2
DA:24,4
DA:25,0
DA:29,0
DA:35,1
DA:36,1
DA:37,1
DA:38,1
DA:39,1
DA:40,1
DA:41,1
LF:17
LH:10
end_of_record
SF:lib\app\shared\extensions\string_extensions.dart
DA:3,1
DA:4,1
DA:5,1
DA:9,1
DA:10,1
DA:11,2
DA:12,1
DA:18,1
DA:22,2
DA:23,2
DA:24,2
DA:25,1
DA:31,1
DA:32,2
DA:33,1
DA:39,1
DA:40,2
DA:47,1
DA:48,2
DA:49,1
DA:52,1
DA:53,1
DA:54,1
DA:57,1
DA:58,2
DA:59,2
DA:60,3
DA:61,2
DA:63,1
LF:29
LH:29
end_of_record
SF:lib\app\shared\l10n\generated\intl\messages_all.dart
DA:23,21
DA:24,14
DA:25,0
DA:28,7
DA:30,7
DA:31,7
DA:32,0
DA:33,0
DA:40,7
DA:41,7
DA:42,21
DA:43,0
DA:45,0
DA:47,14
DA:48,7
DA:49,21
DA:50,14
DA:51,7
DA:54,7
DA:56,7
DA:62,7
DA:64,7
DA:66,7
LF:23
LH:18
end_of_record
SF:lib\app\shared\l10n\generated\intl\messages_en.dart
DA:16,21
DA:21,0
DA:23,0
DA:25,0
DA:27,0
DA:29,0
DA:31,0
DA:33,0
DA:36,14
DA:37,7
DA:38,7
DA:41,7
DA:42,7
DA:43,7
DA:44,7
DA:45,7
DA:46,7
DA:48,7
DA:49,7
DA:50,7
DA:52,7
DA:53,7
DA:54,7
DA:55,7
DA:56,7
DA:57,7
DA:58,7
DA:59,7
DA:61,7
DA:62,7
DA:63,7
DA:64,7
DA:66,7
DA:67,7
DA:68,7
DA:70,7
DA:73,7
DA:75,7
DA:77,7
DA:79,7
DA:80,7
DA:83,7
DA:85,7
DA:87,7
DA:88,7
DA:90,7
DA:91,7
DA:93,7
DA:95,7
DA:98,7
DA:100,7
DA:101,7
DA:102,7
DA:105,7
DA:106,7
DA:107,7
DA:109,7
DA:111,7
DA:112,7
DA:113,7
DA:114,7
DA:116,7
DA:117,7
DA:118,7
DA:119,7
DA:121,7
DA:123,7
DA:125,7
DA:128,7
DA:130,7
DA:131,7
DA:132,7
DA:134,7
DA:137,7
DA:139,7
DA:140,7
DA:142,7
DA:143,7
DA:144,7
DA:145,7
DA:146,7
DA:148,7
DA:149,7
DA:150,7
DA:151,7
DA:153,7
DA:154,7
DA:156,7
DA:157,7
DA:158,7
DA:159,7
DA:160,7
DA:161,7
DA:162,7
DA:163,7
DA:164,7
DA:165,7
DA:168,7
DA:169,7
DA:171,7
DA:172,7
DA:173,7
DA:174,7
DA:175,7
DA:177,7
DA:179,7
DA:181,7
DA:183,7
DA:185,7
LF:109
LH:102
end_of_record
SF:lib\app\shared\l10n\generated\intl\messages_pt.dart
DA:16,0
DA:21,0
DA:23,0
DA:25,0
DA:27,0
DA:29,0
DA:31,0
DA:33,0
DA:36,0
DA:37,0
DA:38,0
DA:41,0
DA:42,0
DA:43,0
DA:44,0
DA:45,0
DA:46,0
DA:48,0
DA:49,0
DA:50,0
DA:52,0
DA:53,0
DA:54,0
DA:55,0
DA:56,0
DA:57,0
DA:58,0
DA:59,0
DA:61,0
DA:62,0
DA:63,0
DA:64,0
DA:66,0
DA:67,0
DA:68,0
DA:70,0
DA:72,0
DA:74,0
DA:76,0
DA:78,0
DA:80,0
DA:82,0
DA:85,0
DA:86,0
DA:88,0
DA:90,0
DA:91,0
DA:93,0
DA:95,0
DA:98,0
DA:101,0
DA:102,0
DA:104,0
DA:106,0
DA:107,0
DA:108,0
DA:110,0
DA:112,0
DA:113,0
DA:114,0
DA:115,0
DA:117,0
DA:118,0
DA:119,0
DA:120,0
DA:122,0
DA:124,0
DA:127,0
DA:129,0
DA:131,0
DA:132,0
DA:134,0
DA:136,0
DA:138,0
DA:140,0
DA:141,0
DA:143,0
DA:144,0
DA:145,0
DA:146,0
DA:148,0
DA:150,0
DA:151,0
DA:152,0
DA:153,0
DA:155,0
DA:156,0
DA:158,0
DA:159,0
DA:161,0
DA:163,0
DA:164,0
DA:165,0
DA:166,0
DA:167,0
DA:168,0
DA:169,0
DA:171,0
DA:173,0
DA:174,0
DA:175,0
DA:176,0
DA:177,0
DA:179,0
DA:181,0
DA:183,0
DA:185,0
LF:107
LH:0
end_of_record
SF:lib\app\repositories\service_type_repository\firebase\firebase_service_type_repository.dart
DA:12,1
DA:15,1
DA:18,1
DA:21,1
DA:22,4
DA:23,2
DA:26,3
DA:27,1
DA:31,1
DA:34,5
DA:36,3
DA:37,1
DA:41,1
DA:44,1
DA:45,2
DA:46,1
DA:47,1
DA:49,3
DA:50,1
DA:51,3
DA:52,1
DA:56,3
DA:57,1
DA:61,1
DA:64,1
DA:65,6
DA:67,3
DA:68,1
LF:28
LH:28
end_of_record
SF:lib\app\services\auth_service\firebase\errors\firebase_sign_in_error.dart
DA:10,1
DA:11,3
DA:15,1
DA:17,1
DA:18,0
DA:19,0
DA:22,1
DA:23,1
DA:24,2
DA:27,1
DA:28,0
DA:29,0
DA:32,1
DA:33,0
DA:34,0
DA:37,1
DA:38,0
DA:39,0
DA:42,1
DA:43,1
DA:44,2
DA:47,0
DA:48,0
DA:49,0
DA:52,0
DA:53,0
DA:54,0
DA:57,0
DA:58,0
DA:59,0
DA:63,0
LF:31
LH:13
end_of_record
SF:lib\app\services\auth_service\firebase\firebase_auth_service.dart
DA:13,1
DA:17,0
DA:18,0
DA:19,1
DA:22,1
DA:25,2
DA:33,1
DA:36,1
DA:37,1
DA:38,1
DA:41,2
DA:42,3
DA:44,1
DA:45,1
DA:46,2
DA:48,1
DA:52,1
DA:55,2
DA:56,2
DA:57,1
DA:58,1
DA:59,1
DA:60,2
DA:62,1
DA:66,1
DA:68,5
LF:26
LH:24
end_of_record
SF:lib\app\services\time_service\time_service.dart
DA:9,3
DA:10,2
DA:12,1
DA:13,1
DA:15,3
DA:17,21
LF:6
LH:6
end_of_record
SF:lib\app\shared\utils\number_format_helper.dart
DA:8,1
DA:11,2
DA:12,1
DA:13,1
DA:14,1
DA:15,1
DA:18,1
DA:19,1
DA:20,1
DA:21,1
DA:24,0
DA:25,0
DA:27,0
DA:28,0
DA:29,0
DA:33,0
DA:34,0
DA:35,0
DA:37,0
DA:40,0
DA:41,0
DA:42,0
DA:43,0
DA:46,0
DA:49,0
DA:50,0
DA:53,0
DA:54,0
DA:57,0
DA:58,0
DA:59,0
LF:31
LH:10
end_of_record
SF:lib\app\models\enums.dart
DA:17,0
DA:18,0
DA:19,0
LF:3
LH:0
end_of_record
SF:lib\app\shared\utils\base_state.dart
DA:7,4
DA:9,0
DA:15,0
DA:16,0
DA:17,0
DA:18,0
DA:19,0
DA:20,0
DA:21,0
DA:23,0
DA:27,0
DA:31,0
DA:32,0
DA:33,0
LF:14
LH:1
end_of_record
SF:lib\app\shared\utils\service_helper.dart
DA:8,0
DA:12,0
DA:13,0
DA:14,0
DA:17,0
DA:18,0
DA:21,2
DA:23,2
DA:24,4
DA:25,4
DA:30,2
DA:32,2
DA:33,10
DA:36,0
DA:38,0
DA:39,0
DA:40,0
DA:41,0
DA:42,0
DA:43,0
DA:46,0
DA:49,2
DA:51,2
DA:52,0
DA:58,2
DA:59,2
DA:65,1
DA:66,1
DA:72,0
DA:73,0
DA:79,0
DA:80,0
DA:89,2
DA:95,4
DA:96,2
DA:97,2
DA:98,1
DA:99,1
DA:100,0
DA:106,1
DA:107,5
DA:108,0
DA:109,8
DA:110,0
DA:111,0
DA:112,0
DA:113,0
DA:115,0
DA:119,0
DA:120,0
DA:122,0
DA:123,0
DA:124,0
DA:125,0
DA:126,0
DA:127,0
DA:138,0
DA:142,0
DA:143,0
DA:146,0
DA:147,0
DA:149,0
DA:152,0
DA:153,0
DA:155,0
DA:161,1
DA:168,1
DA:169,0
DA:170,0
DA:172,1
DA:173,2
DA:174,3
DA:175,3
DA:177,0
DA:178,0
DA:181,1
DA:182,3
DA:183,4
DA:190,1
DA:191,1
DA:192,1
LF:81
LH:34
end_of_record
SF:lib\app\data\local_storage\shared_preferences\share_preferences_storage.dart
DA:7,0
DA:9,0
DA:10,0
DA:12,0
DA:13,0
DA:15,0
DA:16,0
LF:7
LH:0
end_of_record
SF:lib\app\models\dropdown_item.dart
DA:9,1
DA:12,0
DA:13,0
LF:3
LH:1
end_of_record
SF:lib\app\models\service_group_by_date.dart
DA:8,0
DA:14,0
DA:19,0
DA:20,0
DA:21,0
DA:22,0
LF:6
LH:0
end_of_record
SF:lib\app\services\log_service\log_service.dart
DA:29,0
DA:30,0
DA:32,0
DA:34,0
DA:41,0
DA:43,0
DA:50,0
DA:52,0
DA:59,0
DA:65,0
DA:73,0
DA:80,0
DA:81,0
DA:82,0
DA:83,0
DA:84,0
DA:87,0
DA:88,0
DA:89,0
DA:94,0
DA:96,0
DA:97,0
DA:103,0
DA:105,0
DA:106,0
DA:108,0
DA:113,0
DA:114,0
DA:115,0
DA:119,0
DA:122,0
DA:123,0
DA:124,0
DA:129,0
DA:131,0
DA:132,0
LF:36
LH:0
end_of_record
SF:lib\app\shared\constants\app_keys.dart
DA:11,0
DA:14,0
DA:15,0
DA:16,0
LF:4
LH:0
end_of_record
SF:lib\app\shared\environment\environment.dart
DA:9,0
DA:10,0
DA:11,0
DA:13,0
DA:14,0
DA:15,0
DA:23,0
DA:24,0
DA:29,0
DA:30,0
DA:35,0
DA:36,0
DA:43,0
DA:44,0
DA:49,0
DA:50,0
DA:54,0
DA:55,0
DA:61,0
DA:62,0
DA:64,0
LF:21
LH:0
end_of_record
SF:lib\app\shared\routes\app_routes.dart
DA:7,0
DA:8,0
DA:9,0
LF:3
LH:0
end_of_record
SF:lib\app\shared\themes\animations\no_animation_page_transition.dart
DA:4,4
DA:6,0
LF:2
LH:1
end_of_record
SF:lib\app\shared\themes\extensions\theme_extension.dart
DA:4,0
DA:5,0
DA:6,0
DA:8,0
DA:9,0
DA:10,0
DA:12,0
LF:7
LH:0
end_of_record
SF:lib\app\shared\themes\extensions\typography_extension.dart
DA:6,0
DA:8,0
DA:10,0
DA:11,0
DA:16,0
DA:17,0
DA:22,0
DA:23,0
DA:27,0
DA:28,0
DA:33,0
DA:34,0
DA:38,0
DA:39,0
DA:43,0
DA:49,0
DA:53,0
DA:54,0
DA:59,0
DA:60,0
DA:64,0
DA:65,0
DA:69,0
DA:70,0
DA:75,0
DA:79,0
DA:83,0
LF:27
LH:0
end_of_record
SF:lib\app\shared\themes\settings\theme_settings.dart
DA:19,0
DA:20,0
DA:23,0
DA:24,0
DA:25,0
DA:27,0
DA:30,0
DA:31,0
DA:32,0
DA:33,0
DA:34,0
DA:35,0
DA:36,0
DA:37,0
DA:38,0
DA:39,0
DA:40,0
DA:41,0
DA:43,0
DA:48,0
DA:49,0
DA:50,0
DA:52,0
DA:55,0
DA:56,0
DA:57,0
DA:58,0
DA:59,0
DA:60,0
DA:61,0
DA:62,0
DA:63,0
DA:64,0
DA:65,0
DA:66,0
DA:68,0
DA:73,0
DA:74,0
DA:85,0
DA:86,0
DA:88,0
DA:94,0
DA:95,0
DA:96,0
DA:97,0
DA:101,0
DA:102,0
DA:104,0
DA:109,0
DA:110,0
DA:111,0
DA:112,0
DA:113,0
DA:114,0
DA:115,0
DA:116,0
DA:124,0
DA:125,0
DA:126,0
DA:132,0
DA:134,0
DA:136,0
DA:137,0
DA:138,0
DA:146,0
DA:147,0
DA:148,0
DA:159,0
DA:161,0
DA:164,0
DA:165,0
DA:166,0
DA:167,0
DA:172,0
DA:181,0
DA:185,0
DA:186,0
DA:187,0
DA:191,0
DA:193,0
DA:196,0
DA:198,0
DA:200,0
DA:202,0
DA:204,0
DA:206,0
DA:208,0
DA:210,0
DA:212,0
LF:89
LH:0
end_of_record
SF:lib\app\shared\utils\ad_helper.dart
DA:6,0
DA:7,0
DA:8,0
DA:9,0
DA:10,0
DA:14,0
DA:17,0
DA:21,0
DA:25,0
DA:26,0
DA:27,0
DA:28,0
LF:12
LH:0
end_of_record
SF:lib\injector_container.dart
DA:15,0
DA:17,0
DA:18,0
DA:19,0
DA:21,0
DA:22,0
DA:23,0
DA:25,0
DA:26,0
DA:29,0
DA:30,0
DA:32,0
DA:33,0
DA:34,0
LF:14
LH:0
end_of_record
SF:lib\app\shared\utils\base_cubit.dart
DA:8,4
DA:9,12
DA:10,4
DA:15,4
DA:16,12
DA:17,8
LF:6
LH:6
end_of_record
SF:lib\app\shared\utils\form_validator.dart
DA:4,0
DA:5,0
DA:11,0
DA:12,0
DA:21,0
DA:25,0
DA:32,0
DA:33,0
DA:34,0
DA:39,0
DA:40,0
DA:42,0
LF:12
LH:0
end_of_record
SF:lib\app\shared\widgets\ads\ad_block.dart
DA:10,0
DA:12,0
DA:14,0
DA:15,0
DA:16,0
DA:17,0
DA:20,0
LF:7
LH:0
end_of_record
SF:lib\app\shared\widgets\ads\widgets\ad_widget.dart
DA:8,0
DA:10,0
DA:12,0
DA:13,0
DA:16,0
DA:17,0
DA:18,0
DA:19,0
DA:20,0
LF:9
LH:0
end_of_record
SF:lib\app\shared\widgets\animation\expanded_section\expanded_section.dart
DA:6,0
DA:12,0
DA:13,0
DA:21,0
DA:23,0
DA:24,0
DA:25,0
DA:28,0
DA:29,0
DA:33,0
DA:34,0
DA:39,0
DA:40,0
DA:41,0
DA:43,0
DA:47,0
DA:49,0
DA:50,0
DA:53,0
DA:55,0
DA:56,0
DA:59,0
DA:61,0
DA:63,0
DA:64,0
LF:25
LH:0
end_of_record
SF:lib\app\shared\widgets\buttons\circular_button\circular_button.dart
DA:10,0
DA:16,0
DA:18,0
DA:20,0
DA:21,0
DA:22,0
DA:23,0
DA:24,0
DA:25,0
DA:26,0
DA:27,0
DA:28,0
DA:29,0
DA:30,0
DA:32,0
DA:33,0
DA:34,0
DA:35,0
DA:38,0
DA:39,0
DA:40,0
DA:43,0
DA:45,0
DA:46,0
LF:24
LH:0
end_of_record
SF:lib\app\shared\widgets\buttons\custom_elevated_button\custom_elevated_button.dart
DA:12,0
DA:20,0
DA:22,0
DA:24,0
DA:25,0
DA:26,0
DA:27,0
DA:28,0
DA:29,0
DA:30,0
DA:31,0
DA:33,0
DA:34,0
DA:37,0
LF:14
LH:0
end_of_record
SF:lib\app\shared\widgets\buttons\pills\back_and_pill.dart
DA:16,0
DA:26,0
DA:28,0
DA:30,0
DA:31,0
DA:32,0
DA:33,0
DA:34,0
DA:38,0
DA:39,0
DA:40,0
DA:41,0
DA:42,0
DA:47,0
DA:48,0
DA:49,0
DA:50,0
DA:51,0
DA:52,0
DA:53,0
LF:20
LH:0
end_of_record
SF:lib\app\shared\widgets\buttons\pills\pill_button.dart
DA:9,0
DA:17,0
DA:19,0
DA:20,0
DA:21,0
DA:22,0
DA:23,0
DA:24,0
DA:25,0
DA:27,0
DA:28,0
DA:29,0
DA:30,0
DA:31,0
DA:33,0
DA:34,0
DA:35,0
DA:36,0
DA:39,0
LF:19
LH:0
end_of_record
SF:lib\app\shared\widgets\buttons\pills\title_and_pill.dart
DA:12,0
DA:19,0
DA:21,0
DA:23,0
DA:24,0
DA:25,0
DA:26,0
DA:27,0
LF:8
LH:0
end_of_record
SF:lib\app\shared\widgets\fields\custom_date_picker\custom_date_picker.dart
DA:14,0
DA:22,0
DA:23,0
DA:25,0
DA:27,0
DA:29,0
DA:33,0
DA:34,0
DA:36,0
DA:38,0
DA:39,0
DA:42,0
DA:43,0
DA:44,0
DA:45,0
DA:47,0
LF:16
LH:0
end_of_record
SF:lib\app\shared\widgets\fields\custom_date_range_picker\custom_date_range_picker.dart
DA:14,0
DA:23,0
DA:25,0
DA:27,0
DA:31,0
DA:32,0
DA:35,0
DA:37,0
DA:38,0
DA:40,0
DA:41,0
DA:42,0
DA:44,0
DA:45,0
DA:46,0
LF:15
LH:0
end_of_record
SF:lib\app\shared\widgets\fields\custom_text_form_field\custom_text_form_field.dart
DA:22,0
DA:39,0
DA:41,0
DA:43,0
DA:44,0
DA:45,0
DA:46,0
DA:47,0
DA:49,0
DA:50,0
DA:51,0
DA:52,0
DA:53,0
DA:54,0
DA:55,0
DA:56,0
DA:57,0
DA:58,0
DA:59,0
DA:60,0
DA:61,0
DA:64,0
DA:65,0
DA:66,0
DA:67,0
DA:68,0
DA:69,0
DA:72,0
DA:73,0
DA:74,0
DA:75,0
LF:31
LH:0
end_of_record
SF:lib\app\shared\widgets\fields\custom_dropdown\custom_dropdown_widget.dart
DA:16,0
DA:26,0
DA:28,0
DA:30,0
DA:31,0
DA:32,0
DA:33,0
DA:34,0
DA:35,0
DA:37,0
DA:38,0
DA:41,0
DA:43,0
DA:47,0
DA:49,0
DA:51,0
DA:52,0
DA:56,0
DA:66,0
DA:68,0
DA:70,0
DA:71,0
DA:72,0
DA:79,0
DA:81,0
DA:82,0
DA:83,0
DA:85,0
DA:86,0
DA:87,0
DA:99,0
DA:105,0
DA:107,0
DA:108,0
DA:110,0
DA:111,0
DA:116,0
DA:123,4
DA:125,0
DA:127,0
DA:132,0
DA:133,0
DA:134,0
DA:143,0
DA:145,0
DA:146,0
DA:147,0
DA:148,0
DA:150,0
DA:151,0
DA:152,0
LF:51
LH:1
end_of_record
SF:lib\app\shared\widgets\layout\confirmation_dialog\confirmation_dialog.dart
DA:15,0
DA:23,0
DA:25,0
DA:27,0
DA:28,0
DA:29,0
DA:30,0
DA:31,0
DA:32,0
DA:33,0
DA:34,0
DA:35,0
DA:36,0
DA:38,0
DA:39,0
DA:40,0
DA:41,0
LF:17
LH:0
end_of_record
SF:lib\app\shared\widgets\layout\custom_app_bar\custom_app_bar.dart
DA:11,0
DA:15,0
DA:17,0
DA:20,0
DA:22,0
DA:24,0
DA:25,0
DA:28,0
DA:29,0
DA:30,0
DA:32,0
DA:35,0
DA:37,0
DA:39,0
DA:40,0
DA:42,0
DA:48,0
DA:49,0
DA:50,0
DA:59,0
DA:60,0
DA:62,0
LF:22
LH:0
end_of_record
SF:lib\app\shared\widgets\layout\custom_bottom_navigation\custom_bottom_navigation.dart
DA:9,0
DA:13,0
DA:15,0
DA:17,0
DA:18,0
DA:20,0
DA:21,0
DA:22,0
DA:25,0
DA:27,0
DA:28,0
DA:30,0
DA:31,0
DA:34,0
DA:35,0
DA:37,0
DA:38,0
DA:41,0
DA:42,0
DA:44,0
DA:45,0
LF:21
LH:0
end_of_record
SF:lib\app\shared\widgets\layout\custom_bottom_navigation\widgets\bottom_navigation_button.dart
DA:12,0
DA:21,0
DA:23,0
DA:24,0
DA:25,0
DA:27,0
DA:29,0
DA:30,0
DA:31,0
DA:32,0
DA:34,0
DA:35,0
DA:38,0
DA:39,0
DA:40,0
DA:41,0
DA:44,0
DA:45,0
DA:46,0
LF:19
LH:0
end_of_record
SF:lib\app\shared\widgets\layout\custom_scaffold\custom_scaffold.dart
DA:6,0
DA:15,0
DA:17,0
DA:18,0
DA:19,0
DA:20,0
DA:21,0
DA:22,0
DA:23,0
DA:25,0
DA:32,0
DA:35,0
DA:37,0
DA:43,0
LF:14
LH:0
end_of_record
SF:lib\app\shared\widgets\layout\custom_scroll_behavior\custom_scroll_behavior.dart
DA:4,0
LF:1
LH:0
end_of_record
SF:lib\app\shared\widgets\layout\custom_snack_bar\custom_snack_bar.dart
DA:5,0
DA:11,0
DA:12,0
DA:13,0
DA:14,0
DA:15,0
DA:17,0
DA:18,0
DA:20,0
DA:22,0
LF:10
LH:0
end_of_record
SF:lib\app\shared\widgets\layout\loading\loading.dart
DA:5,13
DA:7,0
DA:9,0
DA:10,0
LF:4
LH:1
end_of_record
SF:lib\app\shared\widgets\layout\no_data\no_data.dart
DA:8,0
DA:14,0
DA:16,0
DA:17,0
DA:18,0
DA:19,0
DA:20,0
DA:21,0
DA:24,0
DA:25,0
DA:26,0
LF:11
LH:0
end_of_record
SF:lib\app\shared\widgets\texts\row_text\row_text.dart
DA:9,0
DA:17,0
DA:19,0
DA:21,0
DA:22,0
DA:23,0
DA:24,0
DA:26,0
DA:27,0
DA:28,0
LF:10
LH:0
end_of_record
SF:lib\app\shared\widgets\texts\text_with_trailing\text_with_trailing.dart
DA:10,0
DA:17,0
DA:19,0
DA:21,0
DA:22,0
DA:23,0
DA:24,0
DA:26,0
LF:8
LH:0
end_of_record
SF:lib\app\views\home\cubit\home_state.dart
DA:7,1
DA:8,5
DA:11,1
DA:12,5
DA:15,1
DA:16,5
DA:19,1
DA:25,1
DA:27,1
DA:34,1
DA:35,0
DA:36,1
DA:37,1
DA:38,1
DA:42,1
DA:44,5
LF:16
LH:15
end_of_record
SF:lib\app\views\home\cubit\home_cubit.dart
DA:23,1
DA:28,2
DA:30,1
DA:32,2
DA:33,1
DA:34,1
DA:37,2
DA:38,1
DA:39,1
DA:41,1
DA:45,1
DA:46,5
DA:50,1
DA:51,2
DA:52,2
DA:53,3
DA:59,1
DA:61,3
DA:62,1
DA:63,1
DA:64,0
DA:65,0
DA:67,0
DA:71,1
DA:73,1
DA:74,1
DA:76,3
DA:79,1
DA:81,3
DA:82,0
DA:83,0
DA:85,0
LF:32
LH:26
end_of_record
SF:lib\app\views\home\pages\home_page.dart
DA:11,0
DA:13,0
DA:14,0
DA:18,0
DA:20,0
DA:21,0
DA:22,0
DA:25,0
DA:27,0
DA:28,0
DA:29,0
DA:30,0
DA:31,0
DA:32,0
DA:33,0
DA:35,0
DA:39,0
DA:40,0
DA:41,0
DA:42,0
DA:43,0
DA:44,0
DA:45,0
LF:23
LH:0
end_of_record
SF:lib\app\views\home\widgets\home_content.dart
DA:16,0
DA:19,0
DA:21,0
DA:23,0
DA:24,0
DA:25,0
DA:26,0
DA:28,0
DA:29,0
DA:31,0
DA:32,0
DA:36,0
DA:37,0
DA:38,0
DA:39,0
DA:43,0
DA:44,0
DA:45,0
DA:46,0
DA:51,0
DA:52,0
DA:53,0
DA:54,0
DA:55,0
DA:56,0
DA:60,0
LF:26
LH:0
end_of_record
SF:lib\app\views\home\widgets\info_card.dart
DA:10,0
DA:18,0
DA:20,0
DA:21,0
DA:22,0
DA:24,0
DA:26,0
DA:28,0
DA:29,0
DA:32,0
DA:33,0
DA:34,0
DA:35,0
DA:37,0
DA:38,0
DA:39,0
DA:43,0
DA:44,0
DA:46,0
DA:47,0
LF:20
LH:0
end_of_record
SF:lib\app\views\service_types\widgets\service_type_no_data_navbar.dart
DA:10,5
DA:12,0
DA:14,0
DA:17,0
DA:18,0
DA:19,0
DA:20,0
DA:21,0
LF:8
LH:1
end_of_record
SF:lib\app\views\services\service_details\pages\service_details_page.dart
DA:18,0
DA:20,0
DA:22,0
DA:23,0
DA:24,0
DA:26,0
DA:27,0
DA:30,0
DA:31,0
DA:33,0
DA:34,0
DA:35,0
DA:36,0
DA:37,0
DA:38,0
DA:43,0
DA:44,0
DA:45,0
DA:48,0
DA:49,0
DA:50,0
DA:51,0
DA:52,0
DA:54,0
DA:55,0
DA:56,0
DA:57,0
DA:58,0
DA:61,0
DA:62,0
DA:63,0
DA:67,0
DA:69,0
DA:70,0
DA:72,0
DA:75,0
DA:76,0
DA:78,0
DA:85,0
DA:86,0
DA:88,0
DA:90,0
DA:91,0
DA:92,0
DA:93,0
DA:96,0
DA:97,0
DA:98,0
DA:101,0
DA:102,0
DA:103,0
DA:105,0
DA:108,0
DA:116,0
DA:117,0
DA:118,0
DA:120,0
DA:123,0
DA:131,0
DA:132,0
DA:133,0
DA:135,0
DA:138,0
DA:139,0
DA:141,0
DA:148,0
DA:150,0
DA:151,0
DA:152,0
DA:153,0
DA:156,0
DA:157,0
DA:158,0
LF:73
LH:0
end_of_record
SF:lib\app\views\services\service_filters\cubit\service_filters_cubit.dart
DA:12,0
DA:18,0
DA:24,0
DA:25,0
DA:33,0
DA:34,0
DA:35,0
DA:36,0
DA:37,0
DA:38,0
LF:10
LH:0
end_of_record
SF:lib\app\views\services\service_filters\cubit\service_filters_state.dart
DA:9,0
DA:16,0
DA:17,0
LF:3
LH:0
end_of_record
SF:lib\app\views\services\service_filters\pages\service_filters_page.dart
DA:20,0
DA:24,0
DA:26,0
DA:27,0
DA:35,0
DA:37,0
DA:38,0
DA:39,0
DA:40,0
DA:41,0
DA:42,0
DA:44,0
DA:47,0
DA:49,0
DA:51,0
DA:52,0
DA:53,0
DA:54,0
DA:57,0
DA:58,0
DA:59,0
DA:60,0
DA:63,0
DA:67,0
DA:68,0
DA:69,0
DA:72,0
DA:73,0
DA:74,0
DA:75,0
DA:76,0
DA:77,0
DA:78,0
DA:82,0
DA:83,0
DA:84,0
DA:87,0
DA:88,0
DA:89,0
DA:90,0
DA:91,0
DA:92,0
DA:94,0
DA:95,0
DA:96,0
DA:97,0
DA:98,0
DA:105,0
DA:106,0
DA:107,0
DA:108,0
DA:109,0
DA:111,0
DA:112,0
DA:116,0
DA:117,0
DA:118,0
DA:119,0
DA:120,0
DA:121,0
DA:124,0
DA:125,0
DA:126,0
DA:127,0
DA:129,0
DA:131,0
DA:132,0
DA:133,0
DA:135,0
DA:137,0
DA:139,0
DA:140,0
DA:142,0
DA:144,0
DA:146,0
DA:147,0
DA:149,0
DA:150,0
DA:153,0
DA:154,0
DA:156,0
DA:158,0
DA:166,0
DA:167,0
DA:168,0
LF:85
LH:0
end_of_record
SF:lib\app\views\services\service_landing\widgets\selectable_pill_button.dart
DA:9,0
DA:15,0
DA:17,0
DA:18,0
DA:19,0
DA:20,0
LF:6
LH:0
end_of_record
SF:lib\app\views\services\service_form\cubit\service_form_cubit.dart
DA:23,1
DA:27,2
DA:28,2
DA:30,1
DA:32,3
DA:33,1
DA:35,1
DA:39,2
DA:41,3
DA:45,1
DA:46,1
DA:48,1
DA:52,1
DA:53,5
DA:57,1
DA:59,1
DA:60,3
DA:61,6
DA:62,3
DA:65,4
DA:66,0
DA:67,0
DA:69,0
DA:73,1
DA:74,4
DA:75,0
DA:76,0
DA:77,0
DA:83,1
DA:85,1
DA:86,3
DA:87,4
DA:88,3
DA:91,4
DA:92,0
DA:93,0
DA:95,0
DA:99,1
DA:100,3
DA:103,1
DA:104,6
DA:107,1
DA:108,2
DA:109,2
DA:110,1
DA:111,2
DA:112,3
DA:113,1
DA:121,1
DA:123,6
DA:124,1
DA:127,1
DA:129,6
DA:130,1
DA:133,1
DA:134,6
DA:137,1
DA:138,1
DA:139,3
DA:142,1
DA:143,3
DA:144,3
DA:147,1
DA:148,6
LF:64
LH:55
end_of_record
SF:lib\app\views\services\service_form\cubit\service_form_state.dart
DA:9,0
DA:10,0
DA:11,0
DA:12,0
DA:13,0
DA:18,0
DA:19,0
DA:22,0
DA:27,1
DA:34,1
DA:35,1
DA:38,1
DA:46,1
DA:47,1
DA:48,1
DA:49,1
DA:50,1
DA:51,1
DA:52,1
DA:56,1
DA:58,7
LF:21
LH:13
end_of_record
SF:lib\app\views\services\service_form\pages\service_form_page.dart
DA:13,0
DA:17,0
DA:18,0
DA:22,0
DA:24,0
DA:26,0
DA:27,0
DA:30,0
DA:31,0
DA:32,0
DA:34,0
DA:38,0
DA:40,0
DA:41,0
DA:42,0
DA:43,0
DA:44,0
DA:45,0
DA:46,0
DA:47,0
DA:48,0
DA:49,0
DA:51,0
DA:55,0
DA:56,0
DA:57,0
DA:58,0
DA:59,0
DA:60,0
DA:61,0
DA:62,0
DA:68,0
DA:69,0
DA:70,0
LF:34
LH:0
end_of_record
SF:lib\app\views\services\service_form\widgets\service_form_content.dart
DA:16,0
DA:22,0
DA:23,0
DA:40,0
DA:42,0
DA:43,0
DA:44,0
DA:46,0
DA:47,0
DA:50,0
DA:51,0
DA:52,0
DA:53,0
DA:54,0
DA:56,0
DA:57,0
DA:58,0
DA:59,0
DA:63,0
DA:66,0
DA:67,0
DA:69,0
DA:70,0
DA:71,0
DA:75,0
DA:76,0
DA:77,0
DA:78,0
DA:81,0
DA:82,0
DA:83,0
DA:87,0
DA:89,0
DA:90,0
DA:92,0
DA:93,0
DA:95,0
DA:96,0
DA:97,0
DA:98,0
DA:99,0
DA:103,0
DA:104,0
DA:105,0
DA:106,0
DA:107,0
DA:108,0
DA:109,0
DA:110,0
DA:111,0
DA:112,0
DA:113,0
DA:114,0
DA:116,0
DA:120,0
DA:121,0
DA:122,0
DA:123,0
DA:125,0
DA:126,0
DA:127,0
DA:128,0
DA:129,0
DA:133,0
DA:134,0
DA:135,0
DA:136,0
DA:138,0
DA:139,0
DA:140,0
DA:141,0
DA:142,0
DA:146,0
DA:147,0
DA:148,0
DA:149,0
DA:150,0
DA:151,0
DA:152,0
DA:154,0
DA:155,0
DA:156,0
DA:158,0
DA:159,0
DA:160,0
DA:161,0
DA:163,0
DA:164,0
DA:165,0
DA:166,0
DA:170,0
DA:171,0
DA:172,0
DA:173,0
DA:174,0
DA:175,0
DA:177,0
DA:178,0
DA:179,0
DA:180,0
DA:182,0
LF:101
LH:0
end_of_record
SF:lib\app\views\services\service_landing\cubit\service_landing_cubit.dart
DA:23,3
DA:25,1
DA:30,2
DA:32,1
DA:33,1
DA:36,1
DA:39,4
DA:40,1
DA:41,1
DA:42,1
DA:43,1
DA:44,1
DA:45,1
DA:47,0
DA:51,1
DA:53,2
DA:54,3
DA:58,1
DA:64,1
DA:65,1
DA:66,3
DA:68,1
DA:71,3
DA:77,1
DA:78,1
DA:80,1
DA:84,1
DA:85,5
DA:89,1
DA:91,3
DA:93,4
DA:94,1
DA:95,1
DA:96,1
DA:97,1
DA:98,0
DA:99,0
DA:101,0
DA:105,1
DA:107,3
DA:108,3
DA:109,5
DA:110,1
DA:111,0
DA:112,0
DA:114,0
DA:118,1
DA:123,1
DA:124,1
DA:126,1
DA:130,1
DA:132,3
DA:134,2
DA:136,3
DA:139,1
DA:140,1
DA:144,3
DA:145,1
DA:146,0
DA:147,0
DA:149,0
DA:153,1
DA:155,3
DA:162,1
DA:163,1
DA:164,0
DA:165,0
DA:167,0
DA:171,0
DA:172,0
DA:174,0
DA:175,0
DA:177,0
DA:180,1
DA:181,3
DA:182,3
DA:185,1
DA:187,3
DA:188,5
DA:189,1
DA:190,0
DA:191,0
DA:193,0
LF:83
LH:62
end_of_record
SF:lib\app\views\services\service_landing\cubit\service_landing_state.dart
DA:11,1
DA:20,1
DA:22,6
DA:24,1
DA:25,5
DA:27,1
DA:28,5
DA:30,1
DA:41,1
DA:42,1
DA:43,1
DA:44,1
DA:45,1
DA:46,1
DA:47,1
DA:48,1
DA:49,1
DA:53,1
DA:54,1
DA:55,1
DA:56,1
DA:57,1
DA:58,1
DA:59,1
DA:60,1
DA:61,1
DA:62,1
LF:27
LH:27
end_of_record
SF:lib\app\views\services\service_landing\pages\service_landing_page.dart
DA:13,0
DA:15,0
DA:16,0
DA:24,0
DA:26,0
DA:27,0
DA:28,0
DA:29,0
DA:30,0
DA:33,0
DA:35,0
DA:36,0
DA:37,0
DA:38,0
DA:39,0
DA:40,0
DA:41,0
DA:43,0
DA:47,0
DA:48,0
DA:49,0
DA:50,0
DA:52,0
DA:53,0
DA:55,0
DA:56,0
DA:57,0
DA:58,0
DA:59,0
DA:60,0
LF:30
LH:0
end_of_record
SF:lib\app\views\services\service_landing\widgets\service_landing_content.dart
DA:14,0
DA:20,0
DA:22,0
DA:24,0
DA:26,0
DA:27,0
DA:29,0
DA:30,0
DA:32,0
LF:9
LH:0
end_of_record
SF:lib\app\views\services\service_landing\widgets\service_no_data_navbar.dart
DA:13,0
DA:22,0
DA:24,0
DA:26,0
DA:29,0
DA:30,0
DA:31,0
DA:32,0
DA:33,0
DA:34,0
DA:38,0
DA:39,0
DA:40,0
DA:41,0
DA:42,0
DA:52,0
DA:53,0
DA:54,0
DA:58,0
DA:59,0
DA:60,0
DA:69,0
DA:70,0
DA:71,0
DA:72,0
DA:74,0
LF:26
LH:0
end_of_record
SF:lib\app\views\services\widgets\order_by_bottom_sheet.dart
DA:9,0
DA:15,0
DA:16,0
DA:17,0
DA:18,0
DA:19,0
DA:20,0
DA:23,0
DA:25,0
DA:26,0
DA:27,0
DA:34,0
DA:36,0
DA:37,0
DA:38,0
DA:39,0
DA:42,0
DA:44,0
DA:45,0
DA:46,0
DA:47,0
DA:48,0
DA:49,0
DA:50,0
DA:51,0
DA:52,0
DA:54,0
DA:55,0
DA:57,0
DA:59,0
DA:61,0
DA:68,0
LF:32
LH:0
end_of_record
SF:lib\app\views\services\widgets\service_list.dart
DA:16,0
DA:22,0
DA:24,0
DA:27,0
DA:30,0
DA:32,0
DA:33,0
DA:40,0
DA:42,0
DA:45,0
DA:46,0
DA:47,0
DA:48,0
DA:49,0
DA:50,0
DA:51,0
DA:55,0
DA:56,0
DA:57,0
DA:60,0
LF:20
LH:0
end_of_record
SF:lib\app\views\services\widgets\service_list_by_date.dart
DA:17,0
DA:20,0
DA:22,0
DA:23,0
DA:27,0
DA:29,0
DA:30,0
DA:31,0
DA:32,0
DA:33,0
DA:34,0
DA:36,0
DA:39,0
DA:41,0
DA:42,0
DA:43,0
DA:44,0
DA:45,0
DA:46,0
DA:47,0
DA:48,0
DA:52,0
DA:56,0
DA:57,0
DA:58,0
DA:59,0
DA:60,0
DA:61,0
DA:63,0
DA:64,0
DA:71,0
DA:72,0
DA:73,0
DA:74,0
DA:82,0
LF:35
LH:0
end_of_record
SF:lib\app\views\services\widgets\service_card.dart
DA:13,0
DA:19,0
DA:21,0
DA:22,0
DA:23,0
DA:25,0
DA:26,0
DA:27,0
DA:28,0
DA:30,0
DA:32,0
DA:33,0
DA:34,0
DA:35,0
DA:36,0
LF:15
LH:0
end_of_record
SF:lib\app\views\service_types\cubit\service_types_state.dart
DA:8,1
DA:14,1
DA:15,1
DA:17,1
DA:24,1
DA:25,1
DA:26,1
DA:27,1
DA:28,1
DA:29,1
DA:33,1
DA:35,6
LF:12
LH:12
end_of_record
SF:lib\app\views\service_types\cubit\service_types_cubit.dart
DA:21,1
DA:23,1
DA:24,1
DA:25,2
DA:30,1
DA:32,1
DA:34,1
DA:38,3
DA:39,0
DA:40,0
DA:42,0
DA:46,1
DA:47,5
DA:51,1
DA:53,3
DA:54,1
DA:55,1
DA:59,3
DA:60,1
DA:61,1
DA:63,1
DA:67,1
DA:69,1
DA:70,3
DA:71,4
DA:72,4
DA:73,3
DA:76,4
DA:77,0
DA:78,0
DA:80,0
DA:84,1
DA:86,4
DA:87,3
DA:88,4
DA:89,1
DA:91,3
DA:94,4
DA:95,0
DA:96,0
DA:98,0
DA:102,1
DA:104,3
DA:105,2
DA:106,3
DA:107,1
DA:109,3
DA:113,0
DA:114,0
DA:116,0
DA:120,1
DA:121,3
DA:122,4
DA:125,1
DA:126,3
DA:129,1
DA:130,6
DA:133,4
DA:134,3
DA:136,4
DA:137,3
DA:139,1
DA:140,4
DA:141,0
DA:142,0
DA:143,0
DA:146,2
DA:147,1
DA:148,1
DA:149,4
DA:150,0
DA:151,0
DA:152,0
DA:157,1
DA:158,3
DA:159,2
DA:160,1
DA:161,0
DA:162,0
LF:79
LH:59
end_of_record
SF:lib\app\views\service_types\pages\service_type_form_page.dart
DA:13,0
DA:15,0
DA:16,0
DA:20,0
DA:22,0
DA:24,0
DA:25,0
DA:26,0
DA:28,0
DA:32,0
DA:33,0
DA:34,0
DA:37,0
DA:38,0
DA:39,0
DA:42,0
DA:43,0
DA:45,0
DA:46,0
DA:47,0
DA:48,0
DA:49,0
DA:51,0
DA:52,0
DA:53,0
DA:54,0
DA:55,0
DA:56,0
DA:57,0
DA:60,0
DA:61,0
DA:62,0
DA:63,0
DA:64,0
DA:65,0
DA:68,0
DA:69,0
LF:37
LH:0
end_of_record
SF:lib\app\views\service_types\pages\service_types_page.dart
DA:12,0
DA:14,0
DA:16,0
DA:18,0
DA:19,0
DA:20,0
DA:21,0
DA:22,0
DA:23,0
DA:24,0
DA:26,0
DA:30,0
DA:31,0
DA:32,0
DA:33,0
DA:34,0
DA:35,0
DA:36,0
DA:37,0
LF:19
LH:0
end_of_record
SF:lib\app\views\service_types\widgets\service_types_content.dart
DA:11,1
DA:13,0
DA:15,0
DA:16,0
DA:17,0
DA:19,0
DA:20,0
DA:21,0
DA:22,0
DA:23,0
DA:24,0
DA:29,0
DA:30,0
DA:37,0
DA:40,0
DA:41,0
DA:42,0
DA:43,0
DA:44,0
DA:45,0
DA:46,0
DA:51,0
LF:22
LH:1
end_of_record
SF:lib\app\views\service_types\widgets\service_type_form_content.dart
DA:14,0
DA:19,0
DA:20,0
DA:31,0
DA:33,0
DA:34,0
DA:35,0
DA:36,0
DA:37,0
DA:38,0
DA:40,0
DA:41,0
DA:42,0
DA:43,0
DA:47,0
DA:50,0
DA:51,0
DA:52,0
DA:56,0
DA:58,0
DA:60,0
DA:61,0
DA:62,0
DA:63,0
DA:64,0
DA:65,0
DA:66,0
DA:67,0
DA:68,0
DA:69,0
DA:71,0
DA:75,0
DA:76,0
DA:77,0
DA:78,0
DA:80,0
DA:81,0
DA:82,0
DA:83,0
DA:84,0
DA:88,0
DA:89,0
DA:90,0
DA:91,0
DA:93,0
DA:94,0
DA:95,0
DA:96,0
DA:97,0
DA:101,0
DA:102,0
DA:103,0
LF:52
LH:0
end_of_record
SF:lib\app\views\service_types\widgets\service_type_card.dart
DA:12,0
DA:18,0
DA:20,0
DA:22,0
DA:23,0
DA:24,0
DA:25,0
DA:27,0
DA:29,0
DA:30,0
DA:31,0
DA:32,0
DA:33,0
DA:36,0
DA:37,0
LF:15
LH:0
end_of_record
