SF:lib\models\service.dart
DA:15,4
DA:25,1
DA:26,6
DA:28,10
DA:30,8
DA:32,1
DA:42,1
DA:43,1
DA:44,1
DA:45,1
DA:46,1
DA:47,1
DA:48,1
DA:49,0
DA:50,1
DA:54,4
DA:56,36
LF:17
LH:16
end_of_record
SF:lib\repositories\services_repository\firebase\firebase_services_repository.dart
DA:11,1
DA:13,1
DA:16,1
DA:19,2
DA:20,1
DA:21,1
DA:23,2
DA:24,4
DA:25,2
DA:26,3
DA:29,1
DA:32,1
DA:33,2
DA:34,1
DA:39,1
DA:42,5
DA:44,1
DA:45,2
DA:46,1
DA:51,1
DA:54,2
DA:55,6
DA:57,1
DA:58,2
DA:59,1
DA:64,1
DA:68,1
DA:69,2
DA:70,1
DA:71,1
DA:74,1
DA:77,1
DA:79,3
DA:80,1
DA:81,3
DA:82,1
DA:86,1
DA:87,2
DA:88,1
DA:93,1
DA:97,4
DA:100,1
DA:103,2
DA:104,1
DA:106,1
DA:107,2
DA:108,1
LF:47
LH:47
end_of_record
SF:lib\repositories\services_repository\firebase\models\firebase_service_model.dart
DA:9,4
DA:20,1
DA:21,1
DA:22,1
DA:23,1
DA:24,1
DA:25,1
DA:26,2
DA:27,1
DA:31,1
DA:32,1
DA:33,1
DA:34,1
DA:35,2
DA:36,2
DA:37,1
DA:38,1
DA:39,1
DA:40,2
DA:41,1
DA:45,0
DA:47,0
DA:48,0
DA:50,1
DA:51,1
DA:52,1
DA:53,1
DA:54,1
DA:55,1
DA:56,1
DA:57,1
DA:58,1
DA:61,4
DA:72,4
DA:73,4
DA:74,4
DA:75,4
DA:76,4
DA:77,4
DA:78,4
DA:79,4
DA:80,4
LF:42
LH:39
end_of_record
SF:lib\shared\errors\errors.dart
DA:5,7
DA:9,7
DA:13,1
LF:3
LH:3
end_of_record
SF:lib\shared\l10n\generated\l10n.dart
DA:16,7
DA:20,7
DA:21,7
DA:28,7
DA:29,7
DA:30,0
DA:31,7
DA:32,7
DA:33,21
DA:34,7
DA:35,7
DA:42,0
DA:43,0
DA:44,0
DA:49,0
DA:50,0
DA:54,0
DA:55,0
DA:59,0
DA:64,0
DA:65,0
DA:69,0
DA:74,0
DA:75,0
DA:79,0
DA:84,0
DA:85,0
DA:89,0
DA:94,0
DA:95,0
DA:99,0
DA:104,0
DA:105,0
DA:109,0
DA:114,0
DA:115,0
DA:119,0
DA:124,0
DA:125,0
DA:129,0
DA:134,0
DA:135,0
DA:139,0
DA:144,0
DA:145,0
DA:149,0
DA:154,0
DA:155,0
DA:159,0
DA:164,0
DA:165,0
DA:169,0
DA:174,0
DA:175,0
DA:179,0
DA:184,0
DA:185,0
DA:189,0
DA:194,0
DA:195,0
DA:199,0
DA:204,0
DA:205,0
DA:209,0
DA:214,0
DA:215,0
DA:219,0
DA:224,0
DA:225,0
DA:229,0
DA:234,0
DA:235,0
DA:239,0
DA:244,0
DA:245,0
DA:249,0
DA:254,0
DA:255,0
DA:259,0
DA:264,0
DA:265,0
DA:269,0
DA:274,0
DA:275,0
DA:276,0
DA:279,0
DA:284,5
DA:285,5
DA:289,5
DA:294,0
DA:295,0
DA:299,0
DA:304,0
DA:305,0
DA:309,0
DA:314,0
DA:315,0
DA:319,0
DA:324,1
DA:325,1
DA:329,1
DA:334,0
DA:335,0
DA:339,0
DA:344,0
DA:345,0
DA:349,0
DA:354,0
DA:355,0
DA:359,0
DA:364,1
DA:365,1
DA:369,1
DA:374,0
DA:375,0
DA:379,0
DA:384,0
DA:385,0
DA:389,0
DA:394,3
DA:395,3
DA:399,3
DA:404,0
DA:405,0
DA:409,0
DA:414,1
DA:415,1
DA:419,1
DA:424,1
DA:425,1
DA:429,1
DA:434,5
DA:435,5
DA:439,5
DA:444,1
DA:445,1
DA:449,1
DA:454,1
DA:455,1
DA:459,1
DA:464,1
DA:465,1
DA:469,1
DA:474,1
DA:475,1
DA:479,1
DA:484,3
DA:485,3
DA:489,3
DA:494,1
DA:495,1
DA:499,1
DA:505,9
DA:507,0
DA:514,0
DA:515,0
DA:516,0
DA:517,0
DA:518,0
DA:521,0
DA:522,0
DA:523,0
LF:162
LH:50
end_of_record
SF:lib\models\app_user.dart
DA:7,7
LF:1
LH:1
end_of_record
SF:lib\models\service_type.dart
DA:12,6
DA:20,1
DA:21,1
DA:22,1
DA:23,1
DA:24,1
DA:25,1
DA:29,1
DA:30,1
DA:31,1
DA:32,1
DA:33,2
DA:34,2
DA:35,1
DA:39,0
DA:41,0
DA:42,0
DA:44,5
DA:51,5
DA:52,3
DA:53,3
DA:54,5
DA:55,5
DA:56,5
DA:60,4
DA:61,24
LF:26
LH:23
end_of_record
SF:lib\shared\extensions\date_time_extensions.dart
DA:2,1
DA:12,1
DA:13,1
DA:14,1
DA:15,1
DA:16,0
DA:17,0
DA:18,0
DA:19,1
DA:20,1
DA:25,1
DA:27,5
DA:33,1
DA:34,8
LF:14
LH:11
end_of_record
SF:lib\shared\extensions\firebase_extensions.dart
DA:7,0
DA:9,0
DA:10,0
DA:11,0
DA:15,0
DA:21,2
DA:23,2
DA:24,4
DA:25,0
DA:29,0
DA:35,1
DA:36,1
DA:37,1
DA:38,1
DA:39,1
DA:40,1
LF:16
LH:9
end_of_record
SF:lib\shared\l10n\generated\intl\messages_all.dart
DA:22,21
DA:23,14
DA:24,0
DA:27,7
DA:29,7
DA:30,7
DA:31,0
DA:32,0
DA:39,7
DA:40,7
DA:41,21
DA:42,0
DA:44,0
DA:46,14
DA:47,7
DA:48,21
DA:49,14
DA:50,7
DA:53,7
DA:55,7
DA:61,7
DA:63,7
DA:65,7
LF:23
LH:18
end_of_record
SF:lib\shared\l10n\generated\intl\messages_en.dart
DA:16,21
DA:21,0
DA:23,0
DA:26,14
DA:27,7
DA:28,7
DA:29,7
DA:30,7
DA:32,7
DA:33,7
DA:34,7
DA:35,7
DA:36,7
DA:38,7
DA:41,7
DA:43,7
DA:45,7
DA:47,7
DA:48,7
DA:51,7
DA:53,7
DA:55,7
DA:56,7
DA:59,7
DA:60,7
DA:62,7
DA:63,7
DA:66,7
DA:67,7
DA:68,7
DA:70,7
DA:72,7
DA:73,7
DA:75,7
DA:76,7
DA:77,7
DA:78,7
DA:79,7
DA:80,7
DA:83,7
DA:84,7
DA:86,7
DA:87,7
DA:89,7
DA:90,7
DA:92,7
DA:94,7
DA:97,7
LF:48
LH:46
end_of_record
SF:lib\shared\l10n\generated\intl\messages_pt.dart
DA:16,0
DA:21,0
DA:23,0
DA:26,0
DA:27,0
DA:28,0
DA:29,0
DA:30,0
DA:32,0
DA:33,0
DA:34,0
DA:35,0
DA:36,0
DA:38,0
DA:40,0
DA:42,0
DA:44,0
DA:46,0
DA:48,0
DA:50,0
DA:53,0
DA:54,0
DA:56,0
DA:59,0
DA:60,0
DA:62,0
DA:64,0
DA:66,0
DA:67,0
DA:68,0
DA:70,0
DA:72,0
DA:73,0
DA:75,0
DA:76,0
DA:77,0
DA:78,0
DA:79,0
DA:80,0
DA:82,0
DA:84,0
DA:85,0
DA:87,0
DA:88,0
DA:90,0
DA:93,0
LF:46
LH:0
end_of_record
SF:lib\repositories\service_type_repository\firebase\firebase_service_type_repository.dart
DA:12,1
DA:15,1
DA:18,1
DA:21,1
DA:22,4
DA:23,2
DA:26,3
DA:27,1
DA:31,1
DA:34,5
DA:36,3
DA:37,1
DA:41,1
DA:44,1
DA:45,2
DA:46,1
DA:47,1
DA:49,3
DA:50,1
DA:51,3
DA:52,1
DA:56,3
DA:57,1
DA:61,1
DA:64,1
DA:65,6
DA:67,3
DA:68,1
LF:28
LH:28
end_of_record
SF:lib\services\auth_service\firebase\firebase_auth_service.dart
DA:13,1
DA:17,0
DA:18,0
DA:19,1
DA:22,1
DA:25,2
DA:33,1
DA:36,1
DA:37,1
DA:38,1
DA:41,2
DA:42,3
DA:44,1
DA:45,1
DA:46,2
DA:48,1
DA:52,1
DA:55,2
DA:56,2
DA:57,1
DA:58,1
DA:59,1
DA:60,2
DA:62,1
DA:66,1
DA:68,5
LF:26
LH:24
end_of_record
SF:lib\services\auth_service\firebase\errors\firebase_sign_in_error.dart
DA:11,4
DA:12,6
DA:16,4
DA:18,4
DA:19,0
DA:20,0
DA:23,4
DA:24,1
DA:25,2
DA:28,4
DA:29,0
DA:30,0
DA:33,4
DA:34,0
DA:35,0
DA:38,4
DA:39,3
DA:40,6
DA:43,1
DA:44,1
DA:45,2
DA:48,0
DA:49,0
DA:50,0
DA:53,0
DA:54,0
DA:55,0
DA:58,0
DA:59,0
DA:60,0
DA:64,0
LF:31
LH:15
end_of_record
SF:lib\services\time_service\time_service.dart
DA:9,2
DA:10,2
DA:12,2
DA:13,2
DA:15,2
DA:17,14
LF:6
LH:6
end_of_record
SF:lib\models\dropdown_item.dart
DA:9,1
DA:12,0
DA:13,0
LF:3
LH:1
end_of_record
SF:lib\shared\utils\base_state.dart
DA:7,4
DA:9,0
DA:15,0
DA:16,0
DA:17,0
DA:18,0
DA:19,0
DA:20,0
DA:21,0
DA:23,0
DA:27,0
DA:31,0
DA:32,0
DA:33,0
LF:14
LH:1
end_of_record
SF:lib\injector_container.dart
DA:12,0
DA:14,0
DA:15,0
DA:17,0
DA:18,0
DA:20,0
DA:21,0
DA:23,0
DA:24,0
LF:9
LH:0
end_of_record
SF:lib\shared\routes\app_routes.dart
DA:8,0
LF:1
LH:0
end_of_record
SF:lib\shared\themes\animations\no_animation_page_transition.dart
DA:4,5
DA:6,0
LF:2
LH:1
end_of_record
SF:lib\shared\themes\extensions\theme_extension.dart
DA:4,0
DA:5,0
DA:6,0
DA:8,0
DA:9,0
DA:10,0
LF:6
LH:0
end_of_record
SF:lib\shared\themes\extensions\typography_extension.dart
DA:5,0
DA:6,0
DA:7,0
DA:9,0
DA:10,0
DA:12,0
DA:13,0
DA:15,0
DA:16,0
DA:18,0
DA:19,0
DA:21,0
DA:22,0
DA:24,0
DA:25,0
DA:27,0
DA:28,0
DA:30,0
DA:31,0
DA:33,0
DA:34,0
DA:36,0
DA:37,0
DA:39,0
DA:40,0
DA:42,0
DA:43,0
DA:45,0
DA:46,0
DA:48,0
DA:49,0
DA:51,0
DA:52,0
LF:33
LH:0
end_of_record
SF:lib\shared\themes\settings\custom_color.dart
DA:6,0
DA:16,0
DA:17,0
LF:3
LH:0
end_of_record
SF:lib\shared\themes\settings\theme_provider.dart
DA:10,0
DA:16,0
DA:32,0
DA:33,0
DA:36,0
DA:38,0
DA:39,0
DA:40,0
DA:42,0
DA:43,0
DA:44,0
DA:45,0
DA:46,0
DA:47,0
DA:48,0
DA:49,0
DA:50,0
DA:51,0
DA:56,0
DA:58,0
DA:59,0
DA:60,0
DA:62,0
DA:63,0
DA:64,0
DA:65,0
DA:66,0
DA:67,0
DA:68,0
DA:69,0
DA:70,0
DA:71,0
DA:76,0
DA:77,0
DA:78,0
DA:79,0
DA:80,0
DA:81,0
DA:86,0
DA:87,0
DA:89,0
DA:94,0
DA:95,0
DA:96,0
DA:99,0
DA:100,0
DA:101,0
DA:103,0
DA:107,0
DA:108,0
DA:110,0
DA:115,0
DA:116,0
DA:117,0
DA:118,0
DA:122,0
DA:123,0
DA:125,0
DA:126,0
DA:130,0
DA:131,0
DA:132,0
DA:133,0
DA:134,0
DA:135,0
DA:136,0
DA:137,0
DA:145,0
DA:146,0
DA:147,0
DA:152,0
DA:153,0
DA:155,0
DA:156,0
DA:157,0
DA:163,0
DA:167,0
DA:168,0
DA:169,0
DA:173,0
DA:185,0
DA:187,0
DA:188,0
DA:189,0
DA:190,0
DA:193,0
DA:194,0
DA:197,0
DA:199,0
LF:89
LH:0
end_of_record
SF:lib\shared\themes\settings\theme_settings.dart
DA:4,0
DA:13,0
LF:2
LH:0
end_of_record
SF:lib\shared\utils\base_cubit.dart
DA:8,4
DA:9,12
DA:10,4
DA:15,4
DA:16,12
DA:17,8
LF:6
LH:6
end_of_record
SF:lib\shared\utils\form_validator.dart
DA:4,0
DA:5,0
DA:11,0
DA:12,0
DA:21,0
DA:25,0
DA:32,0
DA:33,0
DA:34,0
DA:39,0
DA:40,0
DA:42,0
LF:12
LH:0
end_of_record
SF:lib\shared\utils\service_helper.dart
DA:6,0
DA:10,0
DA:11,0
DA:12,0
DA:15,0
DA:16,0
DA:19,2
DA:21,2
DA:22,4
DA:23,4
DA:28,2
DA:30,2
DA:31,10
DA:34,0
DA:36,0
DA:37,0
DA:38,0
DA:39,0
DA:40,0
DA:41,0
DA:44,0
DA:47,2
DA:49,2
DA:50,0
DA:52,2
DA:53,10
DA:55,2
DA:56,14
DA:58,0
DA:59,0
DA:61,0
DA:62,0
DA:64,0
DA:65,0
LF:34
LH:13
end_of_record
SF:lib\shared\widgets\custom_date_picker\custom_date_picker.dart
DA:14,0
DA:22,0
DA:23,0
DA:25,0
DA:27,0
DA:29,0
DA:33,0
DA:34,0
DA:36,0
DA:38,0
DA:39,0
DA:42,0
DA:43,0
DA:44,0
DA:45,0
DA:47,0
LF:16
LH:0
end_of_record
SF:lib\shared\widgets\custom_text_form_field\custom_text_form_field.dart
DA:21,0
DA:36,0
DA:38,0
DA:40,0
DA:41,0
DA:42,0
DA:43,0
DA:44,0
DA:46,0
DA:47,0
DA:48,0
DA:49,0
DA:50,0
DA:51,0
DA:52,0
DA:53,0
DA:55,0
DA:56,0
DA:57,0
DA:59,0
DA:61,0
DA:62,0
DA:64,0
LF:23
LH:0
end_of_record
SF:lib\shared\widgets\custom_date_range_picker\custom_date_range_picker.dart
DA:13,0
DA:22,0
DA:24,0
DA:26,0
DA:30,0
DA:33,0
DA:35,0
DA:36,0
DA:38,0
DA:39,0
DA:40,0
DA:42,0
DA:43,0
DA:44,0
LF:14
LH:0
end_of_record
SF:lib\shared\widgets\custom_dropdown\custom_dropdown_widget.dart
DA:16,0
DA:26,0
DA:28,0
DA:30,0
DA:31,0
DA:32,0
DA:33,0
DA:34,0
DA:35,0
DA:37,0
DA:38,0
DA:41,0
DA:42,0
DA:43,0
DA:45,0
DA:47,0
DA:59,0
DA:61,0
DA:63,0
DA:65,0
DA:66,0
DA:67,0
DA:75,0
DA:77,0
DA:78,0
DA:79,0
DA:81,0
DA:82,0
DA:83,0
DA:93,0
DA:95,0
DA:97,0
DA:98,0
DA:104,5
DA:106,0
DA:108,0
DA:110,0
DA:112,0
DA:121,0
DA:123,0
DA:124,0
DA:125,0
DA:126,0
DA:129,0
DA:130,0
LF:45
LH:1
end_of_record
SF:lib\shared\widgets\custom_elevated_button\custom_elevated_button.dart
DA:12,0
DA:20,0
DA:22,0
DA:24,0
DA:25,0
DA:26,0
DA:27,0
DA:28,0
DA:29,0
DA:30,0
DA:31,0
DA:33,0
DA:34,0
DA:37,0
LF:14
LH:0
end_of_record
SF:lib\shared\widgets\custom_slidable\custom_slidable.dart
DA:12,0
DA:19,0
DA:21,0
DA:23,0
DA:25,0
DA:26,0
DA:28,0
DA:29,0
DA:30,0
DA:31,0
DA:32,0
DA:33,0
DA:40,0
DA:41,0
DA:43,0
DA:44,0
DA:45,0
DA:46,0
DA:47,0
DA:48,0
DA:55,0
LF:21
LH:0
end_of_record
SF:lib\shared\widgets\custom_snack_bar\custom_snack_bar.dart
DA:5,0
DA:11,0
DA:12,0
DA:13,0
DA:14,0
DA:15,0
DA:17,0
DA:18,0
DA:20,0
DA:22,0
LF:10
LH:0
end_of_record
SF:lib\shared\widgets\order_by_bottom_sheet\order_by_bottom_sheet.dart
DA:7,0
DA:17,0
DA:19,0
DA:21,0
DA:22,0
DA:24,0
DA:26,0
DA:28,0
DA:29,0
DA:30,0
DA:31,0
DA:32,0
DA:33,0
LF:13
LH:0
end_of_record
SF:lib\shared\widgets\selectable_tag\selectable_tag.dart
DA:9,0
DA:14,0
DA:16,0
DA:18,0
DA:19,0
DA:20,0
DA:21,0
DA:22,0
DA:23,0
DA:24,0
DA:25,0
DA:26,0
DA:27,0
DA:28,0
DA:29,0
DA:30,0
DA:32,0
LF:17
LH:0
end_of_record
SF:lib\shared\widgets\service_card\service_card.dart
DA:13,0
DA:20,0
DA:22,0
DA:25,0
DA:26,0
DA:27,0
DA:29,0
DA:31,0
DA:32,0
DA:33,0
DA:34,0
DA:37,0
DA:38,0
DA:39,0
DA:41,0
DA:42,0
DA:43,0
DA:44,0
DA:45,0
DA:46,0
DA:47,0
LF:21
LH:0
end_of_record
SF:lib\shared\widgets\service_list\service_list.dart
DA:18,0
DA:30,0
DA:32,0
DA:33,0
DA:34,0
DA:35,0
DA:37,0
DA:38,0
DA:40,0
DA:43,0
DA:45,0
DA:48,0
DA:50,0
DA:56,0
DA:58,0
DA:59,0
DA:60,0
DA:61,0
DA:62,0
DA:68,0
DA:69,0
DA:72,0
DA:73,0
DA:74,0
DA:75,0
DA:76,0
DA:77,0
DA:79,0
LF:28
LH:0
end_of_record
SF:lib\shared\widgets\service_list_total_card\service_list_total_card.dart
DA:9,0
DA:15,0
DA:17,0
DA:18,0
DA:19,0
DA:20,0
DA:21,0
DA:24,0
DA:25,0
DA:26,0
LF:10
LH:0
end_of_record
SF:lib\shared\widgets\social_login_button\social_login_button_widget.dart
DA:7,0
DA:9,0
DA:11,0
DA:12,0
DA:13,0
DA:14,0
DA:15,0
DA:17,0
DA:18,0
DA:20,0
DA:22,0
DA:25,0
DA:27,0
LF:13
LH:0
end_of_record
SF:lib\views\add_services\pages\add_services_page.dart
DA:16,5
DA:18,0
DA:19,0
DA:23,0
DA:25,0
DA:26,0
DA:29,0
DA:31,0
DA:34,0
DA:35,0
DA:36,0
DA:40,0
DA:41,0
DA:42,0
DA:43,0
DA:44,0
DA:45,0
DA:46,0
DA:47,0
DA:48,0
DA:49,0
DA:50,0
DA:51,0
DA:53,0
DA:58,0
DA:59,0
DA:60,0
DA:61,0
DA:62,0
DA:63,0
DA:66,0
DA:79,0
DA:81,0
DA:83,0
DA:85,0
DA:86,0
DA:87,0
DA:89,0
DA:93,0
DA:95,0
DA:97,0
DA:99,0
DA:107,5
DA:109,0
DA:111,0
DA:113,0
DA:114,0
DA:116,0
DA:120,0
DA:121,0
DA:122,0
DA:123,0
LF:52
LH:2
end_of_record
SF:lib\views\add_services\cubit\add_services_cubit.dart
DA:23,1
DA:27,2
DA:28,2
DA:30,1
DA:32,1
DA:35,1
DA:37,3
DA:38,1
DA:39,1
DA:41,1
DA:45,1
DA:46,5
DA:50,1
DA:52,1
DA:53,3
DA:54,6
DA:55,3
DA:58,4
DA:59,0
DA:60,0
DA:62,0
DA:66,1
DA:68,1
DA:69,3
DA:70,4
DA:71,3
DA:74,4
DA:75,0
DA:76,0
DA:78,0
DA:82,1
DA:83,3
DA:86,1
DA:87,6
DA:90,1
DA:91,2
DA:92,2
DA:93,1
DA:94,2
DA:95,3
DA:96,1
DA:104,1
DA:106,6
DA:107,1
DA:110,1
DA:112,6
DA:113,1
DA:116,1
DA:117,1
DA:118,6
DA:121,1
DA:122,1
DA:123,3
DA:126,1
DA:127,1
DA:128,3
DA:129,3
DA:132,1
DA:133,6
DA:136,1
DA:137,4
DA:138,0
LF:62
LH:55
end_of_record
SF:lib\views\add_services\cubit\add_services_state.dart
DA:9,0
DA:10,0
DA:11,0
DA:12,0
DA:13,0
DA:18,0
DA:19,0
DA:22,0
DA:27,1
DA:34,1
DA:35,1
DA:38,1
DA:46,1
DA:47,1
DA:48,1
DA:49,1
DA:50,1
DA:51,1
DA:52,1
DA:56,1
DA:58,7
LF:21
LH:13
end_of_record
SF:lib\views\home\cubit\home_state.dart
DA:7,1
DA:8,5
DA:11,1
DA:12,5
DA:15,1
DA:16,5
DA:19,1
DA:26,1
DA:28,1
DA:35,1
DA:36,1
DA:37,1
DA:38,1
DA:39,1
DA:43,1
DA:45,5
LF:16
LH:16
end_of_record
SF:lib\views\home\cubit\home_cubit.dart
DA:22,1
DA:26,2
DA:28,1
DA:31,4
DA:33,2
DA:34,1
DA:35,1
DA:37,1
DA:41,1
DA:42,5
DA:46,1
DA:47,1
DA:48,4
DA:49,2
DA:50,3
DA:56,1
DA:58,3
DA:59,1
DA:60,1
DA:61,0
DA:62,0
DA:64,0
DA:68,1
DA:70,1
DA:71,1
DA:72,3
DA:74,1
DA:78,3
DA:79,0
DA:80,0
DA:82,0
DA:86,1
DA:88,3
DA:89,3
DA:90,1
DA:92,1
DA:94,3
DA:95,0
DA:96,0
DA:98,0
DA:102,1
DA:103,3
DA:104,3
DA:107,1
DA:109,3
DA:110,1
DA:111,1
DA:112,1
DA:113,1
DA:115,0
DA:119,1
DA:121,3
DA:122,2
DA:123,1
DA:124,1
DA:126,1
LF:56
LH:46
end_of_record
SF:lib\views\add_services\widgets\add_services_form.dart
DA:16,0
DA:19,0
DA:20,0
DA:39,0
DA:41,0
DA:42,0
DA:43,0
DA:44,0
DA:45,0
DA:46,0
DA:49,0
DA:50,0
DA:51,0
DA:55,0
DA:57,0
DA:58,0
DA:59,0
DA:61,0
DA:63,0
DA:64,0
DA:65,0
DA:66,0
DA:67,0
DA:70,0
DA:72,0
DA:73,0
DA:75,0
DA:77,0
DA:78,0
DA:80,0
DA:82,0
DA:83,0
DA:84,0
DA:97,0
DA:102,0
DA:104,0
DA:107,0
DA:109,0
DA:110,0
DA:113,0
DA:114,0
DA:115,0
DA:117,0
DA:118,0
DA:119,0
DA:120,0
DA:123,0
DA:132,0
DA:134,0
DA:136,0
DA:139,0
DA:141,0
DA:142,0
DA:143,0
DA:144,0
DA:147,0
DA:148,0
DA:157,0
DA:159,0
DA:161,0
DA:164,0
DA:166,0
DA:167,0
DA:168,0
DA:169,0
DA:172,0
DA:173,0
DA:182,0
DA:186,0
DA:188,0
DA:191,0
DA:193,0
DA:195,0
DA:196,0
DA:197,0
DA:198,0
DA:199,0
DA:200,0
DA:202,0
DA:210,0
DA:212,0
DA:214,0
DA:217,0
DA:219,0
DA:220,0
DA:221,0
DA:222,0
DA:225,0
DA:226,0
DA:234,0
DA:236,0
DA:238,0
DA:240,0
DA:241,0
DA:243,0
DA:244,0
LF:96
LH:0
end_of_record
SF:lib\views\app\widgets\app_widget.dart
DA:24,0
DA:26,0
DA:27,0
DA:31,0
DA:33,0
DA:34,0
DA:35,0
DA:36,0
DA:37,0
DA:38,0
DA:39,0
DA:40,0
DA:41,0
DA:42,0
DA:43,0
DA:46,0
DA:47,0
DA:48,0
DA:49,0
DA:50,0
DA:54,0
DA:55,0
DA:56,0
DA:57,0
DA:58,0
DA:62,0
DA:63,0
DA:64,0
DA:65,0
DA:66,0
DA:67,0
DA:72,0
DA:75,0
DA:76,0
DA:77,0
DA:78,0
DA:79,0
DA:82,0
DA:83,0
DA:84,0
DA:91,0
DA:92,0
DA:93,0
DA:94,0
DA:95,0
DA:96,0
DA:98,0
LF:47
LH:0
end_of_record
SF:lib\views\app\widgets\app_scaffold.dart
DA:14,5
DA:16,0
DA:17,0
DA:23,0
DA:25,0
DA:26,0
DA:27,0
DA:30,0
DA:31,0
DA:33,0
DA:38,0
DA:40,0
DA:41,0
DA:44,0
DA:46,0
DA:47,0
DA:48,0
DA:49,0
DA:53,0
DA:54,0
DA:55,0
DA:56,0
LF:22
LH:1
end_of_record
SF:lib\views\app\cubit\app_cubit.dart
DA:8,2
DA:10,2
DA:12,1
DA:13,4
LF:4
LH:4
end_of_record
SF:lib\views\app\widgets\app_bottom_navigation.dart
DA:6,0
DA:10,0
DA:12,0
DA:14,0
DA:34,0
DA:35,0
DA:36,0
LF:7
LH:0
end_of_record
SF:lib\views\home\pages\home_page.dart
DA:19,5
DA:21,0
DA:22,0
DA:26,0
DA:28,0
DA:29,0
DA:30,0
DA:33,0
DA:35,0
DA:36,0
DA:37,0
DA:39,0
DA:40,0
DA:43,0
DA:44,0
DA:45,0
DA:47,0
DA:48,0
DA:49,0
DA:50,0
DA:56,0
DA:57,0
DA:58,0
DA:64,0
DA:65,0
DA:66,0
DA:67,0
DA:69,0
DA:70,0
DA:71,0
DA:72,0
DA:73,0
DA:74,0
DA:76,0
DA:81,0
DA:82,0
DA:83,0
DA:84,0
DA:85,0
DA:86,0
DA:89,0
DA:103,0
DA:106,0
DA:108,0
DA:110,0
DA:111,0
DA:112,0
DA:113,0
DA:116,0
DA:117,0
DA:118,0
DA:121,0
DA:123,0
DA:124,0
DA:125,0
DA:126,0
DA:127,0
DA:128,0
DA:129,0
DA:139,5
DA:141,0
DA:143,0
DA:144,0
DA:145,0
DA:146,0
DA:147,0
DA:151,0
DA:152,0
LF:68
LH:2
end_of_record
SF:lib\views\calendar\cubit\calendar_state.dart
DA:10,1
DA:11,5
DA:14,1
DA:15,5
DA:18,1
DA:19,5
DA:22,1
DA:30,1
DA:34,1
DA:44,1
DA:45,1
DA:46,1
DA:47,1
DA:48,1
DA:49,1
DA:50,1
DA:51,1
DA:55,1
DA:56,1
DA:57,1
DA:58,1
DA:59,1
DA:60,1
DA:61,1
DA:62,1
DA:63,1
LF:26
LH:26
end_of_record
SF:lib\views\calendar\cubit\calendar_cubit.dart
DA:25,1
DA:30,2
DA:32,1
DA:33,1
DA:36,1
DA:38,3
DA:40,3
DA:41,1
DA:42,1
DA:43,1
DA:45,0
DA:49,1
DA:50,2
DA:54,1
DA:55,0
DA:56,0
DA:58,1
DA:59,2
DA:60,3
DA:61,3
DA:63,0
DA:64,0
DA:67,1
DA:68,0
DA:69,0
DA:76,1
DA:77,1
DA:78,1
DA:82,1
DA:84,2
DA:85,3
DA:89,1
DA:91,1
DA:92,1
DA:93,3
DA:95,1
DA:98,3
DA:99,1
DA:100,1
DA:102,1
DA:106,1
DA:107,5
DA:111,1
DA:113,3
DA:114,3
DA:116,3
DA:117,1
DA:118,0
DA:119,0
DA:121,0
DA:125,1
DA:127,3
DA:128,3
DA:129,5
DA:131,1
DA:133,3
DA:134,0
DA:135,0
DA:137,0
DA:141,1
DA:143,3
DA:149,1
DA:150,1
DA:151,0
DA:152,0
DA:154,0
DA:158,1
DA:160,3
DA:162,1
DA:164,3
DA:167,1
DA:168,1
DA:171,3
DA:172,1
DA:173,0
DA:174,0
DA:176,0
DA:180,1
DA:181,3
DA:182,3
DA:185,1
DA:187,3
DA:188,5
DA:189,1
DA:190,0
DA:191,0
DA:193,0
DA:197,1
DA:199,3
DA:200,2
DA:201,1
DA:202,1
DA:204,1
LF:93
LH:71
end_of_record
SF:lib\views\calendar\pages\calendar_page.dart
DA:22,5
DA:24,0
DA:25,0
DA:33,0
DA:35,0
DA:36,0
DA:37,0
DA:38,0
DA:39,0
DA:42,0
DA:44,0
DA:45,0
DA:46,0
DA:48,0
DA:50,0
DA:51,0
DA:55,0
DA:56,0
DA:57,0
DA:58,0
DA:64,0
DA:65,0
DA:66,0
DA:67,0
DA:69,0
DA:70,0
DA:71,0
DA:72,0
DA:73,0
DA:74,0
DA:76,0
DA:81,0
DA:82,0
DA:83,0
DA:84,0
DA:86,0
DA:87,0
DA:89,0
DA:90,0
DA:93,0
DA:94,0
DA:95,0
DA:113,0
DA:118,0
DA:120,0
DA:121,0
DA:122,0
DA:123,0
DA:126,0
DA:127,0
DA:128,0
DA:131,0
DA:133,0
DA:134,0
DA:135,0
DA:137,0
DA:138,0
DA:139,0
DA:140,0
DA:141,0
DA:144,0
DA:155,0
DA:157,0
DA:159,0
DA:160,0
DA:161,0
DA:162,0
DA:164,0
DA:168,0
DA:169,0
DA:180,0
DA:184,0
DA:186,0
DA:188,0
DA:190,0
DA:191,0
DA:192,0
DA:193,0
DA:196,0
DA:197,0
DA:198,0
DA:200,0
DA:201,0
DA:202,0
DA:203,0
DA:204,0
DA:205,0
DA:206,0
DA:207,0
DA:208,0
DA:209,0
DA:210,0
DA:214,0
DA:215,0
DA:217,0
DA:218,0
DA:219,0
DA:220,0
DA:229,0
DA:231,0
DA:232,0
DA:233,0
DA:235,0
DA:237,0
DA:238,0
DA:240,0
DA:242,0
DA:243,0
DA:246,0
DA:248,0
DA:249,0
DA:251,0
LF:112
LH:1
end_of_record
SF:lib\views\login\pages\login_page.dart
DA:11,5
DA:13,0
DA:14,0
DA:18,0
DA:19,0
DA:20,0
DA:21,0
DA:22,0
DA:26,0
DA:28,0
DA:29,0
DA:30,0
DA:31,0
DA:32,0
DA:33,0
DA:34,0
DA:35,0
DA:36,0
DA:37,0
DA:38,0
DA:39,0
DA:41,0
DA:45,0
DA:46,0
DA:48,0
DA:52,0
DA:53,0
DA:56,0
DA:61,0
DA:65,0
DA:66,0
DA:67,0
DA:70,0
DA:71,0
LF:34
LH:1
end_of_record
SF:lib\views\settings\cubit\settings_state.dart
DA:8,1
DA:14,1
DA:15,1
DA:17,1
DA:24,1
DA:25,1
DA:26,1
DA:27,1
DA:28,1
DA:29,1
DA:33,1
DA:35,6
LF:12
LH:12
end_of_record
SF:lib\views\settings\cubit\settings_cubit.dart
DA:20,1
DA:22,1
DA:23,1
DA:24,2
DA:29,1
DA:31,1
DA:34,1
DA:36,3
DA:37,0
DA:38,0
DA:40,0
DA:44,1
DA:45,5
DA:49,1
DA:51,3
DA:52,1
DA:54,1
DA:56,3
DA:57,1
DA:58,1
DA:60,1
DA:64,1
DA:66,1
DA:67,3
DA:68,4
DA:69,3
DA:70,1
DA:71,3
DA:74,4
DA:75,0
DA:76,0
DA:78,0
DA:82,1
DA:84,1
DA:85,3
DA:86,4
DA:87,1
DA:89,3
DA:92,4
DA:93,0
DA:94,0
DA:96,0
DA:100,1
DA:102,3
DA:103,2
DA:104,3
DA:105,1
DA:107,3
DA:111,0
DA:112,0
DA:114,0
DA:118,1
DA:119,3
DA:120,4
DA:123,1
DA:124,3
DA:127,1
DA:128,6
DA:131,1
DA:132,1
DA:133,3
DA:134,3
DA:137,1
DA:138,1
DA:139,3
DA:140,3
DA:143,1
DA:144,4
DA:145,0
DA:148,2
DA:149,1
DA:150,4
DA:151,0
DA:156,1
DA:157,3
DA:158,2
DA:159,1
DA:160,0
DA:167,1
DA:169,3
DA:170,2
DA:171,1
DA:172,1
DA:174,1
LF:84
LH:69
end_of_record
SF:lib\views\settings\pages\add_service_type_page.dart
DA:8,5
DA:10,0
DA:11,0
DA:15,0
DA:17,0
DA:18,0
DA:19,0
DA:21,0
DA:25,0
DA:26,0
DA:27,0
DA:30,0
DA:31,0
DA:32,0
DA:33,0
DA:34,0
DA:35,0
DA:36,0
DA:37,0
DA:38,0
DA:41,0
DA:42,0
DA:44,0
DA:45,0
DA:47,0
DA:48,0
DA:49,0
DA:50,0
DA:51,0
DA:54,0
DA:56,0
LF:31
LH:1
end_of_record
SF:lib\views\settings\pages\settings_page.dart
DA:12,5
DA:14,0
DA:15,0
DA:19,0
DA:21,0
DA:22,0
DA:25,0
DA:27,0
DA:28,0
DA:29,0
DA:31,0
DA:32,0
DA:36,0
DA:37,0
DA:38,0
DA:39,0
DA:41,0
DA:42,0
DA:43,0
DA:44,0
DA:45,0
DA:46,0
DA:48,0
DA:53,0
DA:54,0
DA:55,0
DA:56,0
DA:57,0
DA:58,0
DA:59,0
DA:60,0
DA:63,0
DA:77,0
DA:79,0
DA:81,0
DA:83,0
DA:84,0
DA:86,0
DA:87,0
DA:88,0
DA:89,0
DA:90,0
DA:96,0
DA:97,0
DA:100,0
DA:101,0
DA:102,0
DA:103,0
DA:104,0
DA:105,0
DA:107,0
DA:108,0
DA:110,0
DA:114,0
DA:115,0
DA:116,0
DA:127,5
DA:129,0
DA:131,0
DA:132,0
DA:133,0
DA:134,0
DA:136,0
DA:137,0
LF:64
LH:2
end_of_record
SF:lib\views\settings\widgets\add_service_type_form.dart
DA:11,0
DA:14,0
DA:15,0
DA:24,0
DA:25,0
DA:26,0
DA:30,0
DA:32,0
DA:33,0
DA:34,0
DA:36,0
DA:38,0
DA:39,0
DA:41,0
DA:43,0
DA:45,0
DA:46,0
DA:47,0
DA:58,0
DA:60,0
DA:63,0
DA:65,0
DA:66,0
DA:68,0
DA:69,0
DA:70,0
DA:77,0
DA:78,0
DA:80,0
DA:83,0
DA:85,0
DA:86,0
DA:89,0
DA:90,0
DA:91,0
DA:98,0
DA:99,0
DA:101,0
DA:104,0
DA:106,0
DA:107,0
DA:110,0
DA:111,0
DA:112,0
LF:44
LH:0
end_of_record
SF:lib\views\settings\widgets\service_type_card.dart
DA:12,0
DA:19,0
DA:21,0
DA:24,0
DA:25,0
DA:26,0
DA:28,0
DA:30,0
DA:31,0
DA:32,0
DA:33,0
DA:36,0
LF:12
LH:0
end_of_record
SF:lib\views\splash\pages\splash_page.dart
DA:12,5
DA:14,0
DA:15,0
DA:21,0
DA:23,0
DA:24,0
DA:27,0
DA:28,0
DA:29,0
DA:31,0
DA:32,0
DA:33,0
DA:35,0
DA:40,0
DA:42,0
DA:43,0
DA:46,0
DA:48,0
DA:49,0
DA:51,0
DA:52,0
DA:53,0
DA:55,0
DA:59,0
DA:60,0
DA:62,0
LF:26
LH:1
end_of_record
